#
# There is insufficient memory for the Java Runtime Environment to continue.
# Native memory allocation (malloc) failed to allocate 32744 bytes for ChunkPool::allocate
# Possible reasons:
#   The system is out of physical RAM or swap space
#   The process is running with CompressedOops enabled, and the Java Heap may be blocking the growth of the native heap
# Possible solutions:
#   Reduce memory load on the system
#   Increase physical memory or swap space
#   Check if swap backing store is full
#   Decrease Java heap size (-Xmx/-Xms)
#   Decrease number of Java threads
#   Decrease Java thread stack sizes (-Xss)
#   Set larger code cache with -XX:ReservedCodeCacheSize=
#   JVM is running with Zero Based Compressed Oops mode in which the Java heap is
#     placed in the first 32GB address space. The Java Heap base address is the
#     maximum limit for the native heap growth. Please use -XX:HeapBaseMinAddress
#     to set the Java Heap base and to place the Java Heap above 32GB virtual address.
# This output file may be truncated or incomplete.
#
#  Out of Memory Error (./open/src/hotspot/share/memory/arena.cpp:79), pid=22092, tid=31232
#
# JRE version: OpenJDK Runtime Environment (15.0.2+7) (build 15.0.2+7-27)
# Java VM: OpenJDK 64-Bit Server VM (15.0.2+7-27, mixed mode, tiered, compressed oops, g1 gc, windows-amd64)
# No core dump will be written. Minidumps are not enabled by default on client versions of Windows
#

---------------  S U M M A R Y ------------

Command Line: -Dfile.encoding=Cp1252 -XX:+ShowCodeDetailsInExceptionMessages MainClass

Host: Intel(R) Core(TM) i7-10750H CPU @ 2.60GHz, 12 cores, 15G,  Windows 10 , 64 bit Build 19041 (10.0.19041.928)
Time: Mon Jun  7 13:19:59 2021 GMT Daylight Time elapsed time: 0.560908 seconds (0d 0h 0m 0s)

---------------  T H R E A D  ---------------

Current thread (0x00000275fa776930):  JavaThread "C1 CompilerThread0" daemon [_thread_in_native, id=31232, stack(0x000000811e100000,0x000000811e200000)]


Current CompileTask:
C1:    560  796       3       javax.swing.UIDefaults$TextAndMnemonicHashMap::get (358 bytes)

Stack: [0x000000811e100000,0x000000811e200000]
Native frames: (J=compiled Java code, j=interpreted, Vv=VM code, C=native code)
V  [jvm.dll+0x62ae9a]
V  [jvm.dll+0x7817a9]
V  [jvm.dll+0x782f03]
V  [jvm.dll+0x783563]
V  [jvm.dll+0x216325]
V  [jvm.dll+0x982cf]
V  [jvm.dll+0x9861c]
V  [jvm.dll+0x150d0a]
V  [jvm.dll+0x152456]
V  [jvm.dll+0x1562af]
V  [jvm.dll+0x110065]
V  [jvm.dll+0x10f91f]
V  [jvm.dll+0x10fb54]
V  [jvm.dll+0x10ee92]
V  [jvm.dll+0x110d2c]
V  [jvm.dll+0x1f9225]
V  [jvm.dll+0x1f72cc]
V  [jvm.dll+0x74495d]
V  [jvm.dll+0x73d75a]
V  [jvm.dll+0x629c56]
C  [ucrtbase.dll+0x21bb2]
C  [KERNEL32.DLL+0x17034]
C  [ntdll.dll+0x52651]


---------------  P R O C E S S  ---------------

Threads class SMR info:
_java_thread_list=0x00000275fb4b8830, length=17, elements={
0x00000275d8bd1ab0, 0x00000275fa74b010, 0x00000275fa74b9d0, 0x00000275fa770bc0,
0x00000275fa771480, 0x00000275fa771e40, 0x00000275fa772b30, 0x00000275fa776930,
0x00000275fa777230, 0x00000275fa908520, 0x00000275fa9296e0, 0x00000275fae57f80,
0x00000275faead020, 0x00000275fae7e9c0, 0x00000275fb2f5d80, 0x00000275fb517470,
0x00000275fecec1b0
}

Java Threads: ( => current thread )
  0x00000275d8bd1ab0 JavaThread "main" [_thread_in_vm, id=21688, stack(0x000000811d400000,0x000000811d500000)]
  0x00000275fa74b010 JavaThread "Reference Handler" daemon [_thread_blocked, id=23648, stack(0x000000811db00000,0x000000811dc00000)]
  0x00000275fa74b9d0 JavaThread "Finalizer" daemon [_thread_blocked, id=24248, stack(0x000000811dc00000,0x000000811dd00000)]
  0x00000275fa770bc0 JavaThread "Signal Dispatcher" daemon [_thread_blocked, id=21420, stack(0x000000811dd00000,0x000000811de00000)]
  0x00000275fa771480 JavaThread "Attach Listener" daemon [_thread_blocked, id=31980, stack(0x000000811de00000,0x000000811df00000)]
  0x00000275fa771e40 JavaThread "Service Thread" daemon [_thread_blocked, id=10384, stack(0x000000811df00000,0x000000811e000000)]
  0x00000275fa772b30 JavaThread "C2 CompilerThread0" daemon [_thread_in_native, id=29476, stack(0x000000811e000000,0x000000811e100000)]
=>0x00000275fa776930 JavaThread "C1 CompilerThread0" daemon [_thread_in_native, id=31232, stack(0x000000811e100000,0x000000811e200000)]
  0x00000275fa777230 JavaThread "Sweeper thread" daemon [_thread_blocked, id=11580, stack(0x000000811e200000,0x000000811e300000)]
  0x00000275fa908520 JavaThread "Notification Thread" daemon [_thread_blocked, id=31156, stack(0x000000811e300000,0x000000811e400000)]
  0x00000275fa9296e0 JavaThread "Common-Cleaner" daemon [_thread_blocked, id=26332, stack(0x000000811e500000,0x000000811e600000)]
  0x00000275fae57f80 JavaThread "Java2D Disposer" daemon [_thread_blocked, id=31160, stack(0x000000811e600000,0x000000811e700000)]
  0x00000275faead020 JavaThread "AWT-Shutdown" [_thread_blocked, id=28276, stack(0x000000811e700000,0x000000811e800000)]
  0x00000275fae7e9c0 JavaThread "AWT-Windows" daemon [_thread_in_native, id=29324, stack(0x000000811e800000,0x000000811e900000)]
  0x00000275fb2f5d80 JavaThread "AWT-EventQueue-0" [_thread_in_native, id=31044, stack(0x000000811eb00000,0x000000811ec00000)]
  0x00000275fb517470 JavaThread "Image Fetcher 0" daemon [_thread_blocked, id=1176, stack(0x000000811ef00000,0x000000811f000000)]
  0x00000275fecec1b0 JavaThread "TimerQueue" daemon [_thread_blocked, id=18576, stack(0x000000811f000000,0x000000811f100000)]

Other Threads:
  0x00000275fa713fb0 VMThread "VM Thread" [stack: 0x000000811da00000,0x000000811db00000] [id=23808]
  0x00000275fa909610 WatcherThread [stack: 0x000000811e400000,0x000000811e500000] [id=32100]
  0x00000275d8c21910 GCTaskThread "GC Thread#0" [stack: 0x000000811d500000,0x000000811d600000] [id=25060]
  0x00000275d8c33120 ConcurrentGCThread "G1 Main Marker" [stack: 0x000000811d600000,0x000000811d700000] [id=3376]
  0x00000275d8c35c40 ConcurrentGCThread "G1 Conc#0" [stack: 0x000000811d700000,0x000000811d800000] [id=30984]
  0x00000275d8cae720 ConcurrentGCThread "G1 Refine#0" [stack: 0x000000811d800000,0x000000811d900000] [id=30740]
  0x00000275f9d3a100 ConcurrentGCThread "G1 Young RemSet Sampling" [stack: 0x000000811d900000,0x000000811da00000] [id=31516]

Threads with active compile tasks:
C2 CompilerThread0      576  811       4       jdk.internal.org.objectweb.asm.SymbolTable::put (150 bytes)
C1 CompilerThread0      576  796       3       javax.swing.UIDefaults$TextAndMnemonicHashMap::get (358 bytes)

VM state: not at safepoint (normal execution)

VM Mutex/Monitor currently owned by a thread: None

Heap address: 0x0000000701600000, size: 4074 MB, Compressed Oops mode: Zero based, Oop shift amount: 3
CDS disabled.
Compressed class space mapped at: 0x0000000800000000-0x0000000840000000, size: 1073741824
Narrow klass base: 0x0000000800000000, Narrow klass shift: 0, Narrow klass range: 0x40000000

GC Precious Log:
 CPUs: 12 total, 12 available
 Memory: 16291M
 Large Page Support: Disabled
 NUMA Support: Disabled
 Compressed Oops: Enabled (Zero based)
 Heap Region Size: 2M
 Heap Min Capacity: 8M
 Heap Initial Capacity: 256M
 Heap Max Capacity: 4074M
 Pre-touch: Disabled
 Parallel Workers: 10
 Concurrent Workers: 3
 Concurrent Refinement Workers: 10
 Periodic GC: Disabled

Heap:
 garbage-first heap   total 262144K, used 12288K [0x0000000701600000, 0x0000000800000000)
  region size 2048K, 4 young (8192K), 0 survivors (0K)
 Metaspace       used 17804K, capacity 17995K, committed 18176K, reserved 1064960K
  class space    used 1896K, capacity 1955K, committed 2048K, reserved 1048576K

Heap Regions: E=young(eden), S=young(survivor), O=old, HS=humongous(starts), HC=humongous(continues), CS=collection set, F=free, OA=open archive, CA=closed archive, TAMS=top-at-mark-start (previous, next)
|   0|0x0000000701600000, 0x0000000701800000, 0x0000000701800000|100%|HS|  |TAMS 0x0000000701600000, 0x0000000701600000| Complete 
|   1|0x0000000701800000, 0x0000000701a00000, 0x0000000701a00000|100%|HS|  |TAMS 0x0000000701800000, 0x0000000701800000| Complete 
|   2|0x0000000701a00000, 0x0000000701c00000, 0x0000000701c00000|100%|HC|  |TAMS 0x0000000701a00000, 0x0000000701a00000| Complete 
|   3|0x0000000701c00000, 0x0000000701c00000, 0x0000000701e00000|  0%| F|  |TAMS 0x0000000701c00000, 0x0000000701c00000| Untracked 
|   4|0x0000000701e00000, 0x0000000701e00000, 0x0000000702000000|  0%| F|  |TAMS 0x0000000701e00000, 0x0000000701e00000| Untracked 
|   5|0x0000000702000000, 0x0000000702000000, 0x0000000702200000|  0%| F|  |TAMS 0x0000000702000000, 0x0000000702000000| Untracked 
|   6|0x0000000702200000, 0x0000000702200000, 0x0000000702400000|  0%| F|  |TAMS 0x0000000702200000, 0x0000000702200000| Untracked 
|   7|0x0000000702400000, 0x0000000702400000, 0x0000000702600000|  0%| F|  |TAMS 0x0000000702400000, 0x0000000702400000| Untracked 
|   8|0x0000000702600000, 0x0000000702600000, 0x0000000702800000|  0%| F|  |TAMS 0x0000000702600000, 0x0000000702600000| Untracked 
|   9|0x0000000702800000, 0x0000000702800000, 0x0000000702a00000|  0%| F|  |TAMS 0x0000000702800000, 0x0000000702800000| Untracked 
|  10|0x0000000702a00000, 0x0000000702a00000, 0x0000000702c00000|  0%| F|  |TAMS 0x0000000702a00000, 0x0000000702a00000| Untracked 
|  11|0x0000000702c00000, 0x0000000702c00000, 0x0000000702e00000|  0%| F|  |TAMS 0x0000000702c00000, 0x0000000702c00000| Untracked 
|  12|0x0000000702e00000, 0x0000000702e00000, 0x0000000703000000|  0%| F|  |TAMS 0x0000000702e00000, 0x0000000702e00000| Untracked 
|  13|0x0000000703000000, 0x0000000703000000, 0x0000000703200000|  0%| F|  |TAMS 0x0000000703000000, 0x0000000703000000| Untracked 
|  14|0x0000000703200000, 0x0000000703200000, 0x0000000703400000|  0%| F|  |TAMS 0x0000000703200000, 0x0000000703200000| Untracked 
|  15|0x0000000703400000, 0x0000000703400000, 0x0000000703600000|  0%| F|  |TAMS 0x0000000703400000, 0x0000000703400000| Untracked 
|  16|0x0000000703600000, 0x0000000703600000, 0x0000000703800000|  0%| F|  |TAMS 0x0000000703600000, 0x0000000703600000| Untracked 
|  17|0x0000000703800000, 0x0000000703800000, 0x0000000703a00000|  0%| F|  |TAMS 0x0000000703800000, 0x0000000703800000| Untracked 
|  18|0x0000000703a00000, 0x0000000703a00000, 0x0000000703c00000|  0%| F|  |TAMS 0x0000000703a00000, 0x0000000703a00000| Untracked 
|  19|0x0000000703c00000, 0x0000000703c00000, 0x0000000703e00000|  0%| F|  |TAMS 0x0000000703c00000, 0x0000000703c00000| Untracked 
|  20|0x0000000703e00000, 0x0000000703e00000, 0x0000000704000000|  0%| F|  |TAMS 0x0000000703e00000, 0x0000000703e00000| Untracked 
|  21|0x0000000704000000, 0x0000000704000000, 0x0000000704200000|  0%| F|  |TAMS 0x0000000704000000, 0x0000000704000000| Untracked 
|  22|0x0000000704200000, 0x0000000704200000, 0x0000000704400000|  0%| F|  |TAMS 0x0000000704200000, 0x0000000704200000| Untracked 
|  23|0x0000000704400000, 0x0000000704400000, 0x0000000704600000|  0%| F|  |TAMS 0x0000000704400000, 0x0000000704400000| Untracked 
|  24|0x0000000704600000, 0x0000000704600000, 0x0000000704800000|  0%| F|  |TAMS 0x0000000704600000, 0x0000000704600000| Untracked 
|  25|0x0000000704800000, 0x0000000704800000, 0x0000000704a00000|  0%| F|  |TAMS 0x0000000704800000, 0x0000000704800000| Untracked 
|  26|0x0000000704a00000, 0x0000000704a00000, 0x0000000704c00000|  0%| F|  |TAMS 0x0000000704a00000, 0x0000000704a00000| Untracked 
|  27|0x0000000704c00000, 0x0000000704c00000, 0x0000000704e00000|  0%| F|  |TAMS 0x0000000704c00000, 0x0000000704c00000| Untracked 
|  28|0x0000000704e00000, 0x0000000704e00000, 0x0000000705000000|  0%| F|  |TAMS 0x0000000704e00000, 0x0000000704e00000| Untracked 
|  29|0x0000000705000000, 0x0000000705000000, 0x0000000705200000|  0%| F|  |TAMS 0x0000000705000000, 0x0000000705000000| Untracked 
|  30|0x0000000705200000, 0x0000000705200000, 0x0000000705400000|  0%| F|  |TAMS 0x0000000705200000, 0x0000000705200000| Untracked 
|  31|0x0000000705400000, 0x0000000705400000, 0x0000000705600000|  0%| F|  |TAMS 0x0000000705400000, 0x0000000705400000| Untracked 
|  32|0x0000000705600000, 0x0000000705600000, 0x0000000705800000|  0%| F|  |TAMS 0x0000000705600000, 0x0000000705600000| Untracked 
|  33|0x0000000705800000, 0x0000000705800000, 0x0000000705a00000|  0%| F|  |TAMS 0x0000000705800000, 0x0000000705800000| Untracked 
|  34|0x0000000705a00000, 0x0000000705a00000, 0x0000000705c00000|  0%| F|  |TAMS 0x0000000705a00000, 0x0000000705a00000| Untracked 
|  35|0x0000000705c00000, 0x0000000705c00000, 0x0000000705e00000|  0%| F|  |TAMS 0x0000000705c00000, 0x0000000705c00000| Untracked 
|  36|0x0000000705e00000, 0x0000000705e00000, 0x0000000706000000|  0%| F|  |TAMS 0x0000000705e00000, 0x0000000705e00000| Untracked 
|  37|0x0000000706000000, 0x0000000706000000, 0x0000000706200000|  0%| F|  |TAMS 0x0000000706000000, 0x0000000706000000| Untracked 
|  38|0x0000000706200000, 0x0000000706200000, 0x0000000706400000|  0%| F|  |TAMS 0x0000000706200000, 0x0000000706200000| Untracked 
|  39|0x0000000706400000, 0x0000000706400000, 0x0000000706600000|  0%| F|  |TAMS 0x0000000706400000, 0x0000000706400000| Untracked 
|  40|0x0000000706600000, 0x0000000706600000, 0x0000000706800000|  0%| F|  |TAMS 0x0000000706600000, 0x0000000706600000| Untracked 
|  41|0x0000000706800000, 0x0000000706800000, 0x0000000706a00000|  0%| F|  |TAMS 0x0000000706800000, 0x0000000706800000| Untracked 
|  42|0x0000000706a00000, 0x0000000706a00000, 0x0000000706c00000|  0%| F|  |TAMS 0x0000000706a00000, 0x0000000706a00000| Untracked 
|  43|0x0000000706c00000, 0x0000000706c00000, 0x0000000706e00000|  0%| F|  |TAMS 0x0000000706c00000, 0x0000000706c00000| Untracked 
|  44|0x0000000706e00000, 0x0000000706e00000, 0x0000000707000000|  0%| F|  |TAMS 0x0000000706e00000, 0x0000000706e00000| Untracked 
|  45|0x0000000707000000, 0x0000000707000000, 0x0000000707200000|  0%| F|  |TAMS 0x0000000707000000, 0x0000000707000000| Untracked 
|  46|0x0000000707200000, 0x0000000707200000, 0x0000000707400000|  0%| F|  |TAMS 0x0000000707200000, 0x0000000707200000| Untracked 
|  47|0x0000000707400000, 0x0000000707400000, 0x0000000707600000|  0%| F|  |TAMS 0x0000000707400000, 0x0000000707400000| Untracked 
|  48|0x0000000707600000, 0x0000000707600000, 0x0000000707800000|  0%| F|  |TAMS 0x0000000707600000, 0x0000000707600000| Untracked 
|  49|0x0000000707800000, 0x0000000707800000, 0x0000000707a00000|  0%| F|  |TAMS 0x0000000707800000, 0x0000000707800000| Untracked 
|  50|0x0000000707a00000, 0x0000000707a00000, 0x0000000707c00000|  0%| F|  |TAMS 0x0000000707a00000, 0x0000000707a00000| Untracked 
|  51|0x0000000707c00000, 0x0000000707c00000, 0x0000000707e00000|  0%| F|  |TAMS 0x0000000707c00000, 0x0000000707c00000| Untracked 
|  52|0x0000000707e00000, 0x0000000707e00000, 0x0000000708000000|  0%| F|  |TAMS 0x0000000707e00000, 0x0000000707e00000| Untracked 
|  53|0x0000000708000000, 0x0000000708000000, 0x0000000708200000|  0%| F|  |TAMS 0x0000000708000000, 0x0000000708000000| Untracked 
|  54|0x0000000708200000, 0x0000000708200000, 0x0000000708400000|  0%| F|  |TAMS 0x0000000708200000, 0x0000000708200000| Untracked 
|  55|0x0000000708400000, 0x0000000708400000, 0x0000000708600000|  0%| F|  |TAMS 0x0000000708400000, 0x0000000708400000| Untracked 
|  56|0x0000000708600000, 0x0000000708600000, 0x0000000708800000|  0%| F|  |TAMS 0x0000000708600000, 0x0000000708600000| Untracked 
|  57|0x0000000708800000, 0x0000000708800000, 0x0000000708a00000|  0%| F|  |TAMS 0x0000000708800000, 0x0000000708800000| Untracked 
|  58|0x0000000708a00000, 0x0000000708a00000, 0x0000000708c00000|  0%| F|  |TAMS 0x0000000708a00000, 0x0000000708a00000| Untracked 
|  59|0x0000000708c00000, 0x0000000708c00000, 0x0000000708e00000|  0%| F|  |TAMS 0x0000000708c00000, 0x0000000708c00000| Untracked 
|  60|0x0000000708e00000, 0x0000000708e00000, 0x0000000709000000|  0%| F|  |TAMS 0x0000000708e00000, 0x0000000708e00000| Untracked 
|  61|0x0000000709000000, 0x0000000709000000, 0x0000000709200000|  0%| F|  |TAMS 0x0000000709000000, 0x0000000709000000| Untracked 
|  62|0x0000000709200000, 0x0000000709200000, 0x0000000709400000|  0%| F|  |TAMS 0x0000000709200000, 0x0000000709200000| Untracked 
|  63|0x0000000709400000, 0x0000000709400000, 0x0000000709600000|  0%| F|  |TAMS 0x0000000709400000, 0x0000000709400000| Untracked 
|  64|0x0000000709600000, 0x0000000709600000, 0x0000000709800000|  0%| F|  |TAMS 0x0000000709600000, 0x0000000709600000| Untracked 
|  65|0x0000000709800000, 0x0000000709800000, 0x0000000709a00000|  0%| F|  |TAMS 0x0000000709800000, 0x0000000709800000| Untracked 
|  66|0x0000000709a00000, 0x0000000709a00000, 0x0000000709c00000|  0%| F|  |TAMS 0x0000000709a00000, 0x0000000709a00000| Untracked 
|  67|0x0000000709c00000, 0x0000000709c00000, 0x0000000709e00000|  0%| F|  |TAMS 0x0000000709c00000, 0x0000000709c00000| Untracked 
|  68|0x0000000709e00000, 0x0000000709e00000, 0x000000070a000000|  0%| F|  |TAMS 0x0000000709e00000, 0x0000000709e00000| Untracked 
|  69|0x000000070a000000, 0x000000070a000000, 0x000000070a200000|  0%| F|  |TAMS 0x000000070a000000, 0x000000070a000000| Untracked 
|  70|0x000000070a200000, 0x000000070a200000, 0x000000070a400000|  0%| F|  |TAMS 0x000000070a200000, 0x000000070a200000| Untracked 
|  71|0x000000070a400000, 0x000000070a400000, 0x000000070a600000|  0%| F|  |TAMS 0x000000070a400000, 0x000000070a400000| Untracked 
|  72|0x000000070a600000, 0x000000070a600000, 0x000000070a800000|  0%| F|  |TAMS 0x000000070a600000, 0x000000070a600000| Untracked 
|  73|0x000000070a800000, 0x000000070a800000, 0x000000070aa00000|  0%| F|  |TAMS 0x000000070a800000, 0x000000070a800000| Untracked 
|  74|0x000000070aa00000, 0x000000070aa00000, 0x000000070ac00000|  0%| F|  |TAMS 0x000000070aa00000, 0x000000070aa00000| Untracked 
|  75|0x000000070ac00000, 0x000000070ac00000, 0x000000070ae00000|  0%| F|  |TAMS 0x000000070ac00000, 0x000000070ac00000| Untracked 
|  76|0x000000070ae00000, 0x000000070ae00000, 0x000000070b000000|  0%| F|  |TAMS 0x000000070ae00000, 0x000000070ae00000| Untracked 
|  77|0x000000070b000000, 0x000000070b000000, 0x000000070b200000|  0%| F|  |TAMS 0x000000070b000000, 0x000000070b000000| Untracked 
|  78|0x000000070b200000, 0x000000070b200000, 0x000000070b400000|  0%| F|  |TAMS 0x000000070b200000, 0x000000070b200000| Untracked 
|  79|0x000000070b400000, 0x000000070b400000, 0x000000070b600000|  0%| F|  |TAMS 0x000000070b400000, 0x000000070b400000| Untracked 
|  80|0x000000070b600000, 0x000000070b600000, 0x000000070b800000|  0%| F|  |TAMS 0x000000070b600000, 0x000000070b600000| Untracked 
|  81|0x000000070b800000, 0x000000070b800000, 0x000000070ba00000|  0%| F|  |TAMS 0x000000070b800000, 0x000000070b800000| Untracked 
|  82|0x000000070ba00000, 0x000000070ba00000, 0x000000070bc00000|  0%| F|  |TAMS 0x000000070ba00000, 0x000000070ba00000| Untracked 
|  83|0x000000070bc00000, 0x000000070bc00000, 0x000000070be00000|  0%| F|  |TAMS 0x000000070bc00000, 0x000000070bc00000| Untracked 
|  84|0x000000070be00000, 0x000000070be00000, 0x000000070c000000|  0%| F|  |TAMS 0x000000070be00000, 0x000000070be00000| Untracked 
|  85|0x000000070c000000, 0x000000070c000000, 0x000000070c200000|  0%| F|  |TAMS 0x000000070c000000, 0x000000070c000000| Untracked 
|  86|0x000000070c200000, 0x000000070c200000, 0x000000070c400000|  0%| F|  |TAMS 0x000000070c200000, 0x000000070c200000| Untracked 
|  87|0x000000070c400000, 0x000000070c400000, 0x000000070c600000|  0%| F|  |TAMS 0x000000070c400000, 0x000000070c400000| Untracked 
|  88|0x000000070c600000, 0x000000070c600000, 0x000000070c800000|  0%| F|  |TAMS 0x000000070c600000, 0x000000070c600000| Untracked 
|  89|0x000000070c800000, 0x000000070c800000, 0x000000070ca00000|  0%| F|  |TAMS 0x000000070c800000, 0x000000070c800000| Untracked 
|  90|0x000000070ca00000, 0x000000070ca00000, 0x000000070cc00000|  0%| F|  |TAMS 0x000000070ca00000, 0x000000070ca00000| Untracked 
|  91|0x000000070cc00000, 0x000000070cc00000, 0x000000070ce00000|  0%| F|  |TAMS 0x000000070cc00000, 0x000000070cc00000| Untracked 
|  92|0x000000070ce00000, 0x000000070ce00000, 0x000000070d000000|  0%| F|  |TAMS 0x000000070ce00000, 0x000000070ce00000| Untracked 
|  93|0x000000070d000000, 0x000000070d000000, 0x000000070d200000|  0%| F|  |TAMS 0x000000070d000000, 0x000000070d000000| Untracked 
|  94|0x000000070d200000, 0x000000070d200000, 0x000000070d400000|  0%| F|  |TAMS 0x000000070d200000, 0x000000070d200000| Untracked 
|  95|0x000000070d400000, 0x000000070d400000, 0x000000070d600000|  0%| F|  |TAMS 0x000000070d400000, 0x000000070d400000| Untracked 
|  96|0x000000070d600000, 0x000000070d600000, 0x000000070d800000|  0%| F|  |TAMS 0x000000070d600000, 0x000000070d600000| Untracked 
|  97|0x000000070d800000, 0x000000070d800000, 0x000000070da00000|  0%| F|  |TAMS 0x000000070d800000, 0x000000070d800000| Untracked 
|  98|0x000000070da00000, 0x000000070da00000, 0x000000070dc00000|  0%| F|  |TAMS 0x000000070da00000, 0x000000070da00000| Untracked 
|  99|0x000000070dc00000, 0x000000070dc00000, 0x000000070de00000|  0%| F|  |TAMS 0x000000070dc00000, 0x000000070dc00000| Untracked 
| 100|0x000000070de00000, 0x000000070de00000, 0x000000070e000000|  0%| F|  |TAMS 0x000000070de00000, 0x000000070de00000| Untracked 
| 101|0x000000070e000000, 0x000000070e000000, 0x000000070e200000|  0%| F|  |TAMS 0x000000070e000000, 0x000000070e000000| Untracked 
| 102|0x000000070e200000, 0x000000070e200000, 0x000000070e400000|  0%| F|  |TAMS 0x000000070e200000, 0x000000070e200000| Untracked 
| 103|0x000000070e400000, 0x000000070e400000, 0x000000070e600000|  0%| F|  |TAMS 0x000000070e400000, 0x000000070e400000| Untracked 
| 104|0x000000070e600000, 0x000000070e600000, 0x000000070e800000|  0%| F|  |TAMS 0x000000070e600000, 0x000000070e600000| Untracked 
| 105|0x000000070e800000, 0x000000070e800000, 0x000000070ea00000|  0%| F|  |TAMS 0x000000070e800000, 0x000000070e800000| Untracked 
| 106|0x000000070ea00000, 0x000000070ea00000, 0x000000070ec00000|  0%| F|  |TAMS 0x000000070ea00000, 0x000000070ea00000| Untracked 
| 107|0x000000070ec00000, 0x000000070ec00000, 0x000000070ee00000|  0%| F|  |TAMS 0x000000070ec00000, 0x000000070ec00000| Untracked 
| 108|0x000000070ee00000, 0x000000070ee00000, 0x000000070f000000|  0%| F|  |TAMS 0x000000070ee00000, 0x000000070ee00000| Untracked 
| 109|0x000000070f000000, 0x000000070f000000, 0x000000070f200000|  0%| F|  |TAMS 0x000000070f000000, 0x000000070f000000| Untracked 
| 110|0x000000070f200000, 0x000000070f200000, 0x000000070f400000|  0%| F|  |TAMS 0x000000070f200000, 0x000000070f200000| Untracked 
| 111|0x000000070f400000, 0x000000070f400000, 0x000000070f600000|  0%| F|  |TAMS 0x000000070f400000, 0x000000070f400000| Untracked 
| 112|0x000000070f600000, 0x000000070f600000, 0x000000070f800000|  0%| F|  |TAMS 0x000000070f600000, 0x000000070f600000| Untracked 
| 113|0x000000070f800000, 0x000000070f800000, 0x000000070fa00000|  0%| F|  |TAMS 0x000000070f800000, 0x000000070f800000| Untracked 
| 114|0x000000070fa00000, 0x000000070fa00000, 0x000000070fc00000|  0%| F|  |TAMS 0x000000070fa00000, 0x000000070fa00000| Untracked 
| 115|0x000000070fc00000, 0x000000070fc00000, 0x000000070fe00000|  0%| F|  |TAMS 0x000000070fc00000, 0x000000070fc00000| Untracked 
| 116|0x000000070fe00000, 0x000000070fe00000, 0x0000000710000000|  0%| F|  |TAMS 0x000000070fe00000, 0x000000070fe00000| Untracked 
| 117|0x0000000710000000, 0x0000000710000000, 0x0000000710200000|  0%| F|  |TAMS 0x0000000710000000, 0x0000000710000000| Untracked 
| 118|0x0000000710200000, 0x0000000710200000, 0x0000000710400000|  0%| F|  |TAMS 0x0000000710200000, 0x0000000710200000| Untracked 
| 119|0x0000000710400000, 0x0000000710400000, 0x0000000710600000|  0%| F|  |TAMS 0x0000000710400000, 0x0000000710400000| Untracked 
| 120|0x0000000710600000, 0x0000000710600000, 0x0000000710800000|  0%| F|  |TAMS 0x0000000710600000, 0x0000000710600000| Untracked 
| 121|0x0000000710800000, 0x0000000710800000, 0x0000000710a00000|  0%| F|  |TAMS 0x0000000710800000, 0x0000000710800000| Untracked 
| 122|0x0000000710a00000, 0x0000000710a00000, 0x0000000710c00000|  0%| F|  |TAMS 0x0000000710a00000, 0x0000000710a00000| Untracked 
| 123|0x0000000710c00000, 0x0000000710c71258, 0x0000000710e00000| 22%| E|  |TAMS 0x0000000710c00000, 0x0000000710c00000| Complete 
| 124|0x0000000710e00000, 0x0000000711000000, 0x0000000711000000|100%| E|CS|TAMS 0x0000000710e00000, 0x0000000710e00000| Complete 
| 125|0x0000000711000000, 0x0000000711200000, 0x0000000711200000|100%| E|CS|TAMS 0x0000000711000000, 0x0000000711000000| Complete 
| 126|0x0000000711200000, 0x0000000711400000, 0x0000000711400000|100%| E|CS|TAMS 0x0000000711200000, 0x0000000711200000| Complete 
| 127|0x0000000711400000, 0x0000000711600000, 0x0000000711600000|100%| E|CS|TAMS 0x0000000711400000, 0x0000000711400000| Complete 

Card table byte_map: [0x00000275ee240000,0x00000275eea40000] _byte_map_base: 0x00000275eaa35000

Marking Bits (Prev, Next): (CMBitMap*) 0x00000275d8c22090, (CMBitMap*) 0x00000275d8c220d0
 Prev Bits: [0x00000275ef240000, 0x00000275f31e8000)
 Next Bits: [0x00000275f31f0000, 0x00000275f7198000)

Polling page: 0x00000275d89b0000

Metaspace:

Usage:
  Non-class:     15.73 MB capacity,    15.57 MB ( 99%) used,   143.52 KB ( <1%) free+waste,    20.62 KB ( <1%) overhead. 
      Class:      1.94 MB capacity,     1.86 MB ( 96%) used,    77.46 KB (  4%) free+waste,     7.12 KB ( <1%) overhead. 
       Both:     17.67 MB capacity,    17.42 MB ( 99%) used,   220.98 KB (  1%) free+waste,    27.75 KB ( <1%) overhead. 

Virtual space:
  Non-class space:       16.00 MB reserved,      15.75 MB ( 98%) committed 
      Class space:        1.00 GB reserved,       2.00 MB ( <1%) committed 
             Both:        1.02 GB reserved,      17.75 MB (  2%) committed 

Chunk freelists:
   Non-Class:  24.00 KB
       Class:  29.00 KB
        Both:  53.00 KB

MaxMetaspaceSize: 17179869184.00 GB
CompressedClassSpaceSize: 1.00 GB

CodeHeap 'non-profiled nmethods': size=120000Kb used=221Kb max_used=221Kb free=119779Kb
 bounds [0x00000275e5880000, 0x00000275e5af0000, 0x00000275ecdb0000]
CodeHeap 'profiled nmethods': size=120000Kb used=1083Kb max_used=1083Kb free=118916Kb
 bounds [0x00000275de350000, 0x00000275de5c0000, 0x00000275e5880000]
CodeHeap 'non-nmethods': size=5760Kb used=1311Kb max_used=1325Kb free=4448Kb
 bounds [0x00000275dddb0000, 0x00000275de020000, 0x00000275de350000]
 total_blobs=1409 nmethods=798 adapters=524
 compilation: enabled
              stopped_count=0, restarted_count=0
 full_count=0

Compilation events (20 events):
Event: 0.553 Thread 0x00000275fa776930 nmethod 786 0x00000275de45d710 code [0x00000275de45d8a0, 0x00000275de45d9f8]
Event: 0.553 Thread 0x00000275fa776930  787       3       sun.awt.AWTAccessor::getComponentAccessor (15 bytes)
Event: 0.553 Thread 0x00000275fa776930 nmethod 787 0x00000275de45da90 code [0x00000275de45dc80, 0x00000275de45e028]
Event: 0.554 Thread 0x00000275fa776930  788       1       java.awt.Component::getWidth (5 bytes)
Event: 0.554 Thread 0x00000275fa776930 nmethod 788 0x00000275e58b5190 code [0x00000275e58b5320, 0x00000275e58b53d8]
Event: 0.554 Thread 0x00000275fa776930  789       1       java.util.concurrent.locks.AbstractQueuedSynchronizer::getState (5 bytes)
Event: 0.554 Thread 0x00000275fa776930 nmethod 789 0x00000275e58b5490 code [0x00000275e58b5620, 0x00000275e58b56d8]
Event: 0.555 Thread 0x00000275fa776930  790       3       java.lang.String::getChars (54 bytes)
Event: 0.555 Thread 0x00000275fa776930 nmethod 790 0x00000275de45e210 code [0x00000275de45e400, 0x00000275de45e858]
Event: 0.555 Thread 0x00000275fa776930  791       3       java.lang.StringLatin1::getChars (12 bytes)
Event: 0.555 Thread 0x00000275fa776930 nmethod 791 0x00000275de45ea10 code [0x00000275de45eba0, 0x00000275de45eca8]
Event: 0.555 Thread 0x00000275fa776930  793       1       javax.swing.text.GapVector::getGapStart (5 bytes)
Event: 0.555 Thread 0x00000275fa776930 nmethod 793 0x00000275e58b5790 code [0x00000275e58b5920, 0x00000275e58b59d8]
Event: 0.555 Thread 0x00000275fa776930  794       1       javax.swing.text.GapVector::getGapEnd (5 bytes)
Event: 0.555 Thread 0x00000275fa776930 nmethod 794 0x00000275e58b5a90 code [0x00000275e58b5c20, 0x00000275e58b5cd8]
Event: 0.555 Thread 0x00000275fa776930  792       1       java.awt.Component::getHeight (5 bytes)
Event: 0.555 Thread 0x00000275fa776930 nmethod 792 0x00000275e58b5d90 code [0x00000275e58b5f20, 0x00000275e58b5fd8]
Event: 0.555 Thread 0x00000275fa776930  795       1       java.util.concurrent.locks.AbstractQueuedSynchronizer::setState (6 bytes)
Event: 0.555 Thread 0x00000275fa776930 nmethod 795 0x00000275e58b6090 code [0x00000275e58b6220, 0x00000275e58b62d8]
Event: 0.556 Thread 0x00000275fa776930  796       3       javax.swing.UIDefaults$TextAndMnemonicHashMap::get (358 bytes)

GC Heap History (0 events):
No events

Deoptimization events (12 events):
Event: 0.068 Thread 0x00000275d8bd1ab0 Uncommon trap: trap_request=0xffffff45 fr.pc=0x00000275e588402c relative=0x000000000000020c
Event: 0.068 Thread 0x00000275d8bd1ab0 Uncommon trap: reason=unstable_if action=reinterpret pc=0x00000275e588402c method=java.lang.String.hashCode()I @ 42 c2
Event: 0.068 Thread 0x00000275d8bd1ab0 DEOPT PACKING pc=0x00000275e588402c sp=0x000000811d4fdae0
Event: 0.068 Thread 0x00000275d8bd1ab0 DEOPT UNPACKING pc=0x00000275dddfe42f sp=0x000000811d4fda78 mode 2
Event: 0.248 Thread 0x00000275d8bd1ab0 Uncommon trap: trap_request=0xffffff45 fr.pc=0x00000275e589f81c relative=0x000000000000045c
Event: 0.248 Thread 0x00000275d8bd1ab0 Uncommon trap: reason=unstable_if action=reinterpret pc=0x00000275e589f81c method=java.lang.StringLatin1.replace([BCC)Ljava/lang/String; @ 19 c2
Event: 0.248 Thread 0x00000275d8bd1ab0 DEOPT PACKING pc=0x00000275e589f81c sp=0x000000811d4ff0d0
Event: 0.248 Thread 0x00000275d8bd1ab0 DEOPT UNPACKING pc=0x00000275dddfe42f sp=0x000000811d4ff050 mode 2
Event: 0.256 Thread 0x00000275d8bd1ab0 Uncommon trap: trap_request=0xffffff45 fr.pc=0x00000275e58a31e0 relative=0x0000000000000060
Event: 0.256 Thread 0x00000275d8bd1ab0 Uncommon trap: reason=unstable_if action=reinterpret pc=0x00000275e58a31e0 method=java.nio.Buffer.hasRemaining()Z @ 8 c2
Event: 0.256 Thread 0x00000275d8bd1ab0 DEOPT PACKING pc=0x00000275e58a31e0 sp=0x000000811d4ff0d0
Event: 0.256 Thread 0x00000275d8bd1ab0 DEOPT UNPACKING pc=0x00000275dddfe42f sp=0x000000811d4ff068 mode 2

Classes unloaded (0 events):
No events

Classes redefined (0 events):
No events

Internal exceptions (18 events):
Event: 0.105 Thread 0x00000275d8bd1ab0 Exception <a 'java/lang/NoSuchMethodError'{0x0000000711538000}: 'void java.lang.invoke.DirectMethodHandle$Holder.invokeSpecial(java.lang.Object, java.lang.Object, java.lang.Object)'> (0x0000000711538000) 
thrown [./open/src/hotspot/share/interpreter/linkResolver.cpp, line 782]
Event: 0.121 Thread 0x00000275d8bd1ab0 Exception <a 'java/lang/ClassNotFoundException'{0x00000007115551e8}: sun/awt/resources/spi/awtProvider> (0x00000007115551e8) 
thrown [./open/src/hotspot/share/classfile/systemDictionary.cpp, line 295]
Event: 0.142 Thread 0x00000275d8bd1ab0 Exception <a 'java/io/FileNotFoundException'{0x00000007115b1040}> (0x00000007115b1040) 
thrown [./open/src/hotspot/share/prims/jni.cpp, line 578]
Event: 0.147 Thread 0x00000275d8bd1ab0 Exception <a 'java/io/FileNotFoundException'{0x00000007115dfb70}> (0x00000007115dfb70) 
thrown [./open/src/hotspot/share/prims/jni.cpp, line 578]
Event: 0.147 Thread 0x00000275d8bd1ab0 Exception <a 'java/lang/NoSuchMethodError'{0x00000007115e0ea8}: 'java.lang.Object java.lang.invoke.DirectMethodHandle$Holder.invokeStatic(java.lang.Object)'> (0x00000007115e0ea8) 
thrown [./open/src/hotspot/share/interpreter/linkResolver.cpp, line 782]
Event: 0.182 Thread 0x00000275d8bd1ab0 Exception <a 'java/lang/NoSuchMethodError'{0x0000000711250468}: 'java.lang.Object java.lang.invoke.DirectMethodHandle$Holder.invokeStaticInit(java.lang.Object)'> (0x0000000711250468) 
thrown [./open/src/hotspot/share/interpreter/linkResolver.cpp, line 782]
Event: 0.201 Thread 0x00000275d8bd1ab0 Exception <a 'java/lang/NoSuchMethodError'{0x0000000711313858}: 'java.lang.Object java.lang.invoke.DirectMethodHandle$Holder.newInvokeSpecial(java.lang.Object, java.lang.Object, java.lang.Object, java.lang.Object, java.lang.Object)'> (0x0000000711313858) 
thrown [./open/src/hotspot/share/interpreter/linkResolver.cpp, line 782]
Event: 0.201 Thread 0x00000275d8bd1ab0 Exception <a 'java/lang/NoSuchMethodError'{0x000000071131f2e8}: 'java.lang.Object java.lang.invoke.DirectMethodHandle$Holder.invokeStatic(java.lang.Object, int, java.lang.Object, java.lang.Object, java.lang.Object, java.lang.Object)'> (0x000000071131f2e8) 
thrown [./open/src/hotspot/share/interpreter/linkResolver.cpp, line 782]
Event: 0.204 Thread 0x00000275d8bd1ab0 Exception <a 'java/lang/NoSuchMethodError'{0x0000000711345590}: 'java.lang.Object java.lang.invoke.DirectMethodHandle$Holder.invokeStatic(java.lang.Object, int, java.lang.Object)'> (0x0000000711345590) 
thrown [./open/src/hotspot/share/interpreter/linkResolver.cpp, line 782]
Event: 0.222 Thread 0x00000275d8bd1ab0 Exception <a 'java/lang/ClassNotFoundException'{0x0000000711000e00}: com/sun/swing/internal/plaf/metal/resources/spi/metalProvider> (0x0000000711000e00) 
thrown [./open/src/hotspot/share/classfile/systemDictionary.cpp, line 295]
Event: 0.223 Thread 0x00000275d8bd1ab0 Exception <a 'java/lang/ClassNotFoundException'{0x0000000711005038}: com/sun/swing/internal/plaf/basic/resources/spi/basicProvider> (0x0000000711005038) 
thrown [./open/src/hotspot/share/classfile/systemDictionary.cpp, line 295]
Event: 0.261 Thread 0x00000275d8bd1ab0 Exception <a 'java/lang/NoSuchMethodError'{0x00000007110815e0}: 'void java.lang.invoke.DirectMethodHandle$Holder.invokeStatic(java.lang.Object, java.lang.Object)'> (0x00000007110815e0) 
thrown [./open/src/hotspot/share/interpreter/linkResolver.cpp, line 782]
Event: 0.261 Thread 0x00000275d8bd1ab0 Exception <a 'java/lang/NoSuchMethodError'{0x0000000711084fe8}: 'void java.lang.invoke.DirectMethodHandle$Holder.invokeStaticInit(java.lang.Object, java.lang.Object)'> (0x0000000711084fe8) 
thrown [./open/src/hotspot/share/interpreter/linkResolver.cpp, line 782]
Event: 0.266 Thread 0x00000275d8bd1ab0 Exception <a 'java/lang/NoSuchMethodError'{0x00000007110b1f70}: 'java.lang.Object java.lang.invoke.DirectMethodHandle$Holder.invokeStaticInit(java.lang.Object, int, int, int, int)'> (0x00000007110b1f70) 
thrown [./open/src/hotspot/share/interpreter/linkResolver.cpp, line 782]
Event: 0.301 Thread 0x00000275d8bd1ab0 Exception <a 'java/lang/NoSuchMethodError'{0x00000007110f5d20}: 'java.lang.Object java.lang.invoke.DirectMethodHandle$Holder.invokeStaticInit(java.lang.Object, java.lang.Object, int, int, int, int)'> (0x00000007110f5d20) 
thrown [./open/src/hotspot/share/interpreter/linkResolver.cpp, line 782]
Event: 0.445 Thread 0x00000275d8bd1ab0 Exception <a 'java/lang/NoSuchMethodError'{0x000000071113fea8}: 'void java.lang.invoke.DirectMethodHandle$Holder.invokeStaticInit(java.lang.Object)'> (0x000000071113fea8) 
thrown [./open/src/hotspot/share/interpreter/linkResolver.cpp, line 782]
Event: 0.511 Thread 0x00000275d8bd1ab0 Exception <a 'java/lang/NoSuchMethodError'{0x0000000710e3a8d8}: 'void java.lang.invoke.DirectMethodHandle$Holder.invokeStatic(java.lang.Object, java.lang.Object, java.lang.Object)'> (0x0000000710e3a8d8) 
thrown [./open/src/hotspot/share/interpreter/linkResolver.cpp, line 782]
Event: 0.522 Thread 0x00000275fb517470 Exception <a 'java/lang/NoSuchMethodError'{0x0000000710e80c18}: 'java.lang.Object java.lang.invoke.DirectMethodHandle$Holder.newInvokeSpecial(java.lang.Object, java.lang.Object, java.lang.Object, int, int, int, int, int)'> (0x0000000710e80c18) 
thrown [./open/src/hotspot/share/interpreter/linkResolver.cpp, line 782]

Events (20 events):
Event: 0.557 loading class javax/swing/plaf/metal/MetalBumps
Event: 0.557 loading class javax/swing/plaf/metal/MetalBumps done
Event: 0.557 loading class javax/swing/plaf/metal/MetalScrollButton
Event: 0.557 loading class javax/swing/plaf/basic/BasicArrowButton
Event: 0.557 loading class javax/swing/plaf/basic/BasicArrowButton done
Event: 0.557 loading class javax/swing/plaf/metal/MetalScrollButton done
Event: 0.558 loading class javax/swing/plaf/basic/BasicScrollBarUI$TrackListener
Event: 0.558 loading class javax/swing/plaf/basic/BasicScrollBarUI$TrackListener done
Event: 0.558 loading class javax/swing/plaf/basic/BasicScrollBarUI$ArrowButtonListener
Event: 0.558 loading class javax/swing/plaf/basic/BasicScrollBarUI$ArrowButtonListener done
Event: 0.558 loading class javax/swing/plaf/basic/BasicScrollBarUI$ModelListener
Event: 0.558 loading class javax/swing/plaf/basic/BasicScrollBarUI$ModelListener done
Event: 0.558 loading class javax/swing/plaf/metal/MetalScrollBarUI$ScrollBarListener
Event: 0.558 loading class javax/swing/plaf/basic/BasicScrollBarUI$PropertyChangeHandler
Event: 0.558 loading class javax/swing/plaf/basic/BasicScrollBarUI$PropertyChangeHandler done
Event: 0.558 loading class javax/swing/plaf/metal/MetalScrollBarUI$ScrollBarListener done
Event: 0.558 loading class javax/swing/plaf/basic/BasicScrollBarUI$Handler
Event: 0.558 loading class javax/swing/plaf/basic/BasicScrollBarUI$Handler done
Event: 0.558 loading class javax/swing/plaf/basic/BasicScrollBarUI$ScrollListener
Event: 0.558 loading class javax/swing/plaf/basic/BasicScrollBarUI$ScrollListener done


Dynamic libraries:
0x00007ff7256d0000 - 0x00007ff7256dd000 	C:\Users\hmirz\.p2\pool\plugins\org.eclipse.justj.openjdk.hotspot.jre.full.win32.x86_64_15.0.2.v20210201-0955\jre\bin\javaw.exe
0x00007ff995530000 - 0x00007ff995725000 	C:\WINDOWS\SYSTEM32\ntdll.dll
0x00007ff995400000 - 0x00007ff9954bd000 	C:\WINDOWS\System32\KERNEL32.DLL
0x00007ff992ca0000 - 0x00007ff992f68000 	C:\WINDOWS\System32\KERNELBASE.dll
0x00007ff9930c0000 - 0x00007ff9931c0000 	C:\WINDOWS\System32\ucrtbase.dll
0x00007ff9697c0000 - 0x00007ff9697d8000 	C:\Users\hmirz\.p2\pool\plugins\org.eclipse.justj.openjdk.hotspot.jre.full.win32.x86_64_15.0.2.v20210201-0955\jre\bin\jli.dll
0x00007ff969610000 - 0x00007ff969629000 	C:\Users\hmirz\.p2\pool\plugins\org.eclipse.justj.openjdk.hotspot.jre.full.win32.x86_64_15.0.2.v20210201-0955\jre\bin\VCRUNTIME140.dll
0x00007ff994830000 - 0x00007ff9949d0000 	C:\WINDOWS\System32\USER32.dll
0x00007ff992f70000 - 0x00007ff992f92000 	C:\WINDOWS\System32\win32u.dll
0x00007ff995070000 - 0x00007ff99509a000 	C:\WINDOWS\System32\GDI32.dll
0x00007ff980d00000 - 0x00007ff980f9a000 	C:\WINDOWS\WinSxS\amd64_microsoft.windows.common-controls_6595b64144ccf1df_6.0.19041.844_none_ca00b6081b84eb1d\COMCTL32.dll
0x00007ff993420000 - 0x00007ff99352b000 	C:\WINDOWS\System32\gdi32full.dll
0x00007ff993020000 - 0x00007ff9930bd000 	C:\WINDOWS\System32\msvcp_win.dll
0x00007ff9936e0000 - 0x00007ff99377e000 	C:\WINDOWS\System32\msvcrt.dll
0x00007ff9954c0000 - 0x00007ff9954f0000 	C:\WINDOWS\System32\IMM32.DLL
0x00007ff98c2e0000 - 0x00007ff98c2ec000 	C:\Users\hmirz\.p2\pool\plugins\org.eclipse.justj.openjdk.hotspot.jre.full.win32.x86_64_15.0.2.v20210201-0955\jre\bin\vcruntime140_1.dll
0x00007ff959870000 - 0x00007ff959901000 	C:\Users\hmirz\.p2\pool\plugins\org.eclipse.justj.openjdk.hotspot.jre.full.win32.x86_64_15.0.2.v20210201-0955\jre\bin\msvcp140.dll
0x00007ff94c6f0000 - 0x00007ff94d24e000 	C:\Users\hmirz\.p2\pool\plugins\org.eclipse.justj.openjdk.hotspot.jre.full.win32.x86_64_15.0.2.v20210201-0955\jre\bin\server\jvm.dll
0x00007ff995190000 - 0x00007ff99523c000 	C:\WINDOWS\System32\ADVAPI32.dll
0x00007ff994fd0000 - 0x00007ff99506b000 	C:\WINDOWS\System32\sechost.dll
0x00007ff994ea0000 - 0x00007ff994fcb000 	C:\WINDOWS\System32\RPCRT4.dll
0x00007ff9950a0000 - 0x00007ff9950a8000 	C:\WINDOWS\System32\PSAPI.DLL
0x00007ff98a740000 - 0x00007ff98a74a000 	C:\WINDOWS\SYSTEM32\VERSION.dll
0x00007ff97e910000 - 0x00007ff97e919000 	C:\WINDOWS\SYSTEM32\WSOCK32.dll
0x00007ff989000000 - 0x00007ff989027000 	C:\WINDOWS\SYSTEM32\WINMM.dll
0x00007ff9949d0000 - 0x00007ff994a3b000 	C:\WINDOWS\System32\WS2_32.dll
0x00007ff991540000 - 0x00007ff991552000 	C:\WINDOWS\SYSTEM32\kernel.appcore.dll
0x00007ff97e780000 - 0x00007ff97e78a000 	C:\Users\hmirz\.p2\pool\plugins\org.eclipse.justj.openjdk.hotspot.jre.full.win32.x86_64_15.0.2.v20210201-0955\jre\bin\jimage.dll
0x00007ff990ac0000 - 0x00007ff990ca4000 	C:\WINDOWS\SYSTEM32\DBGHELP.DLL
0x00007ff978950000 - 0x00007ff97897c000 	C:\WINDOWS\SYSTEM32\dbgcore.DLL
0x00007ff992fa0000 - 0x00007ff993020000 	C:\WINDOWS\System32\bcryptPrimitives.dll
0x00007ff97e700000 - 0x00007ff97e725000 	C:\Users\hmirz\.p2\pool\plugins\org.eclipse.justj.openjdk.hotspot.jre.full.win32.x86_64_15.0.2.v20210201-0955\jre\bin\java.dll
0x00007ff97a490000 - 0x00007ff97a4a8000 	C:\Users\hmirz\.p2\pool\plugins\org.eclipse.justj.openjdk.hotspot.jre.full.win32.x86_64_15.0.2.v20210201-0955\jre\bin\zip.dll
0x00007ff993780000 - 0x00007ff993ec2000 	C:\WINDOWS\System32\SHELL32.dll
0x00007ff990da0000 - 0x00007ff991530000 	C:\WINDOWS\SYSTEM32\windows.storage.dll
0x00007ff994a40000 - 0x00007ff994d95000 	C:\WINDOWS\System32\combase.dll
0x00007ff9926e0000 - 0x00007ff99270c000 	C:\WINDOWS\SYSTEM32\Wldp.dll
0x00007ff994060000 - 0x00007ff99410e000 	C:\WINDOWS\System32\SHCORE.dll
0x00007ff994000000 - 0x00007ff994055000 	C:\WINDOWS\System32\shlwapi.dll
0x00007ff992bb0000 - 0x00007ff992bcf000 	C:\WINDOWS\SYSTEM32\profapi.dll
0x00007ff97a470000 - 0x00007ff97a489000 	C:\Users\hmirz\.p2\pool\plugins\org.eclipse.justj.openjdk.hotspot.jre.full.win32.x86_64_15.0.2.v20210201-0955\jre\bin\net.dll
0x00007ff982330000 - 0x00007ff98243b000 	C:\WINDOWS\SYSTEM32\WINHTTP.dll
0x00007ff992450000 - 0x00007ff9924ba000 	C:\WINDOWS\system32\mswsock.dll
0x00007ff97a450000 - 0x00007ff97a462000 	C:\Users\hmirz\.p2\pool\plugins\org.eclipse.justj.openjdk.hotspot.jre.full.win32.x86_64_15.0.2.v20210201-0955\jre\bin\nio.dll
0x00007ff94c2f0000 - 0x00007ff94c46f000 	C:\Users\hmirz\.p2\pool\plugins\org.eclipse.justj.openjdk.hotspot.jre.full.win32.x86_64_15.0.2.v20210201-0955\jre\bin\awt.dll
0x00007ff9942f0000 - 0x00007ff9943bd000 	C:\WINDOWS\System32\OLEAUT32.dll
0x00007ff9900f0000 - 0x00007ff990180000 	C:\WINDOWS\SYSTEM32\apphelp.dll
0x00007ff990230000 - 0x00007ff9902ce000 	C:\WINDOWS\system32\uxtheme.dll
0x00007ff993ed0000 - 0x00007ff993fe5000 	C:\WINDOWS\System32\MSCTF.dll
0x00007ff994110000 - 0x00007ff99423a000 	C:\WINDOWS\System32\ole32.dll
0x00007ff990530000 - 0x00007ff99055f000 	C:\WINDOWS\system32\DWMAPI.DLL
0x00007ff992630000 - 0x00007ff992648000 	C:\WINDOWS\SYSTEM32\CRYPTSP.dll
0x00007ff991d80000 - 0x00007ff991db4000 	C:\WINDOWS\system32\rsaenh.dll
0x00007ff992c70000 - 0x00007ff992c97000 	C:\WINDOWS\System32\bcrypt.dll
0x00007ff992b70000 - 0x00007ff992b9e000 	C:\WINDOWS\SYSTEM32\USERENV.dll
0x00007ff992620000 - 0x00007ff99262c000 	C:\WINDOWS\SYSTEM32\CRYPTBASE.dll
0x00007ff9920f0000 - 0x00007ff99212b000 	C:\WINDOWS\SYSTEM32\IPHLPAPI.DLL
0x00007ff993ff0000 - 0x00007ff993ff8000 	C:\WINDOWS\System32\NSI.dll
0x00007ff98a420000 - 0x00007ff98a437000 	C:\WINDOWS\SYSTEM32\dhcpcsvc6.DLL
0x00007ff98a7a0000 - 0x00007ff98a7bd000 	C:\WINDOWS\SYSTEM32\dhcpcsvc.DLL
0x00007ff992130000 - 0x00007ff9921fc000 	C:\WINDOWS\SYSTEM32\DNSAPI.dll
0x00007ff948430000 - 0x00007ff948556000 	C:\WINDOWS\system32\opengl32.dll
0x00007ff9671a0000 - 0x00007ff9671cc000 	C:\WINDOWS\SYSTEM32\GLU32.dll
0x00007ff98ada0000 - 0x00007ff98af6e000 	C:\WINDOWS\system32\d3d9.dll
0x00007ff9876f0000 - 0x00007ff9877f2000 	C:\WINDOWS\System32\DriverStore\FileRepository\nvlt.inf_amd64_6fdb2f2a4eb90886\nvldumdx.dll
0x00007ff992860000 - 0x00007ff992872000 	C:\WINDOWS\SYSTEM32\msasn1.dll
0x00007ff98a480000 - 0x00007ff98a4b1000 	C:\WINDOWS\SYSTEM32\cryptnet.dll
0x00007ff993210000 - 0x00007ff99336f000 	C:\WINDOWS\System32\CRYPT32.dll
0x00007ff993530000 - 0x00007ff993590000 	C:\WINDOWS\System32\WINTRUST.DLL
0x00007ff994e00000 - 0x00007ff994e1d000 	C:\WINDOWS\System32\imagehlp.dll
0x00007ff93a590000 - 0x00007ff93bd33000 	C:\WINDOWS\System32\DriverStore\FileRepository\nvlt.inf_amd64_6fdb2f2a4eb90886\nvd3dumx.dll
0x00007ff992260000 - 0x00007ff9922ab000 	C:\WINDOWS\SYSTEM32\powrprof.dll
0x00007ff9920d0000 - 0x00007ff9920e2000 	C:\WINDOWS\SYSTEM32\UMPDC.dll
0x00007ff95e900000 - 0x00007ff95ebc4000 	C:\WINDOWS\system32\nvspcap64.dll
0x00007ff9919b0000 - 0x00007ff9919e3000 	C:\WINDOWS\SYSTEM32\ntmarta.dll
0x00007ff991560000 - 0x00007ff991583000 	C:\WINDOWS\SYSTEM32\gpapi.dll
0x00007ff987a20000 - 0x00007ff987a5b000 	C:\WINDOWS\SYSTEM32\dxcore.dll
0x00007ff9931c0000 - 0x00007ff99320e000 	C:\WINDOWS\System32\cfgmgr32.dll
0x00007ff9597e0000 - 0x00007ff959865000 	C:\Users\hmirz\.p2\pool\plugins\org.eclipse.justj.openjdk.hotspot.jre.full.win32.x86_64_15.0.2.v20210201-0955\jre\bin\freetype.dll
0x00007ff94c240000 - 0x00007ff94c2e9000 	C:\Users\hmirz\.p2\pool\plugins\org.eclipse.justj.openjdk.hotspot.jre.full.win32.x86_64_15.0.2.v20210201-0955\jre\bin\fontmanager.dll
0x00007ff994240000 - 0x00007ff9942e9000 	C:\WINDOWS\System32\clbcatq.dll
0x00007ff98a550000 - 0x00007ff98a704000 	C:\WINDOWS\SYSTEM32\WindowsCodecs.dll
0x00007ff981c90000 - 0x00007ff981cce000 	C:\WINDOWS\system32\dataexchange.dll
0x00007ff98f5f0000 - 0x00007ff98f7d5000 	C:\WINDOWS\system32\dcomp.dll
0x00007ff98e800000 - 0x00007ff98ea64000 	C:\WINDOWS\system32\d3d11.dll
0x00007ff9915b0000 - 0x00007ff9916a4000 	C:\WINDOWS\system32\dxgi.dll
0x00007ff98b5c0000 - 0x00007ff98b7c1000 	C:\WINDOWS\system32\twinapi.appcore.dll
0x00007ff987bc0000 - 0x00007ff987cb9000 	C:\WINDOWS\SYSTEM32\textinputframework.dll
0x00007ff98fb60000 - 0x00007ff98febe000 	C:\WINDOWS\System32\CoreUIComponents.dll
0x00007ff98fec0000 - 0x00007ff98ffb2000 	C:\WINDOWS\System32\CoreMessaging.dll
0x00007ff98eed0000 - 0x00007ff98f024000 	C:\WINDOWS\SYSTEM32\wintypes.dll
0x00007ff94dd10000 - 0x00007ff94dd8f000 	C:\Users\hmirz\.p2\pool\plugins\org.eclipse.justj.openjdk.hotspot.jre.full.win32.x86_64_15.0.2.v20210201-0955\jre\bin\mlib_image.dll
0x00007ff980980000 - 0x00007ff980a30000 	C:\WINDOWS\WinSxS\amd64_microsoft.windows.common-controls_6595b64144ccf1df_5.82.19041.844_none_423537bff6b9828c\comctl32.dll

dbghelp: loaded successfully - version: 4.0.5 - missing functions: none
symbol engine: initialized successfully - sym options: 0x614 - pdb path: .;C:\Users\hmirz\.p2\pool\plugins\org.eclipse.justj.openjdk.hotspot.jre.full.win32.x86_64_15.0.2.v20210201-0955\jre\bin;C:\WINDOWS\SYSTEM32;C:\WINDOWS\WinSxS\amd64_microsoft.windows.common-controls_6595b64144ccf1df_6.0.19041.844_none_ca00b6081b84eb1d;C:\Users\hmirz\.p2\pool\plugins\org.eclipse.justj.openjdk.hotspot.jre.full.win32.x86_64_15.0.2.v20210201-0955\jre\bin\server;C:\WINDOWS\System32\DriverStore\FileRepository\nvlt.inf_amd64_6fdb2f2a4eb90886

VM Arguments:
jvm_args: -Dfile.encoding=Cp1252 -XX:+ShowCodeDetailsInExceptionMessages 
java_command: MainClass
java_class_path (initial): C:\Users\hmirz\OneDrive\Desktop\JavaEclipse\TurtleGraphics\bin;C:\Users\hmirz\Downloads\TurtleGraphics.jar
Launcher Type: SUN_STANDARD

[Global flags]
     intx CICompilerCount                          = 4                                         {product} {ergonomic}
     uint ConcGCThreads                            = 3                                         {product} {ergonomic}
     uint G1ConcRefinementThreads                  = 10                                        {product} {ergonomic}
   size_t G1HeapRegionSize                         = 2097152                                   {product} {ergonomic}
    uintx GCDrainStackTargetSize                   = 64                                        {product} {ergonomic}
   size_t InitialHeapSize                          = 268435456                                 {product} {ergonomic}
   size_t MarkStackSize                            = 4194304                                   {product} {ergonomic}
   size_t MaxHeapSize                              = 4271898624                                {product} {ergonomic}
   size_t MaxNewSize                               = 2562719744                                {product} {ergonomic}
   size_t MinHeapDeltaBytes                        = 2097152                                   {product} {ergonomic}
   size_t MinHeapSize                              = 8388608                                   {product} {ergonomic}
    uintx NonNMethodCodeHeapSize                   = 5839372                                {pd product} {ergonomic}
    uintx NonProfiledCodeHeapSize                  = 122909434                              {pd product} {ergonomic}
    uintx ProfiledCodeHeapSize                     = 122909434                              {pd product} {ergonomic}
    uintx ReservedCodeCacheSize                    = 251658240                              {pd product} {ergonomic}
     bool SegmentedCodeCache                       = true                                      {product} {ergonomic}
     bool ShowCodeDetailsInExceptionMessages       = true                                   {manageable} {command line}
   size_t SoftMaxHeapSize                          = 4271898624                             {manageable} {ergonomic}
     bool UseCompressedClassPointers               = true                                 {lp64_product} {ergonomic}
     bool UseCompressedOops                        = true                                 {lp64_product} {ergonomic}
     bool UseG1GC                                  = true                                      {product} {ergonomic}
     bool UseLargePagesIndividualAllocation        = false                                  {pd product} {ergonomic}

Logging:
Log output configuration:
 #0: stdout all=warning uptime,level,tags
 #1: stderr all=off uptime,level,tags

Environment Variables:
PATH=C:/Users/hmirz/.p2/pool/plugins/org.eclipse.justj.openjdk.hotspot.jre.full.win32.x86_64_15.0.2.v20210201-0955/jre/bin/server;C:/Users/hmirz/.p2/pool/plugins/org.eclipse.justj.openjdk.hotspot.jre.full.win32.x86_64_15.0.2.v20210201-0955/jre/bin;C:\Windows\system32;C:\Windows;C:\Windows\System32\Wbem;C:\Windows\System32\WindowsPowerShell\v1.0\;C:\Windows\System32\OpenSSH\;C:\Program Files (x86)\NVIDIA Corporation\PhysX\Common;C:\Program Files\NVIDIA Corporation\NVIDIA NvDLISR;C:\Program Files\;C:\Users\hmirz\Downloads\php-7.4.15-nts-Win32-vc15-x64;C:\WINDOWS\system32;C:\WINDOWS;C:\WINDOWS\System32\Wbem;C:\WINDOWS\System32\WindowsPowerShell\v1.0\;C:\WINDOWS\System32\OpenSSH\;C:\Users\hmirz\AppData\Local\Microsoft\WindowsApps;;C:\Users\hmirz\AppData\Local\Programs\Microsoft VS Code\bin;C:\Users\hmirz\AppData\Roaming\npm;C:\Program Files (x86)\GitHub CLI\;C:\Users\hmirz\AppData\Roaming\Composer\vendor\bin;C:\Users\hmirz\OneDrive\Desktop;
USERNAME=hmirz
OS=Windows_NT
PROCESSOR_IDENTIFIER=Intel64 Family 6 Model 165 Stepping 2, GenuineIntel



---------------  S Y S T E M  ---------------

OS:
 Windows 10 , 64 bit Build 19041 (10.0.19041.928)
OS uptime: 7 days 4:25 hours

CPU: total 12 (initial active 12) (6 cores per cpu, 2 threads per core) family 6 model 165 stepping 2 microcode 0xc8, cmov, cx8, fxsr, mmx, sse, sse2, sse3, ssse3, sse4.1, sse4.2, popcnt, vzeroupper, avx, avx2, aes, clmul, erms, 3dnowpref, lzcnt, ht, tsc, tscinvbit, bmi1, bmi2, adx, fma, clflush, clflushopt

Memory: 4k page, system-wide physical 16291M (7073M free)
TotalPageFile size 46656M (AvailPageFile size 1M)
current process WorkingSet (physical memory assigned to process): 91M, peak: 91M
current process commit charge ("private bytes"): 381M, peak: 382M

vm_info: OpenJDK 64-Bit Server VM (15.0.2+7-27) for windows-amd64 JRE (15.0.2+7-27), built on Dec  7 2020 20:02:38 by "mach5one" with unknown MS VC++:1925

END.
