#
# There is insufficient memory for the Java Runtime Environment to continue.
# Native memory allocation (malloc) failed to allocate 1957616 bytes for Chunk::new
# Possible reasons:
#   The system is out of physical RAM or swap space
#   The process is running with CompressedOops enabled, and the Java Heap may be blocking the growth of the native heap
# Possible solutions:
#   Reduce memory load on the system
#   Increase physical memory or swap space
#   Check if swap backing store is full
#   Decrease Java heap size (-Xmx/-Xms)
#   Decrease number of Java threads
#   Decrease Java thread stack sizes (-Xss)
#   Set larger code cache with -XX:ReservedCodeCacheSize=
#   JVM is running with Zero Based Compressed Oops mode in which the Java heap is
#     placed in the first 32GB address space. The Java Heap base address is the
#     maximum limit for the native heap growth. Please use -XX:HeapBaseMinAddress
#     to set the Java Heap base and to place the Java Heap above 32GB virtual address.
# This output file may be truncated or incomplete.
#
#  Out of Memory Error (./open/src/hotspot/share/memory/arena.cpp:195), pid=5180, tid=3892
#
# JRE version: OpenJDK Runtime Environment (15.0.2+7) (build 15.0.2+7-27)
# Java VM: OpenJDK 64-Bit Server VM (15.0.2+7-27, mixed mode, tiered, compressed oops, g1 gc, windows-amd64)
# No core dump will be written. Minidumps are not enabled by default on client versions of Windows
#

---------------  S U M M A R Y ------------

Command Line: -Dfile.encoding=Cp1252 -XX:+ShowCodeDetailsInExceptionMessages MainClass

Host: Intel(R) Core(TM) i7-10750H CPU @ 2.60GHz, 12 cores, 15G,  Windows 10 , 64 bit Build 19041 (10.0.19041.928)
Time: Mon Jun  7 13:20:20 2021 GMT Daylight Time elapsed time: 4.259958 seconds (0d 0h 0m 4s)

---------------  T H R E A D  ---------------

Current thread (0x000001875582e490):  JavaThread "C2 CompilerThread1" daemon [_thread_in_native, id=3892, stack(0x00000058d7a40000,0x00000058d7b40000)]


Current CompileTask:
C2:   4260 2237   !   4       sun.java2d.SurfaceDataProxy::replaceData (329 bytes)

Stack: [0x00000058d7a40000,0x00000058d7b40000]
Native frames: (J=compiled Java code, j=interpreted, Vv=VM code, C=native code)
V  [jvm.dll+0x62ae9a]
V  [jvm.dll+0x7817a9]
V  [jvm.dll+0x782f03]
V  [jvm.dll+0x783563]
V  [jvm.dll+0x216325]
V  [jvm.dll+0x97f3a]
V  [jvm.dll+0x9861c]
V  [jvm.dll+0x32e2a8]
V  [jvm.dll+0x2f768a]
V  [jvm.dll+0x2f6a4a]
V  [jvm.dll+0x1ea705]
V  [jvm.dll+0x1e996e]
V  [jvm.dll+0x178567]
V  [jvm.dll+0x1f9225]
V  [jvm.dll+0x1f72cc]
V  [jvm.dll+0x74495d]
V  [jvm.dll+0x73d75a]
V  [jvm.dll+0x629c56]
C  [ucrtbase.dll+0x21bb2]
C  [KERNEL32.DLL+0x17034]
C  [ntdll.dll+0x52651]


---------------  P R O C E S S  ---------------

Threads class SMR info:
_java_thread_list=0x000001875bd06960, length=20, elements={
0x000001874a8d8010, 0x000001874a8d89d0, 0x000001874a8fa0c0, 0x000001874a8fba90,
0x000001874a8feb20, 0x000001874a909090, 0x000001874a90c6e0, 0x000001874a90d7c0,
0x000001874a8fe650, 0x000001874a8ffe60, 0x000001874a8feff0, 0x000001874a8fe180,
0x000001874a8fd310, 0x000001874a8ff990, 0x000001874a8ff4c0, 0x000001874a8fc970,
0x0000018752ef7c40, 0x0000018752ef8110, 0x0000018752efac60, 0x000001875582e490
}

Java Threads: ( => current thread )
  0x000001874a8d8010 JavaThread "Reference Handler" daemon [_thread_blocked, id=1612, stack(0x00000058d5c00000,0x00000058d5d00000)]
  0x000001874a8d89d0 JavaThread "Finalizer" daemon [_thread_blocked, id=15196, stack(0x00000058d5d00000,0x00000058d5e00000)]
  0x000001874a8fa0c0 JavaThread "Signal Dispatcher" daemon [_thread_blocked, id=32008, stack(0x00000058d5e00000,0x00000058d5f00000)]
  0x000001874a8fba90 JavaThread "Attach Listener" daemon [_thread_blocked, id=31784, stack(0x00000058d5f00000,0x00000058d6000000)]
  0x000001874a8feb20 JavaThread "Service Thread" daemon [_thread_blocked, id=12756, stack(0x00000058d6000000,0x00000058d6100000)]
  0x000001874a909090 JavaThread "C2 CompilerThread0" daemon [_thread_blocked, id=31720, stack(0x00000058d6100000,0x00000058d6200000)]
  0x000001874a90c6e0 JavaThread "C1 CompilerThread0" daemon [_thread_blocked, id=27284, stack(0x00000058d6200000,0x00000058d6300000)]
  0x000001874a90d7c0 JavaThread "Sweeper thread" daemon [_thread_blocked, id=6996, stack(0x00000058d6300000,0x00000058d6400000)]
  0x000001874a8fe650 JavaThread "Notification Thread" daemon [_thread_blocked, id=21516, stack(0x00000058d6400000,0x00000058d6500000)]
  0x000001874a8ffe60 JavaThread "Common-Cleaner" daemon [_thread_blocked, id=25972, stack(0x00000058d6600000,0x00000058d6700000)]
  0x000001874a8feff0 JavaThread "Java2D Disposer" daemon [_thread_blocked, id=18236, stack(0x00000058d6700000,0x00000058d6800000)]
  0x000001874a8fe180 JavaThread "AWT-Shutdown" [_thread_blocked, id=28436, stack(0x00000058d6800000,0x00000058d6900000)]
  0x000001874a8fd310 JavaThread "AWT-Windows" daemon [_thread_in_native, id=32004, stack(0x00000058d6900000,0x00000058d6a00000)]
  0x000001874a8ff990 JavaThread "AWT-EventQueue-0" [_thread_blocked, id=32504, stack(0x00000058d6c00000,0x00000058d6d00000)]
  0x000001874a8ff4c0 JavaThread "D3D Screen Updater" daemon [_thread_in_native, id=13836, stack(0x00000058d7000000,0x00000058d7100000)]
  0x000001874a8fc970 JavaThread "Image Fetcher 0" daemon [_thread_blocked, id=27224, stack(0x00000058d7100000,0x00000058d7200000)]
  0x0000018752ef7c40 JavaThread "TimerQueue" daemon [_thread_blocked, id=13648, stack(0x00000058d7200000,0x00000058d7300000)]
  0x0000018752ef8110 JavaThread "Swing-Shell" daemon [_thread_blocked, id=8228, stack(0x00000058d7300000,0x00000058d7400000)]
  0x0000018752efac60 JavaThread "DestroyJavaVM" [_thread_blocked, id=21108, stack(0x00000058d5500000,0x00000058d5600000)]
=>0x000001875582e490 JavaThread "C2 CompilerThread1" daemon [_thread_in_native, id=3892, stack(0x00000058d7a40000,0x00000058d7b40000)]

Other Threads:
  0x000001874a8a17b0 VMThread "VM Thread" [stack: 0x00000058d5b00000,0x00000058d5c00000] [id=28192]
  0x000001874aab3a40 WatcherThread [stack: 0x00000058d6500000,0x00000058d6600000] [id=15332]
  0x000001872ad41100 GCTaskThread "GC Thread#0" [stack: 0x00000058d5600000,0x00000058d5700000] [id=26448]
  0x000001874b371770 GCTaskThread "GC Thread#1" [stack: 0x00000058d7540000,0x00000058d7640000] [id=5392]
  0x000001874b371aa0 GCTaskThread "GC Thread#2" [stack: 0x00000058d7640000,0x00000058d7740000] [id=27692]
  0x000001874b371dd0 GCTaskThread "GC Thread#3" [stack: 0x00000058d7740000,0x00000058d7840000] [id=30384]
  0x000001874b372760 GCTaskThread "GC Thread#4" [stack: 0x00000058d7840000,0x00000058d7940000] [id=30352]
  0x000001874b36f460 GCTaskThread "GC Thread#5" [stack: 0x00000058d7940000,0x00000058d7a40000] [id=21708]
  0x000001872ad52910 ConcurrentGCThread "G1 Main Marker" [stack: 0x00000058d5700000,0x00000058d5800000] [id=32584]
  0x000001872ad55430 ConcurrentGCThread "G1 Conc#0" [stack: 0x00000058d5800000,0x00000058d5900000] [id=32364]
  0x000001872adce120 ConcurrentGCThread "G1 Refine#0" [stack: 0x00000058d5900000,0x00000058d5a00000] [id=19224]
  0x0000018749ecc110 ConcurrentGCThread "G1 Young RemSet Sampling" [stack: 0x00000058d5a00000,0x00000058d5b00000] [id=27148]

Threads with active compile tasks:
C2 CompilerThread1     4277 2237   !   4       sun.java2d.SurfaceDataProxy::replaceData (329 bytes)

VM state: not at safepoint (normal execution)

VM Mutex/Monitor currently owned by a thread: None

Heap address: 0x0000000701600000, size: 4074 MB, Compressed Oops mode: Zero based, Oop shift amount: 3
CDS disabled.
Compressed class space mapped at: 0x0000000800000000-0x0000000840000000, size: 1073741824
Narrow klass base: 0x0000000800000000, Narrow klass shift: 0, Narrow klass range: 0x40000000

GC Precious Log:
 CPUs: 12 total, 12 available
 Memory: 16291M
 Large Page Support: Disabled
 NUMA Support: Disabled
 Compressed Oops: Enabled (Zero based)
 Heap Region Size: 2M
 Heap Min Capacity: 8M
 Heap Initial Capacity: 256M
 Heap Max Capacity: 4074M
 Pre-touch: Disabled
 Parallel Workers: 10
 Concurrent Workers: 3
 Concurrent Refinement Workers: 10
 Periodic GC: Disabled

Heap:
 garbage-first heap   total 262144K, used 45897K [0x0000000701600000, 0x0000000800000000)
  region size 2048K, 23 young (47104K), 2 survivors (4096K)
 Metaspace       used 19510K, capacity 19730K, committed 19840K, reserved 1067008K
  class space    used 2017K, capacity 2085K, committed 2176K, reserved 1048576K

Heap Regions: E=young(eden), S=young(survivor), O=old, HS=humongous(starts), HC=humongous(continues), CS=collection set, F=free, OA=open archive, CA=closed archive, TAMS=top-at-mark-start (previous, next)
|   0|0x0000000701600000, 0x0000000701800000, 0x0000000701800000|100%|HS|  |TAMS 0x0000000701600000, 0x0000000701600000| Complete 
|   1|0x0000000701800000, 0x0000000701800000, 0x0000000701a00000|  0%| F|  |TAMS 0x0000000701800000, 0x0000000701800000| Untracked 
|   2|0x0000000701a00000, 0x0000000701a00000, 0x0000000701c00000|  0%| F|  |TAMS 0x0000000701a00000, 0x0000000701a00000| Untracked 
|   3|0x0000000701c00000, 0x0000000701c00000, 0x0000000701e00000|  0%| F|  |TAMS 0x0000000701c00000, 0x0000000701c00000| Untracked 
|   4|0x0000000701e00000, 0x0000000701e00000, 0x0000000702000000|  0%| F|  |TAMS 0x0000000701e00000, 0x0000000701e00000| Untracked 
|   5|0x0000000702000000, 0x0000000702000000, 0x0000000702200000|  0%| F|  |TAMS 0x0000000702000000, 0x0000000702000000| Untracked 
|   6|0x0000000702200000, 0x0000000702200000, 0x0000000702400000|  0%| F|  |TAMS 0x0000000702200000, 0x0000000702200000| Untracked 
|   7|0x0000000702400000, 0x0000000702400000, 0x0000000702600000|  0%| F|  |TAMS 0x0000000702400000, 0x0000000702400000| Untracked 
|   8|0x0000000702600000, 0x0000000702600000, 0x0000000702800000|  0%| F|  |TAMS 0x0000000702600000, 0x0000000702600000| Untracked 
|   9|0x0000000702800000, 0x0000000702800000, 0x0000000702a00000|  0%| F|  |TAMS 0x0000000702800000, 0x0000000702800000| Untracked 
|  10|0x0000000702a00000, 0x0000000702a00000, 0x0000000702c00000|  0%| F|  |TAMS 0x0000000702a00000, 0x0000000702a00000| Untracked 
|  11|0x0000000702c00000, 0x0000000702c00000, 0x0000000702e00000|  0%| F|  |TAMS 0x0000000702c00000, 0x0000000702c00000| Untracked 
|  12|0x0000000702e00000, 0x0000000702e00000, 0x0000000703000000|  0%| F|  |TAMS 0x0000000702e00000, 0x0000000702e00000| Untracked 
|  13|0x0000000703000000, 0x0000000703000000, 0x0000000703200000|  0%| F|  |TAMS 0x0000000703000000, 0x0000000703000000| Untracked 
|  14|0x0000000703200000, 0x0000000703200000, 0x0000000703400000|  0%| F|  |TAMS 0x0000000703200000, 0x0000000703200000| Untracked 
|  15|0x0000000703400000, 0x0000000703400000, 0x0000000703600000|  0%| F|  |TAMS 0x0000000703400000, 0x0000000703400000| Untracked 
|  16|0x0000000703600000, 0x0000000703600000, 0x0000000703800000|  0%| F|  |TAMS 0x0000000703600000, 0x0000000703600000| Untracked 
|  17|0x0000000703800000, 0x0000000703800000, 0x0000000703a00000|  0%| F|  |TAMS 0x0000000703800000, 0x0000000703800000| Untracked 
|  18|0x0000000703a00000, 0x0000000703a00000, 0x0000000703c00000|  0%| F|  |TAMS 0x0000000703a00000, 0x0000000703a00000| Untracked 
|  19|0x0000000703c00000, 0x0000000703c00000, 0x0000000703e00000|  0%| F|  |TAMS 0x0000000703c00000, 0x0000000703c00000| Untracked 
|  20|0x0000000703e00000, 0x0000000703e00000, 0x0000000704000000|  0%| F|  |TAMS 0x0000000703e00000, 0x0000000703e00000| Untracked 
|  21|0x0000000704000000, 0x0000000704000000, 0x0000000704200000|  0%| F|  |TAMS 0x0000000704000000, 0x0000000704000000| Untracked 
|  22|0x0000000704200000, 0x0000000704200000, 0x0000000704400000|  0%| F|  |TAMS 0x0000000704200000, 0x0000000704200000| Untracked 
|  23|0x0000000704400000, 0x0000000704400000, 0x0000000704600000|  0%| F|  |TAMS 0x0000000704400000, 0x0000000704400000| Untracked 
|  24|0x0000000704600000, 0x0000000704600000, 0x0000000704800000|  0%| F|  |TAMS 0x0000000704600000, 0x0000000704600000| Untracked 
|  25|0x0000000704800000, 0x0000000704800000, 0x0000000704a00000|  0%| F|  |TAMS 0x0000000704800000, 0x0000000704800000| Untracked 
|  26|0x0000000704a00000, 0x0000000704a00000, 0x0000000704c00000|  0%| F|  |TAMS 0x0000000704a00000, 0x0000000704a00000| Untracked 
|  27|0x0000000704c00000, 0x0000000704c00000, 0x0000000704e00000|  0%| F|  |TAMS 0x0000000704c00000, 0x0000000704c00000| Untracked 
|  28|0x0000000704e00000, 0x0000000704e00000, 0x0000000705000000|  0%| F|  |TAMS 0x0000000704e00000, 0x0000000704e00000| Untracked 
|  29|0x0000000705000000, 0x0000000705000000, 0x0000000705200000|  0%| F|  |TAMS 0x0000000705000000, 0x0000000705000000| Untracked 
|  30|0x0000000705200000, 0x0000000705200000, 0x0000000705400000|  0%| F|  |TAMS 0x0000000705200000, 0x0000000705200000| Untracked 
|  31|0x0000000705400000, 0x0000000705400000, 0x0000000705600000|  0%| F|  |TAMS 0x0000000705400000, 0x0000000705400000| Untracked 
|  32|0x0000000705600000, 0x0000000705600000, 0x0000000705800000|  0%| F|  |TAMS 0x0000000705600000, 0x0000000705600000| Untracked 
|  33|0x0000000705800000, 0x0000000705800000, 0x0000000705a00000|  0%| F|  |TAMS 0x0000000705800000, 0x0000000705800000| Untracked 
|  34|0x0000000705a00000, 0x0000000705a00000, 0x0000000705c00000|  0%| F|  |TAMS 0x0000000705a00000, 0x0000000705a00000| Untracked 
|  35|0x0000000705c00000, 0x0000000705c00000, 0x0000000705e00000|  0%| F|  |TAMS 0x0000000705c00000, 0x0000000705c00000| Untracked 
|  36|0x0000000705e00000, 0x0000000705e00000, 0x0000000706000000|  0%| F|  |TAMS 0x0000000705e00000, 0x0000000705e00000| Untracked 
|  37|0x0000000706000000, 0x0000000706000000, 0x0000000706200000|  0%| F|  |TAMS 0x0000000706000000, 0x0000000706000000| Untracked 
|  38|0x0000000706200000, 0x0000000706200000, 0x0000000706400000|  0%| F|  |TAMS 0x0000000706200000, 0x0000000706200000| Untracked 
|  39|0x0000000706400000, 0x0000000706400000, 0x0000000706600000|  0%| F|  |TAMS 0x0000000706400000, 0x0000000706400000| Untracked 
|  40|0x0000000706600000, 0x0000000706600000, 0x0000000706800000|  0%| F|  |TAMS 0x0000000706600000, 0x0000000706600000| Untracked 
|  41|0x0000000706800000, 0x0000000706800000, 0x0000000706a00000|  0%| F|  |TAMS 0x0000000706800000, 0x0000000706800000| Untracked 
|  42|0x0000000706a00000, 0x0000000706a00000, 0x0000000706c00000|  0%| F|  |TAMS 0x0000000706a00000, 0x0000000706a00000| Untracked 
|  43|0x0000000706c00000, 0x0000000706c00000, 0x0000000706e00000|  0%| F|  |TAMS 0x0000000706c00000, 0x0000000706c00000| Untracked 
|  44|0x0000000706e00000, 0x0000000706e00000, 0x0000000707000000|  0%| F|  |TAMS 0x0000000706e00000, 0x0000000706e00000| Untracked 
|  45|0x0000000707000000, 0x0000000707000000, 0x0000000707200000|  0%| F|  |TAMS 0x0000000707000000, 0x0000000707000000| Untracked 
|  46|0x0000000707200000, 0x0000000707200000, 0x0000000707400000|  0%| F|  |TAMS 0x0000000707200000, 0x0000000707200000| Untracked 
|  47|0x0000000707400000, 0x0000000707400000, 0x0000000707600000|  0%| F|  |TAMS 0x0000000707400000, 0x0000000707400000| Untracked 
|  48|0x0000000707600000, 0x0000000707600000, 0x0000000707800000|  0%| F|  |TAMS 0x0000000707600000, 0x0000000707600000| Untracked 
|  49|0x0000000707800000, 0x0000000707800000, 0x0000000707a00000|  0%| F|  |TAMS 0x0000000707800000, 0x0000000707800000| Untracked 
|  50|0x0000000707a00000, 0x0000000707a00000, 0x0000000707c00000|  0%| F|  |TAMS 0x0000000707a00000, 0x0000000707a00000| Untracked 
|  51|0x0000000707c00000, 0x0000000707c00000, 0x0000000707e00000|  0%| F|  |TAMS 0x0000000707c00000, 0x0000000707c00000| Untracked 
|  52|0x0000000707e00000, 0x0000000707e00000, 0x0000000708000000|  0%| F|  |TAMS 0x0000000707e00000, 0x0000000707e00000| Untracked 
|  53|0x0000000708000000, 0x0000000708000000, 0x0000000708200000|  0%| F|  |TAMS 0x0000000708000000, 0x0000000708000000| Untracked 
|  54|0x0000000708200000, 0x0000000708200000, 0x0000000708400000|  0%| F|  |TAMS 0x0000000708200000, 0x0000000708200000| Untracked 
|  55|0x0000000708400000, 0x0000000708400000, 0x0000000708600000|  0%| F|  |TAMS 0x0000000708400000, 0x0000000708400000| Untracked 
|  56|0x0000000708600000, 0x0000000708600000, 0x0000000708800000|  0%| F|  |TAMS 0x0000000708600000, 0x0000000708600000| Untracked 
|  57|0x0000000708800000, 0x0000000708800000, 0x0000000708a00000|  0%| F|  |TAMS 0x0000000708800000, 0x0000000708800000| Untracked 
|  58|0x0000000708a00000, 0x0000000708a00000, 0x0000000708c00000|  0%| F|  |TAMS 0x0000000708a00000, 0x0000000708a00000| Untracked 
|  59|0x0000000708c00000, 0x0000000708c00000, 0x0000000708e00000|  0%| F|  |TAMS 0x0000000708c00000, 0x0000000708c00000| Untracked 
|  60|0x0000000708e00000, 0x0000000708e00000, 0x0000000709000000|  0%| F|  |TAMS 0x0000000708e00000, 0x0000000708e00000| Untracked 
|  61|0x0000000709000000, 0x0000000709000000, 0x0000000709200000|  0%| F|  |TAMS 0x0000000709000000, 0x0000000709000000| Untracked 
|  62|0x0000000709200000, 0x0000000709200000, 0x0000000709400000|  0%| F|  |TAMS 0x0000000709200000, 0x0000000709200000| Untracked 
|  63|0x0000000709400000, 0x0000000709400000, 0x0000000709600000|  0%| F|  |TAMS 0x0000000709400000, 0x0000000709400000| Untracked 
|  64|0x0000000709600000, 0x0000000709600000, 0x0000000709800000|  0%| F|  |TAMS 0x0000000709600000, 0x0000000709600000| Untracked 
|  65|0x0000000709800000, 0x0000000709800000, 0x0000000709a00000|  0%| F|  |TAMS 0x0000000709800000, 0x0000000709800000| Untracked 
|  66|0x0000000709a00000, 0x0000000709a00000, 0x0000000709c00000|  0%| F|  |TAMS 0x0000000709a00000, 0x0000000709a00000| Untracked 
|  67|0x0000000709c00000, 0x0000000709c00000, 0x0000000709e00000|  0%| F|  |TAMS 0x0000000709c00000, 0x0000000709c00000| Untracked 
|  68|0x0000000709e00000, 0x0000000709e00000, 0x000000070a000000|  0%| F|  |TAMS 0x0000000709e00000, 0x0000000709e00000| Untracked 
|  69|0x000000070a000000, 0x000000070a000000, 0x000000070a200000|  0%| F|  |TAMS 0x000000070a000000, 0x000000070a000000| Untracked 
|  70|0x000000070a200000, 0x000000070a200000, 0x000000070a400000|  0%| F|  |TAMS 0x000000070a200000, 0x000000070a200000| Untracked 
|  71|0x000000070a400000, 0x000000070a400000, 0x000000070a600000|  0%| F|  |TAMS 0x000000070a400000, 0x000000070a400000| Untracked 
|  72|0x000000070a600000, 0x000000070a600000, 0x000000070a800000|  0%| F|  |TAMS 0x000000070a600000, 0x000000070a600000| Untracked 
|  73|0x000000070a800000, 0x000000070a800000, 0x000000070aa00000|  0%| F|  |TAMS 0x000000070a800000, 0x000000070a800000| Untracked 
|  74|0x000000070aa00000, 0x000000070aa00000, 0x000000070ac00000|  0%| F|  |TAMS 0x000000070aa00000, 0x000000070aa00000| Untracked 
|  75|0x000000070ac00000, 0x000000070ac00000, 0x000000070ae00000|  0%| F|  |TAMS 0x000000070ac00000, 0x000000070ac00000| Untracked 
|  76|0x000000070ae00000, 0x000000070ae00000, 0x000000070b000000|  0%| F|  |TAMS 0x000000070ae00000, 0x000000070ae00000| Untracked 
|  77|0x000000070b000000, 0x000000070b000000, 0x000000070b200000|  0%| F|  |TAMS 0x000000070b000000, 0x000000070b000000| Untracked 
|  78|0x000000070b200000, 0x000000070b200000, 0x000000070b400000|  0%| F|  |TAMS 0x000000070b200000, 0x000000070b200000| Untracked 
|  79|0x000000070b400000, 0x000000070b400000, 0x000000070b600000|  0%| F|  |TAMS 0x000000070b400000, 0x000000070b400000| Untracked 
|  80|0x000000070b600000, 0x000000070b600000, 0x000000070b800000|  0%| F|  |TAMS 0x000000070b600000, 0x000000070b600000| Untracked 
|  81|0x000000070b800000, 0x000000070b800000, 0x000000070ba00000|  0%| F|  |TAMS 0x000000070b800000, 0x000000070b800000| Untracked 
|  82|0x000000070ba00000, 0x000000070ba00000, 0x000000070bc00000|  0%| F|  |TAMS 0x000000070ba00000, 0x000000070ba00000| Untracked 
|  83|0x000000070bc00000, 0x000000070bc00000, 0x000000070be00000|  0%| F|  |TAMS 0x000000070bc00000, 0x000000070bc00000| Untracked 
|  84|0x000000070be00000, 0x000000070be00000, 0x000000070c000000|  0%| F|  |TAMS 0x000000070be00000, 0x000000070be00000| Untracked 
|  85|0x000000070c000000, 0x000000070c000000, 0x000000070c200000|  0%| F|  |TAMS 0x000000070c000000, 0x000000070c000000| Untracked 
|  86|0x000000070c200000, 0x000000070c200000, 0x000000070c400000|  0%| F|  |TAMS 0x000000070c200000, 0x000000070c200000| Untracked 
|  87|0x000000070c400000, 0x000000070c400000, 0x000000070c600000|  0%| F|  |TAMS 0x000000070c400000, 0x000000070c400000| Untracked 
|  88|0x000000070c600000, 0x000000070c600000, 0x000000070c800000|  0%| F|  |TAMS 0x000000070c600000, 0x000000070c600000| Untracked 
|  89|0x000000070c800000, 0x000000070c800000, 0x000000070ca00000|  0%| F|  |TAMS 0x000000070c800000, 0x000000070c800000| Untracked 
|  90|0x000000070ca00000, 0x000000070ca00000, 0x000000070cc00000|  0%| F|  |TAMS 0x000000070ca00000, 0x000000070ca00000| Untracked 
|  91|0x000000070cc00000, 0x000000070cc00000, 0x000000070ce00000|  0%| F|  |TAMS 0x000000070cc00000, 0x000000070cc00000| Untracked 
|  92|0x000000070ce00000, 0x000000070ce00000, 0x000000070d000000|  0%| F|  |TAMS 0x000000070ce00000, 0x000000070ce00000| Untracked 
|  93|0x000000070d000000, 0x000000070d000000, 0x000000070d200000|  0%| F|  |TAMS 0x000000070d000000, 0x000000070d000000| Untracked 
|  94|0x000000070d200000, 0x000000070d200000, 0x000000070d400000|  0%| F|  |TAMS 0x000000070d200000, 0x000000070d200000| Untracked 
|  95|0x000000070d400000, 0x000000070d400000, 0x000000070d600000|  0%| F|  |TAMS 0x000000070d400000, 0x000000070d400000| Untracked 
|  96|0x000000070d600000, 0x000000070d600000, 0x000000070d800000|  0%| F|  |TAMS 0x000000070d600000, 0x000000070d600000| Untracked 
|  97|0x000000070d800000, 0x000000070d800000, 0x000000070da00000|  0%| F|  |TAMS 0x000000070d800000, 0x000000070d800000| Untracked 
|  98|0x000000070da00000, 0x000000070da00000, 0x000000070dc00000|  0%| F|  |TAMS 0x000000070da00000, 0x000000070da00000| Untracked 
|  99|0x000000070dc00000, 0x000000070dc00000, 0x000000070de00000|  0%| F|  |TAMS 0x000000070dc00000, 0x000000070dc00000| Untracked 
| 100|0x000000070de00000, 0x000000070de00000, 0x000000070e000000|  0%| F|  |TAMS 0x000000070de00000, 0x000000070de00000| Untracked 
| 101|0x000000070e000000, 0x000000070e000000, 0x000000070e200000|  0%| F|  |TAMS 0x000000070e000000, 0x000000070e000000| Untracked 
| 102|0x000000070e200000, 0x000000070e200000, 0x000000070e400000|  0%| F|  |TAMS 0x000000070e200000, 0x000000070e200000| Untracked 
| 103|0x000000070e400000, 0x000000070e400000, 0x000000070e600000|  0%| F|  |TAMS 0x000000070e400000, 0x000000070e400000| Untracked 
| 104|0x000000070e600000, 0x000000070e600000, 0x000000070e800000|  0%| F|  |TAMS 0x000000070e600000, 0x000000070e600000| Untracked 
| 105|0x000000070e800000, 0x000000070ea00000, 0x000000070ea00000|100%| E|  |TAMS 0x000000070e800000, 0x000000070e800000| Complete 
| 106|0x000000070ea00000, 0x000000070ec00000, 0x000000070ec00000|100%| E|CS|TAMS 0x000000070ea00000, 0x000000070ea00000| Complete 
| 107|0x000000070ec00000, 0x000000070ee00000, 0x000000070ee00000|100%| E|CS|TAMS 0x000000070ec00000, 0x000000070ec00000| Complete 
| 108|0x000000070ee00000, 0x000000070eed27b8, 0x000000070f000000| 41%| S|CS|TAMS 0x000000070ee00000, 0x000000070ee00000| Complete 
| 109|0x000000070f000000, 0x000000070f200000, 0x000000070f200000|100%| S|CS|TAMS 0x000000070f000000, 0x000000070f000000| Complete 
| 110|0x000000070f200000, 0x000000070f400000, 0x000000070f400000|100%| E|CS|TAMS 0x000000070f200000, 0x000000070f200000| Complete 
| 111|0x000000070f400000, 0x000000070f600000, 0x000000070f600000|100%| E|CS|TAMS 0x000000070f400000, 0x000000070f400000| Complete 
| 112|0x000000070f600000, 0x000000070f800000, 0x000000070f800000|100%| E|CS|TAMS 0x000000070f600000, 0x000000070f600000| Complete 
| 113|0x000000070f800000, 0x000000070fa00000, 0x000000070fa00000|100%| E|CS|TAMS 0x000000070f800000, 0x000000070f800000| Complete 
| 114|0x000000070fa00000, 0x000000070fc00000, 0x000000070fc00000|100%| E|CS|TAMS 0x000000070fa00000, 0x000000070fa00000| Complete 
| 115|0x000000070fc00000, 0x000000070fe00000, 0x000000070fe00000|100%| E|CS|TAMS 0x000000070fc00000, 0x000000070fc00000| Complete 
| 116|0x000000070fe00000, 0x0000000710000000, 0x0000000710000000|100%| E|CS|TAMS 0x000000070fe00000, 0x000000070fe00000| Complete 
| 117|0x0000000710000000, 0x0000000710200000, 0x0000000710200000|100%| E|CS|TAMS 0x0000000710000000, 0x0000000710000000| Complete 
| 118|0x0000000710200000, 0x0000000710400000, 0x0000000710400000|100%| E|CS|TAMS 0x0000000710200000, 0x0000000710200000| Complete 
| 119|0x0000000710400000, 0x0000000710600000, 0x0000000710600000|100%| E|CS|TAMS 0x0000000710400000, 0x0000000710400000| Complete 
| 120|0x0000000710600000, 0x0000000710800000, 0x0000000710800000|100%| E|CS|TAMS 0x0000000710600000, 0x0000000710600000| Complete 
| 121|0x0000000710800000, 0x0000000710a00000, 0x0000000710a00000|100%| E|CS|TAMS 0x0000000710800000, 0x0000000710800000| Complete 
| 122|0x0000000710a00000, 0x0000000710c00000, 0x0000000710c00000|100%| E|CS|TAMS 0x0000000710a00000, 0x0000000710a00000| Complete 
| 123|0x0000000710c00000, 0x0000000710e00000, 0x0000000710e00000|100%| E|CS|TAMS 0x0000000710c00000, 0x0000000710c00000| Complete 
| 124|0x0000000710e00000, 0x0000000711000000, 0x0000000711000000|100%| E|CS|TAMS 0x0000000710e00000, 0x0000000710e00000| Complete 
| 125|0x0000000711000000, 0x0000000711200000, 0x0000000711200000|100%| E|CS|TAMS 0x0000000711000000, 0x0000000711000000| Complete 
| 126|0x0000000711200000, 0x0000000711400000, 0x0000000711400000|100%| E|CS|TAMS 0x0000000711200000, 0x0000000711200000| Complete 
| 127|0x0000000711400000, 0x0000000711600000, 0x0000000711600000|100%| E|CS|TAMS 0x0000000711400000, 0x0000000711400000| Complete 

Card table byte_map: [0x000001873e460000,0x000001873ec60000] _byte_map_base: 0x000001873ac55000

Marking Bits (Prev, Next): (CMBitMap*) 0x000001872ad41880, (CMBitMap*) 0x000001872ad418c0
 Prev Bits: [0x000001873f460000, 0x0000018743408000)
 Next Bits: [0x0000018743410000, 0x00000187473b8000)

Polling page: 0x0000018728c80000

Metaspace:

Usage:
  Non-class:     17.23 MB capacity,    17.08 MB (>99%) used,   130.02 KB ( <1%) free+waste,    22.44 KB ( <1%) overhead. 
      Class:      2.04 MB capacity,     1.97 MB ( 97%) used,    59.60 KB (  3%) free+waste,     7.44 KB ( <1%) overhead. 
       Both:     19.27 MB capacity,    19.05 MB ( 99%) used,   189.62 KB ( <1%) free+waste,    29.88 KB ( <1%) overhead. 

Virtual space:
  Non-class space:       18.00 MB reserved,      17.25 MB ( 96%) committed 
      Class space:        1.00 GB reserved,       2.12 MB ( <1%) committed 
             Both:        1.02 GB reserved,      19.38 MB (  2%) committed 

Chunk freelists:
   Non-Class:  19.00 KB
       Class:  27.00 KB
        Both:  46.00 KB

MaxMetaspaceSize: 17179869184.00 GB
CompressedClassSpaceSize: 1.00 GB

CodeHeap 'non-profiled nmethods': size=120000Kb used=1202Kb max_used=1202Kb free=118797Kb
 bounds [0x00000187361e0000, 0x0000018736450000, 0x000001873d710000]
CodeHeap 'profiled nmethods': size=120000Kb used=3825Kb max_used=3825Kb free=116174Kb
 bounds [0x000001872ecb0000, 0x000001872f070000, 0x00000187361e0000]
CodeHeap 'non-nmethods': size=5760Kb used=1316Kb max_used=1379Kb free=4443Kb
 bounds [0x000001872e710000, 0x000001872e980000, 0x000001872ecb0000]
 total_blobs=2861 nmethods=2245 adapters=529
 compilation: enabled
              stopped_count=0, restarted_count=0
 full_count=0

Compilation events (20 events):
Event: 4.105 Thread 0x000001875582e490 nmethod 2236 0x0000018736305510 code [0x00000187363056c0, 0x0000018736305c08]
Event: 4.111 Thread 0x000001875582e490 2237   !   4       sun.java2d.SurfaceDataProxy::replaceData (329 bytes)
Event: 4.118 Thread 0x000001874a909090 2238       4       sun.awt.image.BufImgSurfaceData::getBounds (22 bytes)
Event: 4.119 Thread 0x000001874a909090 nmethod 2238 0x0000018736305e90 code [0x0000018736306020, 0x0000018736306118]
Event: 4.163 Thread 0x000001874a909090 2239       4       java.awt.geom.AffineTransform::rotate (160 bytes)
Event: 4.164 Thread 0x000001874a909090 nmethod 2239 0x0000018736306210 code [0x00000187363063e0, 0x0000018736306598]
Event: 4.164 Thread 0x000001874a909090 2240       4       java.awt.geom.AffineTransform::invert (593 bytes)
Event: 4.165 Thread 0x000001874a909090 nmethod 2240 0x0000018736306710 code [0x00000187363068e0, 0x0000018736306a58]
Event: 4.173 Thread 0x000001874a90c6e0 2241       3       java.awt.Component::isValid (20 bytes)
Event: 4.174 Thread 0x000001874a90c6e0 nmethod 2241 0x000001872f06c290 code [0x000001872f06c420, 0x000001872f06c5b8]
Event: 4.199 Thread 0x000001874a909090 2242       4       javax.swing.text.Utilities::getTabbedTextWidth (363 bytes)
Event: 4.208 Thread 0x000001874a909090 nmethod 2242 0x0000018736306b90 code [0x0000018736306da0, 0x00000187363077b0]
Event: 4.213 Thread 0x000001874a909090 2243       4       java.util.Arrays::copyOf (40 bytes)
Event: 4.215 Thread 0x000001874a909090 nmethod 2243 0x0000018736308190 code [0x0000018736308320, 0x0000018736308758]
Event: 4.216 Thread 0x000001874a909090 2244       4       sun.java2d.pipe.PixelToParallelogramConverter::drawRectangle (359 bytes)
Event: 4.232 Thread 0x000001874a909090 nmethod 2244 0x0000018736308990 code [0x0000018736308c00, 0x000001873630a050]
Event: 4.232 Thread 0x000001874a909090 2245   !   4       sun.java2d.pipe.BufferedRenderPipe::drawParallelogram (142 bytes)
Event: 4.243 Thread 0x000001874a909090 nmethod 2245 0x000001873630ac90 code [0x000001873630ae80, 0x000001873630b9f0]
Event: 4.243 Thread 0x000001874a909090 2246       4       sun.font.CompositeFont::getMapper (24 bytes)
Event: 4.244 Thread 0x000001874a909090 nmethod 2246 0x000001873630c390 code [0x000001873630c500, 0x000001873630c578]

GC Heap History (4 events):
Event: 1.815 GC heap before
{Heap before GC invocations=0 (full 0):
 garbage-first heap   total 262144K, used 24576K [0x0000000701600000, 0x0000000800000000)
  region size 2048K, 11 young (22528K), 0 survivors (0K)
 Metaspace       used 19163K, capacity 19378K, committed 19584K, reserved 1067008K
  class space    used 1989K, capacity 2053K, committed 2176K, reserved 1048576K
}
Event: 1.819 GC heap after
{Heap after GC invocations=1 (full 0):
 garbage-first heap   total 262144K, used 4551K [0x0000000701600000, 0x0000000800000000)
  region size 2048K, 2 young (4096K), 2 survivors (4096K)
 Metaspace       used 19163K, capacity 19378K, committed 19584K, reserved 1067008K
  class space    used 1989K, capacity 2053K, committed 2176K, reserved 1048576K
}
Event: 2.952 GC heap before
{Heap before GC invocations=1 (full 0):
 garbage-first heap   total 262144K, used 37319K [0x0000000701600000, 0x0000000800000000)
  region size 2048K, 18 young (36864K), 2 survivors (4096K)
 Metaspace       used 19499K, capacity 19730K, committed 19840K, reserved 1067008K
  class space    used 2016K, capacity 2085K, committed 2176K, reserved 1048576K
}
Event: 2.955 GC heap after
{Heap after GC invocations=2 (full 0):
 garbage-first heap   total 262144K, used 4937K [0x0000000701600000, 0x0000000800000000)
  region size 2048K, 2 young (4096K), 2 survivors (4096K)
 Metaspace       used 19499K, capacity 19730K, committed 19840K, reserved 1067008K
  class space    used 2016K, capacity 2085K, committed 2176K, reserved 1048576K
}

Deoptimization events (20 events):
Event: 2.904 Thread 0x000001874a8ff990 Uncommon trap: trap_request=0xffffffde fr.pc=0x00000187361fe3bc relative=0x000000000000019c
Event: 2.904 Thread 0x000001874a8ff990 Uncommon trap: reason=class_check action=maybe_recompile pc=0x00000187361fe3bc method=java.lang.String.equals(Ljava/lang/Object;)Z @ 8 c2
Event: 2.904 Thread 0x000001874a8ff990 DEOPT PACKING pc=0x00000187361fe3bc sp=0x00000058d6cfe290
Event: 2.904 Thread 0x000001874a8ff990 DEOPT UNPACKING pc=0x000001872e75e42f sp=0x00000058d6cfe238 mode 2
Event: 2.904 Thread 0x000001874a8ff990 Uncommon trap: trap_request=0xffffffde fr.pc=0x00000187361fe3bc relative=0x000000000000019c
Event: 2.904 Thread 0x000001874a8ff990 Uncommon trap: reason=class_check action=maybe_recompile pc=0x00000187361fe3bc method=java.lang.String.equals(Ljava/lang/Object;)Z @ 8 c2
Event: 2.904 Thread 0x000001874a8ff990 DEOPT PACKING pc=0x00000187361fe3bc sp=0x00000058d6cfe290
Event: 2.904 Thread 0x000001874a8ff990 DEOPT UNPACKING pc=0x000001872e75e42f sp=0x00000058d6cfe238 mode 2
Event: 2.999 Thread 0x000001874a8ff990 Uncommon trap: trap_request=0xffffffde fr.pc=0x00000187361fe3bc relative=0x000000000000019c
Event: 2.999 Thread 0x000001874a8ff990 Uncommon trap: reason=class_check action=maybe_recompile pc=0x00000187361fe3bc method=java.lang.String.equals(Ljava/lang/Object;)Z @ 8 c2
Event: 2.999 Thread 0x000001874a8ff990 DEOPT PACKING pc=0x00000187361fe3bc sp=0x00000058d6cfe290
Event: 2.999 Thread 0x000001874a8ff990 DEOPT UNPACKING pc=0x000001872e75e42f sp=0x00000058d6cfe238 mode 2
Event: 2.999 Thread 0x000001874a8ff990 Uncommon trap: trap_request=0xffffffde fr.pc=0x00000187361fe3bc relative=0x000000000000019c
Event: 2.999 Thread 0x000001874a8ff990 Uncommon trap: reason=class_check action=maybe_recompile pc=0x00000187361fe3bc method=java.lang.String.equals(Ljava/lang/Object;)Z @ 8 c2
Event: 2.999 Thread 0x000001874a8ff990 DEOPT PACKING pc=0x00000187361fe3bc sp=0x00000058d6cfe290
Event: 2.999 Thread 0x000001874a8ff990 DEOPT UNPACKING pc=0x000001872e75e42f sp=0x00000058d6cfe238 mode 2
Event: 4.070 Thread 0x000001874a8ff4c0 Uncommon trap: trap_request=0xffffffcc fr.pc=0x00000187363048ac relative=0x000000000000020c
Event: 4.070 Thread 0x000001874a8ff4c0 Uncommon trap: reason=intrinsic_or_type_checked_inlining action=make_not_entrant pc=0x00000187363048ac method=java.util.Arrays.copyOf([Ljava/lang/Object;ILjava/lang/Class;)[Ljava/lang/Object; @ 35 c2
Event: 4.070 Thread 0x000001874a8ff4c0 DEOPT PACKING pc=0x00000187363048ac sp=0x00000058d70ff0c0
Event: 4.070 Thread 0x000001874a8ff4c0 DEOPT UNPACKING pc=0x000001872e75e42f sp=0x00000058d70ff050 mode 2

Classes unloaded (0 events):
No events

Classes redefined (0 events):
No events

Internal exceptions (18 events):
Event: 0.122 Thread 0x000001872acefe80 Exception <a 'java/lang/NoSuchMethodError'{0x0000000711538010}: 'void java.lang.invoke.DirectMethodHandle$Holder.invokeSpecial(java.lang.Object, java.lang.Object, java.lang.Object)'> (0x0000000711538010) 
thrown [./open/src/hotspot/share/interpreter/linkResolver.cpp, line 782]
Event: 0.141 Thread 0x000001872acefe80 Exception <a 'java/lang/ClassNotFoundException'{0x0000000711555280}: sun/awt/resources/spi/awtProvider> (0x0000000711555280) 
thrown [./open/src/hotspot/share/classfile/systemDictionary.cpp, line 295]
Event: 0.164 Thread 0x000001872acefe80 Exception <a 'java/io/FileNotFoundException'{0x00000007115b10d8}> (0x00000007115b10d8) 
thrown [./open/src/hotspot/share/prims/jni.cpp, line 578]
Event: 0.169 Thread 0x000001872acefe80 Exception <a 'java/io/FileNotFoundException'{0x00000007115dfc08}> (0x00000007115dfc08) 
thrown [./open/src/hotspot/share/prims/jni.cpp, line 578]
Event: 0.170 Thread 0x000001872acefe80 Exception <a 'java/lang/NoSuchMethodError'{0x00000007115e0f40}: 'java.lang.Object java.lang.invoke.DirectMethodHandle$Holder.invokeStatic(java.lang.Object)'> (0x00000007115e0f40) 
thrown [./open/src/hotspot/share/interpreter/linkResolver.cpp, line 782]
Event: 0.210 Thread 0x000001872acefe80 Exception <a 'java/lang/NoSuchMethodError'{0x0000000711250578}: 'java.lang.Object java.lang.invoke.DirectMethodHandle$Holder.invokeStaticInit(java.lang.Object)'> (0x0000000711250578) 
thrown [./open/src/hotspot/share/interpreter/linkResolver.cpp, line 782]
Event: 0.237 Thread 0x000001872acefe80 Exception <a 'java/lang/NoSuchMethodError'{0x0000000711313a30}: 'java.lang.Object java.lang.invoke.DirectMethodHandle$Holder.newInvokeSpecial(java.lang.Object, java.lang.Object, java.lang.Object, java.lang.Object, java.lang.Object)'> (0x0000000711313a30) 
thrown [./open/src/hotspot/share/interpreter/linkResolver.cpp, line 782]
Event: 0.238 Thread 0x000001872acefe80 Exception <a 'java/lang/NoSuchMethodError'{0x000000071131f4c0}: 'java.lang.Object java.lang.invoke.DirectMethodHandle$Holder.invokeStatic(java.lang.Object, int, java.lang.Object, java.lang.Object, java.lang.Object, java.lang.Object)'> (0x000000071131f4c0) 
thrown [./open/src/hotspot/share/interpreter/linkResolver.cpp, line 782]
Event: 0.241 Thread 0x000001872acefe80 Exception <a 'java/lang/NoSuchMethodError'{0x0000000711345768}: 'java.lang.Object java.lang.invoke.DirectMethodHandle$Holder.invokeStatic(java.lang.Object, int, java.lang.Object)'> (0x0000000711345768) 
thrown [./open/src/hotspot/share/interpreter/linkResolver.cpp, line 782]
Event: 0.263 Thread 0x000001872acefe80 Exception <a 'java/lang/ClassNotFoundException'{0x0000000711000ac0}: com/sun/swing/internal/plaf/metal/resources/spi/metalProvider> (0x0000000711000ac0) 
thrown [./open/src/hotspot/share/classfile/systemDictionary.cpp, line 295]
Event: 0.264 Thread 0x000001872acefe80 Exception <a 'java/lang/ClassNotFoundException'{0x0000000711004cf8}: com/sun/swing/internal/plaf/basic/resources/spi/basicProvider> (0x0000000711004cf8) 
thrown [./open/src/hotspot/share/classfile/systemDictionary.cpp, line 295]
Event: 0.310 Thread 0x000001872acefe80 Exception <a 'java/lang/NoSuchMethodError'{0x00000007110811f0}: 'void java.lang.invoke.DirectMethodHandle$Holder.invokeStatic(java.lang.Object, java.lang.Object)'> (0x00000007110811f0) 
thrown [./open/src/hotspot/share/interpreter/linkResolver.cpp, line 782]
Event: 0.311 Thread 0x000001872acefe80 Exception <a 'java/lang/NoSuchMethodError'{0x0000000711084bf8}: 'void java.lang.invoke.DirectMethodHandle$Holder.invokeStaticInit(java.lang.Object, java.lang.Object)'> (0x0000000711084bf8) 
thrown [./open/src/hotspot/share/interpreter/linkResolver.cpp, line 782]
Event: 0.315 Thread 0x000001872acefe80 Exception <a 'java/lang/NoSuchMethodError'{0x00000007110b1b80}: 'java.lang.Object java.lang.invoke.DirectMethodHandle$Holder.invokeStaticInit(java.lang.Object, int, int, int, int)'> (0x00000007110b1b80) 
thrown [./open/src/hotspot/share/interpreter/linkResolver.cpp, line 782]
Event: 0.348 Thread 0x000001872acefe80 Exception <a 'java/lang/NoSuchMethodError'{0x00000007110f5930}: 'java.lang.Object java.lang.invoke.DirectMethodHandle$Holder.invokeStaticInit(java.lang.Object, java.lang.Object, int, int, int, int)'> (0x00000007110f5930) 
thrown [./open/src/hotspot/share/interpreter/linkResolver.cpp, line 782]
Event: 0.506 Thread 0x000001872acefe80 Exception <a 'java/lang/NoSuchMethodError'{0x000000071113fa28}: 'void java.lang.invoke.DirectMethodHandle$Holder.invokeStaticInit(java.lang.Object)'> (0x000000071113fa28) 
thrown [./open/src/hotspot/share/interpreter/linkResolver.cpp, line 782]
Event: 0.600 Thread 0x000001872acefe80 Exception <a 'java/lang/NoSuchMethodError'{0x0000000710e3a4a0}: 'void java.lang.invoke.DirectMethodHandle$Holder.invokeStatic(java.lang.Object, java.lang.Object, java.lang.Object)'> (0x0000000710e3a4a0) 
thrown [./open/src/hotspot/share/interpreter/linkResolver.cpp, line 782]
Event: 0.615 Thread 0x000001874a8fc970 Exception <a 'java/lang/NoSuchMethodError'{0x0000000710e80c30}: 'java.lang.Object java.lang.invoke.DirectMethodHandle$Holder.newInvokeSpecial(java.lang.Object, java.lang.Object, java.lang.Object, int, int, int, int, int)'> (0x0000000710e80c30) 
thrown [./open/src/hotspot/share/interpreter/linkResolver.cpp, line 782]

Events (20 events):
Event: 2.906 loading class sun/swing/text/UndoableEditLockSupport
Event: 2.906 loading class sun/swing/text/UndoableEditLockSupport done
Event: 2.907 loading class javax/swing/text/AbstractDocument$DefaultDocumentEventUndoableWrapper done
Event: 2.907 loading class javax/swing/event/UndoableEditListener
Event: 2.907 loading class javax/swing/event/UndoableEditListener done
Event: 2.907 loading class javax/swing/RepaintManager$3
Event: 2.907 loading class javax/swing/RepaintManager$3 done
Event: 2.952 Executing VM operation: G1CollectForAllocation
Event: 2.955 Executing VM operation: G1CollectForAllocation done
Event: 2.955 Executing VM operation: HandshakeAllThreads
Event: 2.955 Executing VM operation: HandshakeAllThreads done
Event: 3.253 Thread 0x000001875582e490 Thread added: 0x000001875582e490
Event: 3.253 Thread 0x0000018753cbda80 Thread added: 0x0000018753cbda80
Event: 3.515 loading class javax/swing/text/GapContent$RemoveUndo
Event: 3.515 loading class javax/swing/text/GapContent$RemoveUndo done
Event: 3.660 loading class javax/swing/text/GapContent$UndoPosRef
Event: 3.660 loading class javax/swing/text/GapContent$UndoPosRef done
Event: 3.815 Thread 0x0000018753cbda80 Thread exited: 0x0000018753cbda80
Event: 3.963 Executing VM operation: HandshakeAllThreads
Event: 3.963 Executing VM operation: HandshakeAllThreads done


Dynamic libraries:
0x00007ff7256d0000 - 0x00007ff7256dd000 	C:\Users\hmirz\.p2\pool\plugins\org.eclipse.justj.openjdk.hotspot.jre.full.win32.x86_64_15.0.2.v20210201-0955\jre\bin\javaw.exe
0x00007ff995530000 - 0x00007ff995725000 	C:\WINDOWS\SYSTEM32\ntdll.dll
0x00007ff995400000 - 0x00007ff9954bd000 	C:\WINDOWS\System32\KERNEL32.DLL
0x00007ff992ca0000 - 0x00007ff992f68000 	C:\WINDOWS\System32\KERNELBASE.dll
0x00007ff9930c0000 - 0x00007ff9931c0000 	C:\WINDOWS\System32\ucrtbase.dll
0x00007ff969610000 - 0x00007ff969629000 	C:\Users\hmirz\.p2\pool\plugins\org.eclipse.justj.openjdk.hotspot.jre.full.win32.x86_64_15.0.2.v20210201-0955\jre\bin\VCRUNTIME140.dll
0x00007ff9697c0000 - 0x00007ff9697d8000 	C:\Users\hmirz\.p2\pool\plugins\org.eclipse.justj.openjdk.hotspot.jre.full.win32.x86_64_15.0.2.v20210201-0955\jre\bin\jli.dll
0x00007ff994830000 - 0x00007ff9949d0000 	C:\WINDOWS\System32\USER32.dll
0x00007ff992f70000 - 0x00007ff992f92000 	C:\WINDOWS\System32\win32u.dll
0x00007ff995070000 - 0x00007ff99509a000 	C:\WINDOWS\System32\GDI32.dll
0x00007ff980d00000 - 0x00007ff980f9a000 	C:\WINDOWS\WinSxS\amd64_microsoft.windows.common-controls_6595b64144ccf1df_6.0.19041.844_none_ca00b6081b84eb1d\COMCTL32.dll
0x00007ff993420000 - 0x00007ff99352b000 	C:\WINDOWS\System32\gdi32full.dll
0x00007ff993020000 - 0x00007ff9930bd000 	C:\WINDOWS\System32\msvcp_win.dll
0x00007ff9936e0000 - 0x00007ff99377e000 	C:\WINDOWS\System32\msvcrt.dll
0x00007ff9954c0000 - 0x00007ff9954f0000 	C:\WINDOWS\System32\IMM32.DLL
0x00007ff98c2e0000 - 0x00007ff98c2ec000 	C:\Users\hmirz\.p2\pool\plugins\org.eclipse.justj.openjdk.hotspot.jre.full.win32.x86_64_15.0.2.v20210201-0955\jre\bin\vcruntime140_1.dll
0x00007ff959870000 - 0x00007ff959901000 	C:\Users\hmirz\.p2\pool\plugins\org.eclipse.justj.openjdk.hotspot.jre.full.win32.x86_64_15.0.2.v20210201-0955\jre\bin\msvcp140.dll
0x00007ff94c6f0000 - 0x00007ff94d24e000 	C:\Users\hmirz\.p2\pool\plugins\org.eclipse.justj.openjdk.hotspot.jre.full.win32.x86_64_15.0.2.v20210201-0955\jre\bin\server\jvm.dll
0x00007ff995190000 - 0x00007ff99523c000 	C:\WINDOWS\System32\ADVAPI32.dll
0x00007ff994fd0000 - 0x00007ff99506b000 	C:\WINDOWS\System32\sechost.dll
0x00007ff994ea0000 - 0x00007ff994fcb000 	C:\WINDOWS\System32\RPCRT4.dll
0x00007ff9950a0000 - 0x00007ff9950a8000 	C:\WINDOWS\System32\PSAPI.DLL
0x00007ff98a740000 - 0x00007ff98a74a000 	C:\WINDOWS\SYSTEM32\VERSION.dll
0x00007ff989000000 - 0x00007ff989027000 	C:\WINDOWS\SYSTEM32\WINMM.dll
0x00007ff97e910000 - 0x00007ff97e919000 	C:\WINDOWS\SYSTEM32\WSOCK32.dll
0x00007ff9949d0000 - 0x00007ff994a3b000 	C:\WINDOWS\System32\WS2_32.dll
0x00007ff991540000 - 0x00007ff991552000 	C:\WINDOWS\SYSTEM32\kernel.appcore.dll
0x00007ff97e780000 - 0x00007ff97e78a000 	C:\Users\hmirz\.p2\pool\plugins\org.eclipse.justj.openjdk.hotspot.jre.full.win32.x86_64_15.0.2.v20210201-0955\jre\bin\jimage.dll
0x00007ff990ac0000 - 0x00007ff990ca4000 	C:\WINDOWS\SYSTEM32\DBGHELP.DLL
0x00007ff978950000 - 0x00007ff97897c000 	C:\WINDOWS\SYSTEM32\dbgcore.DLL
0x00007ff992fa0000 - 0x00007ff993020000 	C:\WINDOWS\System32\bcryptPrimitives.dll
0x00007ff97e700000 - 0x00007ff97e725000 	C:\Users\hmirz\.p2\pool\plugins\org.eclipse.justj.openjdk.hotspot.jre.full.win32.x86_64_15.0.2.v20210201-0955\jre\bin\java.dll
0x00007ff97a490000 - 0x00007ff97a4a8000 	C:\Users\hmirz\.p2\pool\plugins\org.eclipse.justj.openjdk.hotspot.jre.full.win32.x86_64_15.0.2.v20210201-0955\jre\bin\zip.dll
0x00007ff993780000 - 0x00007ff993ec2000 	C:\WINDOWS\System32\SHELL32.dll
0x00007ff990da0000 - 0x00007ff991530000 	C:\WINDOWS\SYSTEM32\windows.storage.dll
0x00007ff994a40000 - 0x00007ff994d95000 	C:\WINDOWS\System32\combase.dll
0x00007ff9926e0000 - 0x00007ff99270c000 	C:\WINDOWS\SYSTEM32\Wldp.dll
0x00007ff994060000 - 0x00007ff99410e000 	C:\WINDOWS\System32\SHCORE.dll
0x00007ff994000000 - 0x00007ff994055000 	C:\WINDOWS\System32\shlwapi.dll
0x00007ff992bb0000 - 0x00007ff992bcf000 	C:\WINDOWS\SYSTEM32\profapi.dll
0x00007ff97a470000 - 0x00007ff97a489000 	C:\Users\hmirz\.p2\pool\plugins\org.eclipse.justj.openjdk.hotspot.jre.full.win32.x86_64_15.0.2.v20210201-0955\jre\bin\net.dll
0x00007ff982330000 - 0x00007ff98243b000 	C:\WINDOWS\SYSTEM32\WINHTTP.dll
0x00007ff992450000 - 0x00007ff9924ba000 	C:\WINDOWS\system32\mswsock.dll
0x00007ff97a450000 - 0x00007ff97a462000 	C:\Users\hmirz\.p2\pool\plugins\org.eclipse.justj.openjdk.hotspot.jre.full.win32.x86_64_15.0.2.v20210201-0955\jre\bin\nio.dll
0x00007ff94c2f0000 - 0x00007ff94c46f000 	C:\Users\hmirz\.p2\pool\plugins\org.eclipse.justj.openjdk.hotspot.jre.full.win32.x86_64_15.0.2.v20210201-0955\jre\bin\awt.dll
0x00007ff9942f0000 - 0x00007ff9943bd000 	C:\WINDOWS\System32\OLEAUT32.dll
0x00007ff9900f0000 - 0x00007ff990180000 	C:\WINDOWS\SYSTEM32\apphelp.dll
0x00007ff990230000 - 0x00007ff9902ce000 	C:\WINDOWS\system32\uxtheme.dll
0x00007ff993ed0000 - 0x00007ff993fe5000 	C:\WINDOWS\System32\MSCTF.dll
0x00007ff994110000 - 0x00007ff99423a000 	C:\WINDOWS\System32\ole32.dll
0x00007ff990530000 - 0x00007ff99055f000 	C:\WINDOWS\system32\DWMAPI.DLL
0x00007ff992630000 - 0x00007ff992648000 	C:\WINDOWS\SYSTEM32\CRYPTSP.dll
0x00007ff991d80000 - 0x00007ff991db4000 	C:\WINDOWS\system32\rsaenh.dll
0x00007ff992c70000 - 0x00007ff992c97000 	C:\WINDOWS\System32\bcrypt.dll
0x00007ff992b70000 - 0x00007ff992b9e000 	C:\WINDOWS\SYSTEM32\USERENV.dll
0x00007ff992620000 - 0x00007ff99262c000 	C:\WINDOWS\SYSTEM32\CRYPTBASE.dll
0x00007ff9920f0000 - 0x00007ff99212b000 	C:\WINDOWS\SYSTEM32\IPHLPAPI.DLL
0x00007ff993ff0000 - 0x00007ff993ff8000 	C:\WINDOWS\System32\NSI.dll
0x00007ff98a420000 - 0x00007ff98a437000 	C:\WINDOWS\SYSTEM32\dhcpcsvc6.DLL
0x00007ff98a7a0000 - 0x00007ff98a7bd000 	C:\WINDOWS\SYSTEM32\dhcpcsvc.DLL
0x00007ff992130000 - 0x00007ff9921fc000 	C:\WINDOWS\SYSTEM32\DNSAPI.dll
0x00007ff948430000 - 0x00007ff948556000 	C:\WINDOWS\system32\opengl32.dll
0x00007ff9671a0000 - 0x00007ff9671cc000 	C:\WINDOWS\SYSTEM32\GLU32.dll
0x00007ff98ada0000 - 0x00007ff98af6e000 	C:\WINDOWS\system32\d3d9.dll
0x00007ff9876f0000 - 0x00007ff9877f2000 	C:\WINDOWS\System32\DriverStore\FileRepository\nvlt.inf_amd64_6fdb2f2a4eb90886\nvldumdx.dll
0x00007ff992860000 - 0x00007ff992872000 	C:\WINDOWS\SYSTEM32\msasn1.dll
0x00007ff98a480000 - 0x00007ff98a4b1000 	C:\WINDOWS\SYSTEM32\cryptnet.dll
0x00007ff993210000 - 0x00007ff99336f000 	C:\WINDOWS\System32\CRYPT32.dll
0x00007ff993530000 - 0x00007ff993590000 	C:\WINDOWS\System32\WINTRUST.DLL
0x00007ff994e00000 - 0x00007ff994e1d000 	C:\WINDOWS\System32\imagehlp.dll
0x00007ff93a590000 - 0x00007ff93bd33000 	C:\WINDOWS\System32\DriverStore\FileRepository\nvlt.inf_amd64_6fdb2f2a4eb90886\nvd3dumx.dll
0x00007ff992260000 - 0x00007ff9922ab000 	C:\WINDOWS\SYSTEM32\powrprof.dll
0x00007ff9920d0000 - 0x00007ff9920e2000 	C:\WINDOWS\SYSTEM32\UMPDC.dll
0x00007ff95e900000 - 0x00007ff95ebc4000 	C:\WINDOWS\system32\nvspcap64.dll
0x00007ff9919b0000 - 0x00007ff9919e3000 	C:\WINDOWS\SYSTEM32\ntmarta.dll
0x00007ff991560000 - 0x00007ff991583000 	C:\WINDOWS\SYSTEM32\gpapi.dll
0x00007ff987a20000 - 0x00007ff987a5b000 	C:\WINDOWS\SYSTEM32\dxcore.dll
0x00007ff9931c0000 - 0x00007ff99320e000 	C:\WINDOWS\System32\cfgmgr32.dll
0x00007ff9597e0000 - 0x00007ff959865000 	C:\Users\hmirz\.p2\pool\plugins\org.eclipse.justj.openjdk.hotspot.jre.full.win32.x86_64_15.0.2.v20210201-0955\jre\bin\freetype.dll
0x00007ff94c240000 - 0x00007ff94c2e9000 	C:\Users\hmirz\.p2\pool\plugins\org.eclipse.justj.openjdk.hotspot.jre.full.win32.x86_64_15.0.2.v20210201-0955\jre\bin\fontmanager.dll
0x00007ff994240000 - 0x00007ff9942e9000 	C:\WINDOWS\System32\clbcatq.dll
0x00007ff98a550000 - 0x00007ff98a704000 	C:\WINDOWS\SYSTEM32\WindowsCodecs.dll
0x00007ff981c90000 - 0x00007ff981cce000 	C:\WINDOWS\system32\dataexchange.dll
0x00007ff98e800000 - 0x00007ff98ea64000 	C:\WINDOWS\system32\d3d11.dll
0x00007ff98f5f0000 - 0x00007ff98f7d5000 	C:\WINDOWS\system32\dcomp.dll
0x00007ff9915b0000 - 0x00007ff9916a4000 	C:\WINDOWS\system32\dxgi.dll
0x00007ff98b5c0000 - 0x00007ff98b7c1000 	C:\WINDOWS\system32\twinapi.appcore.dll
0x00007ff987bc0000 - 0x00007ff987cb9000 	C:\WINDOWS\SYSTEM32\textinputframework.dll
0x00007ff98fb60000 - 0x00007ff98febe000 	C:\WINDOWS\System32\CoreUIComponents.dll
0x00007ff98fec0000 - 0x00007ff98ffb2000 	C:\WINDOWS\System32\CoreMessaging.dll
0x00007ff98eed0000 - 0x00007ff98f024000 	C:\WINDOWS\SYSTEM32\wintypes.dll
0x00007ff94dd10000 - 0x00007ff94dd8f000 	C:\Users\hmirz\.p2\pool\plugins\org.eclipse.justj.openjdk.hotspot.jre.full.win32.x86_64_15.0.2.v20210201-0955\jre\bin\mlib_image.dll
0x00007ff980980000 - 0x00007ff980a30000 	C:\WINDOWS\WinSxS\amd64_microsoft.windows.common-controls_6595b64144ccf1df_5.82.19041.844_none_423537bff6b9828c\comctl32.dll
0x00007ff98e330000 - 0x00007ff98e427000 	C:\WINDOWS\SYSTEM32\PROPSYS.dll
0x00007ff969280000 - 0x00007ff969297000 	C:\WINDOWS\system32\NetworkExplorer.dll
0x00007ff98d3a0000 - 0x00007ff98d3bd000 	C:\WINDOWS\SYSTEM32\MPR.dll
0x00007ff982c00000 - 0x00007ff982c0b000 	C:\WINDOWS\System32\drprov.dll
0x00007ff991a60000 - 0x00007ff991aba000 	C:\WINDOWS\System32\WINSTA.dll
0x00007ff96a960000 - 0x00007ff96a978000 	C:\WINDOWS\System32\ntlanman.dll
0x00007ff96a880000 - 0x00007ff96a89e000 	C:\WINDOWS\System32\davclnt.dll
0x00007ff97a3c0000 - 0x00007ff97a3cd000 	C:\WINDOWS\System32\DAVHLPR.dll
0x00007ff991ea0000 - 0x00007ff991eb7000 	C:\WINDOWS\System32\wkscli.dll
0x00007ff974940000 - 0x00007ff974952000 	C:\WINDOWS\SYSTEM32\cscapi.dll
0x00007ff992200000 - 0x00007ff99220c000 	C:\WINDOWS\System32\netutils.dll
0x00007ff95cc40000 - 0x00007ff95cc98000 	C:\Windows\System32\dlnashext.dll
0x00007ff94d2b0000 - 0x00007ff94d314000 	C:\Windows\System32\PlayToDevice.dll
0x00007ff97db60000 - 0x00007ff97db80000 	C:\Windows\System32\DevDispItemProvider.dll
0x00007ff98bc20000 - 0x00007ff98bca5000 	C:\WINDOWS\System32\MMDevApi.dll
0x00007ff992a20000 - 0x00007ff992a4c000 	C:\WINDOWS\System32\DEVOBJ.dll
0x00007ff95fee0000 - 0x00007ff95ff83000 	C:\WINDOWS\system32\wpdshext.dll
0x00007ff980fa0000 - 0x00007ff98114b000 	C:\WINDOWS\WinSxS\amd64_microsoft.windows.gdiplus_6595b64144ccf1df_1.1.19041.928_none_faefac437613c6cc\gdiplus.dll
0x00007ff964810000 - 0x00007ff9648b3000 	C:\Windows\System32\PortableDeviceApi.dll
0x00007ff9943c0000 - 0x00007ff994829000 	C:\WINDOWS\System32\SETUPAPI.dll
0x00007ff9760f0000 - 0x00007ff976127000 	C:\Windows\System32\EhStorShell.dll
0x00007ff9597b0000 - 0x00007ff9597d6000 	C:\Windows\System32\EhStorAPI.dll
0x00007ff98d820000 - 0x00007ff98d834000 	C:\Windows\System32\WTSAPI32.dll
0x00007ff98c640000 - 0x00007ff98c64d000 	C:\WINDOWS\SYSTEM32\LINKINFO.dll

dbghelp: loaded successfully - version: 4.0.5 - missing functions: none
symbol engine: initialized successfully - sym options: 0x614 - pdb path: .;C:\Users\hmirz\.p2\pool\plugins\org.eclipse.justj.openjdk.hotspot.jre.full.win32.x86_64_15.0.2.v20210201-0955\jre\bin;C:\WINDOWS\SYSTEM32;C:\WINDOWS\WinSxS\amd64_microsoft.windows.common-controls_6595b64144ccf1df_6.0.19041.844_none_ca00b6081b84eb1d;C:\Users\hmirz\.p2\pool\plugins\org.eclipse.justj.openjdk.hotspot.jre.full.win32.x86_64_15.0.2.v20210201-0955\jre\bin\server;C:\WINDOWS\System32\DriverStore\FileRepository\nvlt.inf_amd64_6fdb2f2a4eb90886;C:\WINDOWS\WinSxS\amd64_microsoft.windows.common-controls_6595b64144ccf1df_5.82.19041.844_none_423537bff6b9828c;C:\WINDOWS\WinSxS\amd64_microsoft.windows.gdiplus_6595b64144ccf1df_1.1.19041.928_none_faefac437613c6cc

VM Arguments:
jvm_args: -Dfile.encoding=Cp1252 -XX:+ShowCodeDetailsInExceptionMessages 
java_command: MainClass
java_class_path (initial): C:\Users\hmirz\OneDrive\Desktop\JavaEclipse\TurtleGraphics\bin;C:\Users\hmirz\Downloads\TurtleGraphics.jar
Launcher Type: SUN_STANDARD

[Global flags]
     intx CICompilerCount                          = 4                                         {product} {ergonomic}
     uint ConcGCThreads                            = 3                                         {product} {ergonomic}
     uint G1ConcRefinementThreads                  = 10                                        {product} {ergonomic}
   size_t G1HeapRegionSize                         = 2097152                                   {product} {ergonomic}
    uintx GCDrainStackTargetSize                   = 64                                        {product} {ergonomic}
   size_t InitialHeapSize                          = 268435456                                 {product} {ergonomic}
   size_t MarkStackSize                            = 4194304                                   {product} {ergonomic}
   size_t MaxHeapSize                              = 4271898624                                {product} {ergonomic}
   size_t MaxNewSize                               = 2562719744                                {product} {ergonomic}
   size_t MinHeapDeltaBytes                        = 2097152                                   {product} {ergonomic}
   size_t MinHeapSize                              = 8388608                                   {product} {ergonomic}
    uintx NonNMethodCodeHeapSize                   = 5839372                                {pd product} {ergonomic}
    uintx NonProfiledCodeHeapSize                  = 122909434                              {pd product} {ergonomic}
    uintx ProfiledCodeHeapSize                     = 122909434                              {pd product} {ergonomic}
    uintx ReservedCodeCacheSize                    = 251658240                              {pd product} {ergonomic}
     bool SegmentedCodeCache                       = true                                      {product} {ergonomic}
     bool ShowCodeDetailsInExceptionMessages       = true                                   {manageable} {command line}
   size_t SoftMaxHeapSize                          = 4271898624                             {manageable} {ergonomic}
     bool UseCompressedClassPointers               = true                                 {lp64_product} {ergonomic}
     bool UseCompressedOops                        = true                                 {lp64_product} {ergonomic}
     bool UseG1GC                                  = true                                      {product} {ergonomic}
     bool UseLargePagesIndividualAllocation        = false                                  {pd product} {ergonomic}

Logging:
Log output configuration:
 #0: stdout all=warning uptime,level,tags
 #1: stderr all=off uptime,level,tags

Environment Variables:
PATH=C:/Users/hmirz/.p2/pool/plugins/org.eclipse.justj.openjdk.hotspot.jre.full.win32.x86_64_15.0.2.v20210201-0955/jre/bin/server;C:/Users/hmirz/.p2/pool/plugins/org.eclipse.justj.openjdk.hotspot.jre.full.win32.x86_64_15.0.2.v20210201-0955/jre/bin;C:\Windows\system32;C:\Windows;C:\Windows\System32\Wbem;C:\Windows\System32\WindowsPowerShell\v1.0\;C:\Windows\System32\OpenSSH\;C:\Program Files (x86)\NVIDIA Corporation\PhysX\Common;C:\Program Files\NVIDIA Corporation\NVIDIA NvDLISR;C:\Program Files\;C:\Users\hmirz\Downloads\php-7.4.15-nts-Win32-vc15-x64;C:\WINDOWS\system32;C:\WINDOWS;C:\WINDOWS\System32\Wbem;C:\WINDOWS\System32\WindowsPowerShell\v1.0\;C:\WINDOWS\System32\OpenSSH\;C:\Users\hmirz\AppData\Local\Microsoft\WindowsApps;;C:\Users\hmirz\AppData\Local\Programs\Microsoft VS Code\bin;C:\Users\hmirz\AppData\Roaming\npm;C:\Program Files (x86)\GitHub CLI\;C:\Users\hmirz\AppData\Roaming\Composer\vendor\bin;C:\Users\hmirz\OneDrive\Desktop;
USERNAME=hmirz
OS=Windows_NT
PROCESSOR_IDENTIFIER=Intel64 Family 6 Model 165 Stepping 2, GenuineIntel



---------------  S Y S T E M  ---------------

OS:
 Windows 10 , 64 bit Build 19041 (10.0.19041.928)
OS uptime: 7 days 4:25 hours

CPU: total 12 (initial active 12) (6 cores per cpu, 2 threads per core) family 6 model 165 stepping 2 microcode 0xc8, cmov, cx8, fxsr, mmx, sse, sse2, sse3, ssse3, sse4.1, sse4.2, popcnt, vzeroupper, avx, avx2, aes, clmul, erms, 3dnowpref, lzcnt, ht, tsc, tscinvbit, bmi1, bmi2, adx, fma, clflush, clflushopt

Memory: 4k page, system-wide physical 16291M (7031M free)
TotalPageFile size 46656M (AvailPageFile size 5M)
current process WorkingSet (physical memory assigned to process): 229M, peak: 229M
current process commit charge ("private bytes"): 566M, peak: 568M

vm_info: OpenJDK 64-Bit Server VM (15.0.2+7-27) for windows-amd64 JRE (15.0.2+7-27), built on Dec  7 2020 20:02:38 by "mach5one" with unknown MS VC++:1925

END.
