#
# There is insufficient memory for the Java Runtime Environment to continue.
# Native memory allocation (malloc) failed to allocate 786256 bytes for Chunk::new
# Possible reasons:
#   The system is out of physical RAM or swap space
#   The process is running with CompressedOops enabled, and the Java Heap may be blocking the growth of the native heap
# Possible solutions:
#   Reduce memory load on the system
#   Increase physical memory or swap space
#   Check if swap backing store is full
#   Decrease Java heap size (-Xmx/-Xms)
#   Decrease number of Java threads
#   Decrease Java thread stack sizes (-Xss)
#   Set larger code cache with -XX:ReservedCodeCacheSize=
#   JVM is running with Zero Based Compressed Oops mode in which the Java heap is
#     placed in the first 32GB address space. The Java Heap base address is the
#     maximum limit for the native heap growth. Please use -XX:HeapBaseMinAddress
#     to set the Java Heap base and to place the Java Heap above 32GB virtual address.
# This output file may be truncated or incomplete.
#
#  Out of Memory Error (./open/src/hotspot/share/memory/arena.cpp:195), pid=15084, tid=14340
#
# JRE version: OpenJDK Runtime Environment (15.0.2+7) (build 15.0.2+7-27)
# Java VM: OpenJDK 64-Bit Server VM (15.0.2+7-27, mixed mode, tiered, compressed oops, g1 gc, windows-amd64)
# No core dump will be written. Minidumps are not enabled by default on client versions of Windows
#

---------------  S U M M A R Y ------------

Command Line: -Dfile.encoding=Cp1252 -XX:+ShowCodeDetailsInExceptionMessages MainClass

Host: Intel(R) Core(TM) i7-10750H CPU @ 2.60GHz, 12 cores, 15G,  Windows 10 , 64 bit Build 19041 (10.0.19041.1023)
Time: Sun Jun 13 18:16:45 2021 GMT Daylight Time elapsed time: 2.016378 seconds (0d 0h 0m 2s)

---------------  T H R E A D  ---------------

Current thread (0x00000299457dcfb0):  JavaThread "C2 CompilerThread1" daemon [_thread_in_native, id=14340, stack(0x000000ca8df00000,0x000000ca8e000000)]


Current CompileTask:
C2:   2016 2112       4       sun.java2d.SurfaceData::getSourceSurfaceData (110 bytes)

Stack: [0x000000ca8df00000,0x000000ca8e000000]
Native frames: (J=compiled Java code, j=interpreted, Vv=VM code, C=native code)
V  [jvm.dll+0x62ae9a]
V  [jvm.dll+0x7817a9]
V  [jvm.dll+0x782f03]
V  [jvm.dll+0x783563]
V  [jvm.dll+0x216325]
V  [jvm.dll+0x97f3a]
V  [jvm.dll+0x9861c]
V  [jvm.dll+0x32e305]
V  [jvm.dll+0x2f768a]
V  [jvm.dll+0x2f6a4a]
V  [jvm.dll+0x1ea705]
V  [jvm.dll+0x1e996e]
V  [jvm.dll+0x178567]
V  [jvm.dll+0x1f9225]
V  [jvm.dll+0x1f72cc]
V  [jvm.dll+0x74495d]
V  [jvm.dll+0x73d75a]
V  [jvm.dll+0x629c56]
C  [ucrtbase.dll+0x21bb2]
C  [KERNEL32.DLL+0x17034]
C  [ntdll.dll+0x52651]


---------------  P R O C E S S  ---------------

Threads class SMR info:
_java_thread_list=0x000002994584ace0, length=20, elements={
0x000002993c68a010, 0x000002993c68a9d0, 0x000002993c6aa430, 0x000002993c6acd00,
0x000002993c6ad6c0, 0x000002993c6ae460, 0x000002993c6b2410, 0x000002993c6bd610,
0x000002993c7de350, 0x000002993c854a00, 0x000002993cd92260, 0x000002993cd92730,
0x000002993cd93410, 0x000002993d33d200, 0x000002993d41f7d0, 0x0000029944bb1a70,
0x0000029944b82010, 0x0000029944b974c0, 0x0000029944b96ff0, 0x00000299457dcfb0
}

Java Threads: ( => current thread )
  0x000002993c68a010 JavaThread "Reference Handler" daemon [_thread_blocked, id=3156, stack(0x000000ca8c100000,0x000000ca8c200000)]
  0x000002993c68a9d0 JavaThread "Finalizer" daemon [_thread_blocked, id=7780, stack(0x000000ca8c200000,0x000000ca8c300000)]
  0x000002993c6aa430 JavaThread "Signal Dispatcher" daemon [_thread_blocked, id=27668, stack(0x000000ca8c300000,0x000000ca8c400000)]
  0x000002993c6acd00 JavaThread "Attach Listener" daemon [_thread_blocked, id=26636, stack(0x000000ca8c400000,0x000000ca8c500000)]
  0x000002993c6ad6c0 JavaThread "Service Thread" daemon [_thread_blocked, id=24660, stack(0x000000ca8c500000,0x000000ca8c600000)]
  0x000002993c6ae460 JavaThread "C2 CompilerThread0" daemon [_thread_blocked, id=27712, stack(0x000000ca8c600000,0x000000ca8c700000)]
  0x000002993c6b2410 JavaThread "C1 CompilerThread0" daemon [_thread_in_native, id=25152, stack(0x000000ca8c700000,0x000000ca8c800000)]
  0x000002993c6bd610 JavaThread "Sweeper thread" daemon [_thread_blocked, id=28444, stack(0x000000ca8c800000,0x000000ca8c900000)]
  0x000002993c7de350 JavaThread "Notification Thread" daemon [_thread_blocked, id=24204, stack(0x000000ca8c900000,0x000000ca8ca00000)]
  0x000002993c854a00 JavaThread "Common-Cleaner" daemon [_thread_blocked, id=21364, stack(0x000000ca8cb00000,0x000000ca8cc00000)]
  0x000002993cd92260 JavaThread "Java2D Disposer" daemon [_thread_blocked, id=10460, stack(0x000000ca8cc00000,0x000000ca8cd00000)]
  0x000002993cd92730 JavaThread "AWT-Shutdown" [_thread_blocked, id=28172, stack(0x000000ca8cd00000,0x000000ca8ce00000)]
  0x000002993cd93410 JavaThread "AWT-Windows" daemon [_thread_in_native, id=13076, stack(0x000000ca8ce00000,0x000000ca8cf00000)]
  0x000002993d33d200 JavaThread "AWT-EventQueue-0" [_thread_in_native, id=18776, stack(0x000000ca8d100000,0x000000ca8d200000)]
  0x000002993d41f7d0 JavaThread "D3D Screen Updater" daemon [_thread_blocked, id=20732, stack(0x000000ca8d500000,0x000000ca8d600000)]
  0x0000029944bb1a70 JavaThread "Image Fetcher 0" daemon [_thread_blocked, id=28548, stack(0x000000ca8d600000,0x000000ca8d700000)]
  0x0000029944b82010 JavaThread "Swing-Shell" daemon [_thread_blocked, id=25844, stack(0x000000ca8d700000,0x000000ca8d800000)]
  0x0000029944b974c0 JavaThread "TimerQueue" daemon [_thread_blocked, id=28468, stack(0x000000ca8d800000,0x000000ca8d900000)]
  0x0000029944b96ff0 JavaThread "DestroyJavaVM" [_thread_blocked, id=28124, stack(0x000000ca8ba00000,0x000000ca8bb00000)]
=>0x00000299457dcfb0 JavaThread "C2 CompilerThread1" daemon [_thread_in_native, id=14340, stack(0x000000ca8df00000,0x000000ca8e000000)]

Other Threads:
  0x000002993c6516e0 VMThread "VM Thread" [stack: 0x000000ca8c000000,0x000000ca8c100000] [id=7420]
  0x000002993c7de820 WatcherThread [stack: 0x000000ca8ca00000,0x000000ca8cb00000] [id=15692]
  0x000002991caf1fc0 GCTaskThread "GC Thread#0" [stack: 0x000000ca8bb00000,0x000000ca8bc00000] [id=8788]
  0x000002993d0b4b80 GCTaskThread "GC Thread#1" [stack: 0x000000ca8da00000,0x000000ca8db00000] [id=3152]
  0x000002993d0b51e0 GCTaskThread "GC Thread#2" [stack: 0x000000ca8db00000,0x000000ca8dc00000] [id=18220]
  0x000002993d0b2ba0 GCTaskThread "GC Thread#3" [stack: 0x000000ca8dc00000,0x000000ca8dd00000] [id=7260]
  0x000002993d0b3860 GCTaskThread "GC Thread#4" [stack: 0x000000ca8dd00000,0x000000ca8de00000] [id=27888]
  0x000002993d0b3b90 GCTaskThread "GC Thread#5" [stack: 0x000000ca8de00000,0x000000ca8df00000] [id=28304]
  0x000002991cb04760 ConcurrentGCThread "G1 Main Marker" [stack: 0x000000ca8bc00000,0x000000ca8bd00000] [id=28396]
  0x000002991cb06270 ConcurrentGCThread "G1 Conc#0" [stack: 0x000000ca8bd00000,0x000000ca8be00000] [id=27916]
  0x000002991cb7d8b0 ConcurrentGCThread "G1 Refine#0" [stack: 0x000000ca8be00000,0x000000ca8bf00000] [id=1324]
  0x000002991cb7e260 ConcurrentGCThread "G1 Young RemSet Sampling" [stack: 0x000000ca8bf00000,0x000000ca8c000000] [id=27324]

Threads with active compile tasks:
C1 CompilerThread0     2039 2121       3       sun.java2d.pipe.BufferedContext::validate (575 bytes)
C2 CompilerThread1     2039 2112       4       sun.java2d.SurfaceData::getSourceSurfaceData (110 bytes)

VM state: not at safepoint (normal execution)

VM Mutex/Monitor currently owned by a thread: None

Heap address: 0x0000000701600000, size: 4074 MB, Compressed Oops mode: Zero based, Oop shift amount: 3
CDS disabled.
Compressed class space mapped at: 0x0000000800000000-0x0000000840000000, size: 1073741824
Narrow klass base: 0x0000000800000000, Narrow klass shift: 0, Narrow klass range: 0x40000000

GC Precious Log:
 CPUs: 12 total, 12 available
 Memory: 16291M
 Large Page Support: Disabled
 NUMA Support: Disabled
 Compressed Oops: Enabled (Zero based)
 Heap Region Size: 2M
 Heap Min Capacity: 8M
 Heap Initial Capacity: 256M
 Heap Max Capacity: 4074M
 Pre-touch: Disabled
 Parallel Workers: 10
 Concurrent Workers: 3
 Concurrent Refinement Workers: 10
 Periodic GC: Disabled

Heap:
 garbage-first heap   total 262144K, used 33231K [0x0000000701600000, 0x0000000800000000)
  region size 2048K, 17 young (34816K), 2 survivors (4096K)
 Metaspace       used 19618K, capacity 19794K, committed 20096K, reserved 1067008K
  class space    used 2019K, capacity 2085K, committed 2176K, reserved 1048576K

Heap Regions: E=young(eden), S=young(survivor), O=old, HS=humongous(starts), HC=humongous(continues), CS=collection set, F=free, OA=open archive, CA=closed archive, TAMS=top-at-mark-start (previous, next)
|   0|0x0000000701600000, 0x0000000701800000, 0x0000000701800000|100%|HS|  |TAMS 0x0000000701600000, 0x0000000701600000| Complete 
|   1|0x0000000701800000, 0x0000000701800000, 0x0000000701a00000|  0%| F|  |TAMS 0x0000000701800000, 0x0000000701800000| Untracked 
|   2|0x0000000701a00000, 0x0000000701a00000, 0x0000000701c00000|  0%| F|  |TAMS 0x0000000701a00000, 0x0000000701a00000| Untracked 
|   3|0x0000000701c00000, 0x0000000701c00000, 0x0000000701e00000|  0%| F|  |TAMS 0x0000000701c00000, 0x0000000701c00000| Untracked 
|   4|0x0000000701e00000, 0x0000000701e00000, 0x0000000702000000|  0%| F|  |TAMS 0x0000000701e00000, 0x0000000701e00000| Untracked 
|   5|0x0000000702000000, 0x0000000702000000, 0x0000000702200000|  0%| F|  |TAMS 0x0000000702000000, 0x0000000702000000| Untracked 
|   6|0x0000000702200000, 0x0000000702200000, 0x0000000702400000|  0%| F|  |TAMS 0x0000000702200000, 0x0000000702200000| Untracked 
|   7|0x0000000702400000, 0x0000000702400000, 0x0000000702600000|  0%| F|  |TAMS 0x0000000702400000, 0x0000000702400000| Untracked 
|   8|0x0000000702600000, 0x0000000702600000, 0x0000000702800000|  0%| F|  |TAMS 0x0000000702600000, 0x0000000702600000| Untracked 
|   9|0x0000000702800000, 0x0000000702800000, 0x0000000702a00000|  0%| F|  |TAMS 0x0000000702800000, 0x0000000702800000| Untracked 
|  10|0x0000000702a00000, 0x0000000702a00000, 0x0000000702c00000|  0%| F|  |TAMS 0x0000000702a00000, 0x0000000702a00000| Untracked 
|  11|0x0000000702c00000, 0x0000000702c00000, 0x0000000702e00000|  0%| F|  |TAMS 0x0000000702c00000, 0x0000000702c00000| Untracked 
|  12|0x0000000702e00000, 0x0000000702e00000, 0x0000000703000000|  0%| F|  |TAMS 0x0000000702e00000, 0x0000000702e00000| Untracked 
|  13|0x0000000703000000, 0x0000000703000000, 0x0000000703200000|  0%| F|  |TAMS 0x0000000703000000, 0x0000000703000000| Untracked 
|  14|0x0000000703200000, 0x0000000703200000, 0x0000000703400000|  0%| F|  |TAMS 0x0000000703200000, 0x0000000703200000| Untracked 
|  15|0x0000000703400000, 0x0000000703400000, 0x0000000703600000|  0%| F|  |TAMS 0x0000000703400000, 0x0000000703400000| Untracked 
|  16|0x0000000703600000, 0x0000000703600000, 0x0000000703800000|  0%| F|  |TAMS 0x0000000703600000, 0x0000000703600000| Untracked 
|  17|0x0000000703800000, 0x0000000703800000, 0x0000000703a00000|  0%| F|  |TAMS 0x0000000703800000, 0x0000000703800000| Untracked 
|  18|0x0000000703a00000, 0x0000000703a00000, 0x0000000703c00000|  0%| F|  |TAMS 0x0000000703a00000, 0x0000000703a00000| Untracked 
|  19|0x0000000703c00000, 0x0000000703c00000, 0x0000000703e00000|  0%| F|  |TAMS 0x0000000703c00000, 0x0000000703c00000| Untracked 
|  20|0x0000000703e00000, 0x0000000703e00000, 0x0000000704000000|  0%| F|  |TAMS 0x0000000703e00000, 0x0000000703e00000| Untracked 
|  21|0x0000000704000000, 0x0000000704000000, 0x0000000704200000|  0%| F|  |TAMS 0x0000000704000000, 0x0000000704000000| Untracked 
|  22|0x0000000704200000, 0x0000000704200000, 0x0000000704400000|  0%| F|  |TAMS 0x0000000704200000, 0x0000000704200000| Untracked 
|  23|0x0000000704400000, 0x0000000704400000, 0x0000000704600000|  0%| F|  |TAMS 0x0000000704400000, 0x0000000704400000| Untracked 
|  24|0x0000000704600000, 0x0000000704600000, 0x0000000704800000|  0%| F|  |TAMS 0x0000000704600000, 0x0000000704600000| Untracked 
|  25|0x0000000704800000, 0x0000000704800000, 0x0000000704a00000|  0%| F|  |TAMS 0x0000000704800000, 0x0000000704800000| Untracked 
|  26|0x0000000704a00000, 0x0000000704a00000, 0x0000000704c00000|  0%| F|  |TAMS 0x0000000704a00000, 0x0000000704a00000| Untracked 
|  27|0x0000000704c00000, 0x0000000704c00000, 0x0000000704e00000|  0%| F|  |TAMS 0x0000000704c00000, 0x0000000704c00000| Untracked 
|  28|0x0000000704e00000, 0x0000000704e00000, 0x0000000705000000|  0%| F|  |TAMS 0x0000000704e00000, 0x0000000704e00000| Untracked 
|  29|0x0000000705000000, 0x0000000705000000, 0x0000000705200000|  0%| F|  |TAMS 0x0000000705000000, 0x0000000705000000| Untracked 
|  30|0x0000000705200000, 0x0000000705200000, 0x0000000705400000|  0%| F|  |TAMS 0x0000000705200000, 0x0000000705200000| Untracked 
|  31|0x0000000705400000, 0x0000000705400000, 0x0000000705600000|  0%| F|  |TAMS 0x0000000705400000, 0x0000000705400000| Untracked 
|  32|0x0000000705600000, 0x0000000705600000, 0x0000000705800000|  0%| F|  |TAMS 0x0000000705600000, 0x0000000705600000| Untracked 
|  33|0x0000000705800000, 0x0000000705800000, 0x0000000705a00000|  0%| F|  |TAMS 0x0000000705800000, 0x0000000705800000| Untracked 
|  34|0x0000000705a00000, 0x0000000705a00000, 0x0000000705c00000|  0%| F|  |TAMS 0x0000000705a00000, 0x0000000705a00000| Untracked 
|  35|0x0000000705c00000, 0x0000000705c00000, 0x0000000705e00000|  0%| F|  |TAMS 0x0000000705c00000, 0x0000000705c00000| Untracked 
|  36|0x0000000705e00000, 0x0000000705e00000, 0x0000000706000000|  0%| F|  |TAMS 0x0000000705e00000, 0x0000000705e00000| Untracked 
|  37|0x0000000706000000, 0x0000000706000000, 0x0000000706200000|  0%| F|  |TAMS 0x0000000706000000, 0x0000000706000000| Untracked 
|  38|0x0000000706200000, 0x0000000706200000, 0x0000000706400000|  0%| F|  |TAMS 0x0000000706200000, 0x0000000706200000| Untracked 
|  39|0x0000000706400000, 0x0000000706400000, 0x0000000706600000|  0%| F|  |TAMS 0x0000000706400000, 0x0000000706400000| Untracked 
|  40|0x0000000706600000, 0x0000000706600000, 0x0000000706800000|  0%| F|  |TAMS 0x0000000706600000, 0x0000000706600000| Untracked 
|  41|0x0000000706800000, 0x0000000706800000, 0x0000000706a00000|  0%| F|  |TAMS 0x0000000706800000, 0x0000000706800000| Untracked 
|  42|0x0000000706a00000, 0x0000000706a00000, 0x0000000706c00000|  0%| F|  |TAMS 0x0000000706a00000, 0x0000000706a00000| Untracked 
|  43|0x0000000706c00000, 0x0000000706c00000, 0x0000000706e00000|  0%| F|  |TAMS 0x0000000706c00000, 0x0000000706c00000| Untracked 
|  44|0x0000000706e00000, 0x0000000706e00000, 0x0000000707000000|  0%| F|  |TAMS 0x0000000706e00000, 0x0000000706e00000| Untracked 
|  45|0x0000000707000000, 0x0000000707000000, 0x0000000707200000|  0%| F|  |TAMS 0x0000000707000000, 0x0000000707000000| Untracked 
|  46|0x0000000707200000, 0x0000000707200000, 0x0000000707400000|  0%| F|  |TAMS 0x0000000707200000, 0x0000000707200000| Untracked 
|  47|0x0000000707400000, 0x0000000707400000, 0x0000000707600000|  0%| F|  |TAMS 0x0000000707400000, 0x0000000707400000| Untracked 
|  48|0x0000000707600000, 0x0000000707600000, 0x0000000707800000|  0%| F|  |TAMS 0x0000000707600000, 0x0000000707600000| Untracked 
|  49|0x0000000707800000, 0x0000000707800000, 0x0000000707a00000|  0%| F|  |TAMS 0x0000000707800000, 0x0000000707800000| Untracked 
|  50|0x0000000707a00000, 0x0000000707a00000, 0x0000000707c00000|  0%| F|  |TAMS 0x0000000707a00000, 0x0000000707a00000| Untracked 
|  51|0x0000000707c00000, 0x0000000707c00000, 0x0000000707e00000|  0%| F|  |TAMS 0x0000000707c00000, 0x0000000707c00000| Untracked 
|  52|0x0000000707e00000, 0x0000000707e00000, 0x0000000708000000|  0%| F|  |TAMS 0x0000000707e00000, 0x0000000707e00000| Untracked 
|  53|0x0000000708000000, 0x0000000708000000, 0x0000000708200000|  0%| F|  |TAMS 0x0000000708000000, 0x0000000708000000| Untracked 
|  54|0x0000000708200000, 0x0000000708200000, 0x0000000708400000|  0%| F|  |TAMS 0x0000000708200000, 0x0000000708200000| Untracked 
|  55|0x0000000708400000, 0x0000000708400000, 0x0000000708600000|  0%| F|  |TAMS 0x0000000708400000, 0x0000000708400000| Untracked 
|  56|0x0000000708600000, 0x0000000708600000, 0x0000000708800000|  0%| F|  |TAMS 0x0000000708600000, 0x0000000708600000| Untracked 
|  57|0x0000000708800000, 0x0000000708800000, 0x0000000708a00000|  0%| F|  |TAMS 0x0000000708800000, 0x0000000708800000| Untracked 
|  58|0x0000000708a00000, 0x0000000708a00000, 0x0000000708c00000|  0%| F|  |TAMS 0x0000000708a00000, 0x0000000708a00000| Untracked 
|  59|0x0000000708c00000, 0x0000000708c00000, 0x0000000708e00000|  0%| F|  |TAMS 0x0000000708c00000, 0x0000000708c00000| Untracked 
|  60|0x0000000708e00000, 0x0000000708e00000, 0x0000000709000000|  0%| F|  |TAMS 0x0000000708e00000, 0x0000000708e00000| Untracked 
|  61|0x0000000709000000, 0x0000000709000000, 0x0000000709200000|  0%| F|  |TAMS 0x0000000709000000, 0x0000000709000000| Untracked 
|  62|0x0000000709200000, 0x0000000709200000, 0x0000000709400000|  0%| F|  |TAMS 0x0000000709200000, 0x0000000709200000| Untracked 
|  63|0x0000000709400000, 0x0000000709400000, 0x0000000709600000|  0%| F|  |TAMS 0x0000000709400000, 0x0000000709400000| Untracked 
|  64|0x0000000709600000, 0x0000000709600000, 0x0000000709800000|  0%| F|  |TAMS 0x0000000709600000, 0x0000000709600000| Untracked 
|  65|0x0000000709800000, 0x0000000709800000, 0x0000000709a00000|  0%| F|  |TAMS 0x0000000709800000, 0x0000000709800000| Untracked 
|  66|0x0000000709a00000, 0x0000000709a00000, 0x0000000709c00000|  0%| F|  |TAMS 0x0000000709a00000, 0x0000000709a00000| Untracked 
|  67|0x0000000709c00000, 0x0000000709c00000, 0x0000000709e00000|  0%| F|  |TAMS 0x0000000709c00000, 0x0000000709c00000| Untracked 
|  68|0x0000000709e00000, 0x0000000709e00000, 0x000000070a000000|  0%| F|  |TAMS 0x0000000709e00000, 0x0000000709e00000| Untracked 
|  69|0x000000070a000000, 0x000000070a000000, 0x000000070a200000|  0%| F|  |TAMS 0x000000070a000000, 0x000000070a000000| Untracked 
|  70|0x000000070a200000, 0x000000070a200000, 0x000000070a400000|  0%| F|  |TAMS 0x000000070a200000, 0x000000070a200000| Untracked 
|  71|0x000000070a400000, 0x000000070a400000, 0x000000070a600000|  0%| F|  |TAMS 0x000000070a400000, 0x000000070a400000| Untracked 
|  72|0x000000070a600000, 0x000000070a600000, 0x000000070a800000|  0%| F|  |TAMS 0x000000070a600000, 0x000000070a600000| Untracked 
|  73|0x000000070a800000, 0x000000070a800000, 0x000000070aa00000|  0%| F|  |TAMS 0x000000070a800000, 0x000000070a800000| Untracked 
|  74|0x000000070aa00000, 0x000000070aa00000, 0x000000070ac00000|  0%| F|  |TAMS 0x000000070aa00000, 0x000000070aa00000| Untracked 
|  75|0x000000070ac00000, 0x000000070ac00000, 0x000000070ae00000|  0%| F|  |TAMS 0x000000070ac00000, 0x000000070ac00000| Untracked 
|  76|0x000000070ae00000, 0x000000070ae00000, 0x000000070b000000|  0%| F|  |TAMS 0x000000070ae00000, 0x000000070ae00000| Untracked 
|  77|0x000000070b000000, 0x000000070b000000, 0x000000070b200000|  0%| F|  |TAMS 0x000000070b000000, 0x000000070b000000| Untracked 
|  78|0x000000070b200000, 0x000000070b200000, 0x000000070b400000|  0%| F|  |TAMS 0x000000070b200000, 0x000000070b200000| Untracked 
|  79|0x000000070b400000, 0x000000070b400000, 0x000000070b600000|  0%| F|  |TAMS 0x000000070b400000, 0x000000070b400000| Untracked 
|  80|0x000000070b600000, 0x000000070b600000, 0x000000070b800000|  0%| F|  |TAMS 0x000000070b600000, 0x000000070b600000| Untracked 
|  81|0x000000070b800000, 0x000000070b800000, 0x000000070ba00000|  0%| F|  |TAMS 0x000000070b800000, 0x000000070b800000| Untracked 
|  82|0x000000070ba00000, 0x000000070ba00000, 0x000000070bc00000|  0%| F|  |TAMS 0x000000070ba00000, 0x000000070ba00000| Untracked 
|  83|0x000000070bc00000, 0x000000070bc00000, 0x000000070be00000|  0%| F|  |TAMS 0x000000070bc00000, 0x000000070bc00000| Untracked 
|  84|0x000000070be00000, 0x000000070be00000, 0x000000070c000000|  0%| F|  |TAMS 0x000000070be00000, 0x000000070be00000| Untracked 
|  85|0x000000070c000000, 0x000000070c000000, 0x000000070c200000|  0%| F|  |TAMS 0x000000070c000000, 0x000000070c000000| Untracked 
|  86|0x000000070c200000, 0x000000070c200000, 0x000000070c400000|  0%| F|  |TAMS 0x000000070c200000, 0x000000070c200000| Untracked 
|  87|0x000000070c400000, 0x000000070c400000, 0x000000070c600000|  0%| F|  |TAMS 0x000000070c400000, 0x000000070c400000| Untracked 
|  88|0x000000070c600000, 0x000000070c600000, 0x000000070c800000|  0%| F|  |TAMS 0x000000070c600000, 0x000000070c600000| Untracked 
|  89|0x000000070c800000, 0x000000070c800000, 0x000000070ca00000|  0%| F|  |TAMS 0x000000070c800000, 0x000000070c800000| Untracked 
|  90|0x000000070ca00000, 0x000000070ca00000, 0x000000070cc00000|  0%| F|  |TAMS 0x000000070ca00000, 0x000000070ca00000| Untracked 
|  91|0x000000070cc00000, 0x000000070cc00000, 0x000000070ce00000|  0%| F|  |TAMS 0x000000070cc00000, 0x000000070cc00000| Untracked 
|  92|0x000000070ce00000, 0x000000070ce00000, 0x000000070d000000|  0%| F|  |TAMS 0x000000070ce00000, 0x000000070ce00000| Untracked 
|  93|0x000000070d000000, 0x000000070d000000, 0x000000070d200000|  0%| F|  |TAMS 0x000000070d000000, 0x000000070d000000| Untracked 
|  94|0x000000070d200000, 0x000000070d200000, 0x000000070d400000|  0%| F|  |TAMS 0x000000070d200000, 0x000000070d200000| Untracked 
|  95|0x000000070d400000, 0x000000070d400000, 0x000000070d600000|  0%| F|  |TAMS 0x000000070d400000, 0x000000070d400000| Untracked 
|  96|0x000000070d600000, 0x000000070d600000, 0x000000070d800000|  0%| F|  |TAMS 0x000000070d600000, 0x000000070d600000| Untracked 
|  97|0x000000070d800000, 0x000000070d800000, 0x000000070da00000|  0%| F|  |TAMS 0x000000070d800000, 0x000000070d800000| Untracked 
|  98|0x000000070da00000, 0x000000070da00000, 0x000000070dc00000|  0%| F|  |TAMS 0x000000070da00000, 0x000000070da00000| Untracked 
|  99|0x000000070dc00000, 0x000000070dc00000, 0x000000070de00000|  0%| F|  |TAMS 0x000000070dc00000, 0x000000070dc00000| Untracked 
| 100|0x000000070de00000, 0x000000070de00000, 0x000000070e000000|  0%| F|  |TAMS 0x000000070de00000, 0x000000070de00000| Untracked 
| 101|0x000000070e000000, 0x000000070e000000, 0x000000070e200000|  0%| F|  |TAMS 0x000000070e000000, 0x000000070e000000| Untracked 
| 102|0x000000070e200000, 0x000000070e200000, 0x000000070e400000|  0%| F|  |TAMS 0x000000070e200000, 0x000000070e200000| Untracked 
| 103|0x000000070e400000, 0x000000070e400000, 0x000000070e600000|  0%| F|  |TAMS 0x000000070e400000, 0x000000070e400000| Untracked 
| 104|0x000000070e600000, 0x000000070e600000, 0x000000070e800000|  0%| F|  |TAMS 0x000000070e600000, 0x000000070e600000| Untracked 
| 105|0x000000070e800000, 0x000000070e800000, 0x000000070ea00000|  0%| F|  |TAMS 0x000000070e800000, 0x000000070e800000| Untracked 
| 106|0x000000070ea00000, 0x000000070ea00000, 0x000000070ec00000|  0%| F|  |TAMS 0x000000070ea00000, 0x000000070ea00000| Untracked 
| 107|0x000000070ec00000, 0x000000070ec00000, 0x000000070ee00000|  0%| F|  |TAMS 0x000000070ec00000, 0x000000070ec00000| Untracked 
| 108|0x000000070ee00000, 0x000000070ee00000, 0x000000070f000000|  0%| F|  |TAMS 0x000000070ee00000, 0x000000070ee00000| Untracked 
| 109|0x000000070f000000, 0x000000070f000000, 0x000000070f200000|  0%| F|  |TAMS 0x000000070f000000, 0x000000070f000000| Untracked 
| 110|0x000000070f200000, 0x000000070f200000, 0x000000070f400000|  0%| F|  |TAMS 0x000000070f200000, 0x000000070f200000| Untracked 
| 111|0x000000070f400000, 0x000000070f600000, 0x000000070f600000|100%| E|  |TAMS 0x000000070f400000, 0x000000070f400000| Complete 
| 112|0x000000070f600000, 0x000000070f800000, 0x000000070f800000|100%| E|CS|TAMS 0x000000070f600000, 0x000000070f600000| Complete 
| 113|0x000000070f800000, 0x000000070fa00000, 0x000000070fa00000|100%| E|CS|TAMS 0x000000070f800000, 0x000000070f800000| Complete 
| 114|0x000000070fa00000, 0x000000070fc00000, 0x000000070fc00000|100%| E|CS|TAMS 0x000000070fa00000, 0x000000070fa00000| Complete 
| 115|0x000000070fc00000, 0x000000070fc73c88, 0x000000070fe00000| 22%| S|CS|TAMS 0x000000070fc00000, 0x000000070fc00000| Complete 
| 116|0x000000070fe00000, 0x0000000710000000, 0x0000000710000000|100%| S|CS|TAMS 0x000000070fe00000, 0x000000070fe00000| Complete 
| 117|0x0000000710000000, 0x0000000710200000, 0x0000000710200000|100%| E|CS|TAMS 0x0000000710000000, 0x0000000710000000| Complete 
| 118|0x0000000710200000, 0x0000000710400000, 0x0000000710400000|100%| E|CS|TAMS 0x0000000710200000, 0x0000000710200000| Complete 
| 119|0x0000000710400000, 0x0000000710600000, 0x0000000710600000|100%| E|CS|TAMS 0x0000000710400000, 0x0000000710400000| Complete 
| 120|0x0000000710600000, 0x0000000710800000, 0x0000000710800000|100%| E|CS|TAMS 0x0000000710600000, 0x0000000710600000| Complete 
| 121|0x0000000710800000, 0x0000000710a00000, 0x0000000710a00000|100%| E|CS|TAMS 0x0000000710800000, 0x0000000710800000| Complete 
| 122|0x0000000710a00000, 0x0000000710c00000, 0x0000000710c00000|100%| E|CS|TAMS 0x0000000710a00000, 0x0000000710a00000| Complete 
| 123|0x0000000710c00000, 0x0000000710e00000, 0x0000000710e00000|100%| E|CS|TAMS 0x0000000710c00000, 0x0000000710c00000| Complete 
| 124|0x0000000710e00000, 0x0000000711000000, 0x0000000711000000|100%| E|CS|TAMS 0x0000000710e00000, 0x0000000710e00000| Complete 
| 125|0x0000000711000000, 0x0000000711200000, 0x0000000711200000|100%| E|CS|TAMS 0x0000000711000000, 0x0000000711000000| Complete 
| 126|0x0000000711200000, 0x0000000711400000, 0x0000000711400000|100%| E|CS|TAMS 0x0000000711200000, 0x0000000711200000| Complete 
| 127|0x0000000711400000, 0x0000000711600000, 0x0000000711600000|100%| E|CS|TAMS 0x0000000711400000, 0x0000000711400000| Complete 

Card table byte_map: [0x0000029930210000,0x0000029930a10000] _byte_map_base: 0x000002992ca05000

Marking Bits (Prev, Next): (CMBitMap*) 0x000002991caf2740, (CMBitMap*) 0x000002991caf2780
 Prev Bits: [0x0000029931210000, 0x00000299351b8000)
 Next Bits: [0x00000299351c0000, 0x0000029939168000)

Polling page: 0x000002991aab0000

Metaspace:

Usage:
  Non-class:     17.29 MB capacity,    17.19 MB (>99%) used,    87.43 KB ( <1%) free+waste,    22.50 KB ( <1%) overhead. 
      Class:      2.04 MB capacity,     1.97 MB ( 97%) used,    58.09 KB (  3%) free+waste,     7.44 KB ( <1%) overhead. 
       Both:     19.33 MB capacity,    19.16 MB (>99%) used,   145.52 KB ( <1%) free+waste,    29.94 KB ( <1%) overhead. 

Virtual space:
  Non-class space:       18.00 MB reserved,      17.50 MB ( 97%) committed 
      Class space:        1.00 GB reserved,       2.12 MB ( <1%) committed 
             Both:        1.02 GB reserved,      19.62 MB (  2%) committed 

Chunk freelists:
   Non-Class:  19.00 KB
       Class:  27.00 KB
        Both:  46.00 KB

MaxMetaspaceSize: 17179869184.00 GB
CompressedClassSpaceSize: 1.00 GB

CodeHeap 'non-profiled nmethods': size=120000Kb used=717Kb max_used=717Kb free=119282Kb
 bounds [0x0000029927f90000, 0x0000029928200000, 0x000002992f4c0000]
CodeHeap 'profiled nmethods': size=120000Kb used=3765Kb max_used=3765Kb free=116234Kb
 bounds [0x0000029920a60000, 0x0000029920e10000, 0x0000029927f90000]
CodeHeap 'non-nmethods': size=5760Kb used=1316Kb max_used=1344Kb free=4443Kb
 bounds [0x00000299204c0000, 0x0000029920730000, 0x0000029920a60000]
 total_blobs=2739 nmethods=2120 adapters=532
 compilation: enabled
              stopped_count=0, restarted_count=0
 full_count=0

Compilation events (20 events):
Event: 1.958 Thread 0x000002993c6ae460 2107       4       sun.java2d.pipe.Region::getInstanceXYXY (12 bytes)
Event: 1.959 Thread 0x000002993c6ae460 nmethod 2107 0x000002992803ef10 code [0x000002992803f0a0, 0x000002992803f178]
Event: 1.963 Thread 0x000002993c6ae460 2108       4       java.util.LinkedList$ListItr::next (56 bytes)
Event: 1.964 Thread 0x000002993c6ae460 nmethod 2108 0x000002992803f210 code [0x000002992803f3a0, 0x000002992803f658]
Event: 1.964 Thread 0x000002993c6ae460 2109       4       sun.java2d.d3d.D3DBlitLoops::createPackedParams (60 bytes)
Event: 1.965 Thread 0x000002993c6ae460 nmethod 2109 0x000002992803f790 code [0x000002992803f900, 0x000002992803f998]
Event: 1.966 Thread 0x00000299457dcfb0 nmethod 2106 0x000002992803fa90 code [0x000002992803fd40, 0x0000029928040868]
Event: 1.985 Thread 0x00000299457dcfb0 2110       4       java.util.ArrayList::remove (26 bytes)
Event: 1.987 Thread 0x00000299457dcfb0 nmethod 2110 0x0000029928041110 code [0x00000299280412a0, 0x0000029928041458]
Event: 1.987 Thread 0x000002993c6ae460 2111       4       sun.java2d.d3d.D3DBlitLoops::enqueueBlit (102 bytes)
Event: 1.987 Thread 0x00000299457dcfb0 2112       4       sun.java2d.SurfaceData::getSourceSurfaceData (110 bytes)
Event: 1.988 Thread 0x000002993c6ae460 nmethod 2111 0x0000029928041610 code [0x00000299280417a0, 0x0000029928041938]
Event: 1.988 Thread 0x000002993c6ae460 2113       4       sun.swing.ImageCache$Entry::equals (147 bytes)
Event: 1.991 Thread 0x000002993c6ae460 nmethod 2113 0x0000029928041b90 code [0x0000029928041d40, 0x0000029928042018]
Event: 1.991 Thread 0x000002993c6ae460 2114       4       sun.java2d.d3d.D3DPaints::isValid (37 bytes)
Event: 1.996 Thread 0x000002993c6ae460 nmethod 2114 0x0000029928042310 code [0x00000299280424e0, 0x0000029928042938]
Event: 1.996 Thread 0x000002993c6ae460 2115       4       sun.awt.image.SunVolatileImage::getHeight (5 bytes)
Event: 1.997 Thread 0x000002993c6ae460 nmethod 2115 0x0000029928042e90 code [0x0000029928043000, 0x0000029928043058]
Event: 2.008 Thread 0x000002993c6ae460 2116       4       java.awt.geom.AffineTransform::setTransform (65 bytes)
Event: 2.009 Thread 0x000002993c6ae460 nmethod 2116 0x0000029928043190 code [0x0000029928043300, 0x00000299280433b8]

GC Heap History (2 events):
Event: 1.166 GC heap before
{Heap before GC invocations=0 (full 0):
 garbage-first heap   total 262144K, used 24576K [0x0000000701600000, 0x0000000800000000)
  region size 2048K, 11 young (22528K), 0 survivors (0K)
 Metaspace       used 19401K, capacity 19602K, committed 19840K, reserved 1067008K
  class space    used 2017K, capacity 2085K, committed 2176K, reserved 1048576K
}
Event: 1.170 GC heap after
{Heap after GC invocations=1 (full 0):
 garbage-first heap   total 262144K, used 4559K [0x0000000701600000, 0x0000000800000000)
  region size 2048K, 2 young (4096K), 2 survivors (4096K)
 Metaspace       used 19401K, capacity 19602K, committed 19840K, reserved 1067008K
  class space    used 2017K, capacity 2085K, committed 2176K, reserved 1048576K
}

Deoptimization events (18 events):
Event: 0.132 Thread 0x000002991ca9eed0 Uncommon trap: trap_request=0xffffff45 fr.pc=0x0000029927f944ac relative=0x000000000000020c
Event: 0.132 Thread 0x000002991ca9eed0 Uncommon trap: reason=unstable_if action=reinterpret pc=0x0000029927f944ac method=java.lang.String.hashCode()I @ 42 c2
Event: 0.132 Thread 0x000002991ca9eed0 DEOPT PACKING pc=0x0000029927f944ac sp=0x000000ca8bafd7e0
Event: 0.132 Thread 0x000002991ca9eed0 DEOPT UNPACKING pc=0x000002992050e42f sp=0x000000ca8bafd778 mode 2
Event: 0.306 Thread 0x000002991ca9eed0 Uncommon trap: trap_request=0xffffff45 fr.pc=0x0000029927fb20e0 relative=0x0000000000000060
Event: 0.306 Thread 0x000002991ca9eed0 Uncommon trap: reason=unstable_if action=reinterpret pc=0x0000029927fb20e0 method=java.nio.Buffer.hasRemaining()Z @ 8 c2
Event: 0.306 Thread 0x000002991ca9eed0 DEOPT PACKING pc=0x0000029927fb20e0 sp=0x000000ca8bafedd0
Event: 0.306 Thread 0x000002991ca9eed0 DEOPT UNPACKING pc=0x000002992050e42f sp=0x000000ca8bafed68 mode 2
Event: 1.171 Thread 0x000002993d33d200 Uncommon trap: trap_request=0xfffffff4 fr.pc=0x000002992800537c relative=0x000000000000251c
Event: 1.171 Thread 0x000002993d33d200 Uncommon trap: reason=null_check action=make_not_entrant pc=0x000002992800537c method=sun.java2d.pipe.BufferedContext.validate(Lsun/java2d/pipe/hw/AccelSurface;Lsun/java2d/pipe/hw/AccelSurface;Lsun/java2d/pipe/Region;Ljava/awt/Composite;Ljava/awt/geom/Aff
Event: 1.171 Thread 0x000002993d33d200 DEOPT PACKING pc=0x000002992800537c sp=0x000000ca8d1fd970
Event: 1.171 Thread 0x000002993d33d200 DEOPT UNPACKING pc=0x000002992050e42f sp=0x000000ca8d1fd908 mode 2
Event: 1.171 Thread 0x000002993d33d200 Uncommon trap: trap_request=0xffffff45 fr.pc=0x0000029927ff7960 relative=0x00000000000000e0
Event: 1.171 Thread 0x000002993d33d200 Uncommon trap: reason=unstable_if action=reinterpret pc=0x0000029927ff7960 method=java.lang.ref.SoftReference.get()Ljava/lang/Object; @ 17 c2
Event: 1.171 Thread 0x000002993d33d200 DEOPT PACKING pc=0x0000029927ff7960 sp=0x000000ca8d1fe040
Event: 1.171 Thread 0x000002993d33d200 DEOPT UNPACKING pc=0x000002992050e42f sp=0x000000ca8d1fdff0 mode 2
Event: 1.310 Thread 0x000002993d33d200 DEOPT PACKING pc=0x0000029920c33322 sp=0x000000ca8d1feef0
Event: 1.310 Thread 0x000002993d33d200 DEOPT UNPACKING pc=0x000002992050e23f sp=0x000000ca8d1fe380 mode 0

Classes unloaded (0 events):
No events

Classes redefined (0 events):
No events

Internal exceptions (19 events):
Event: 0.167 Thread 0x000002991ca9eed0 Exception <a 'java/lang/NoSuchMethodError'{0x0000000711538df8}: 'void java.lang.invoke.DirectMethodHandle$Holder.invokeSpecial(java.lang.Object, java.lang.Object, java.lang.Object)'> (0x0000000711538df8) 
thrown [./open/src/hotspot/share/interpreter/linkResolver.cpp, line 782]
Event: 0.181 Thread 0x000002991ca9eed0 Exception <a 'java/lang/ClassNotFoundException'{0x0000000711556060}: sun/awt/resources/spi/awtProvider> (0x0000000711556060) 
thrown [./open/src/hotspot/share/classfile/systemDictionary.cpp, line 295]
Event: 0.199 Thread 0x000002991ca9eed0 Exception <a 'java/io/FileNotFoundException'{0x00000007115b1eb8}> (0x00000007115b1eb8) 
thrown [./open/src/hotspot/share/prims/jni.cpp, line 578]
Event: 0.204 Thread 0x000002991ca9eed0 Exception <a 'java/io/FileNotFoundException'{0x00000007115e09e0}> (0x00000007115e09e0) 
thrown [./open/src/hotspot/share/prims/jni.cpp, line 578]
Event: 0.204 Thread 0x000002991ca9eed0 Exception <a 'java/lang/NoSuchMethodError'{0x00000007115e1d18}: 'java.lang.Object java.lang.invoke.DirectMethodHandle$Holder.invokeStatic(java.lang.Object)'> (0x00000007115e1d18) 
thrown [./open/src/hotspot/share/interpreter/linkResolver.cpp, line 782]
Event: 0.235 Thread 0x000002991ca9eed0 Exception <a 'java/lang/NoSuchMethodError'{0x0000000711251468}: 'java.lang.Object java.lang.invoke.DirectMethodHandle$Holder.invokeStaticInit(java.lang.Object)'> (0x0000000711251468) 
thrown [./open/src/hotspot/share/interpreter/linkResolver.cpp, line 782]
Event: 0.252 Thread 0x000002991ca9eed0 Exception <a 'java/lang/NoSuchMethodError'{0x0000000711314910}: 'java.lang.Object java.lang.invoke.DirectMethodHandle$Holder.newInvokeSpecial(java.lang.Object, java.lang.Object, java.lang.Object, java.lang.Object, java.lang.Object)'> (0x0000000711314910) 
thrown [./open/src/hotspot/share/interpreter/linkResolver.cpp, line 782]
Event: 0.253 Thread 0x000002991ca9eed0 Exception <a 'java/lang/NoSuchMethodError'{0x00000007113203a0}: 'java.lang.Object java.lang.invoke.DirectMethodHandle$Holder.invokeStatic(java.lang.Object, int, java.lang.Object, java.lang.Object, java.lang.Object, java.lang.Object)'> (0x00000007113203a0) 
thrown [./open/src/hotspot/share/interpreter/linkResolver.cpp, line 782]
Event: 0.256 Thread 0x000002991ca9eed0 Exception <a 'java/lang/NoSuchMethodError'{0x0000000711346648}: 'java.lang.Object java.lang.invoke.DirectMethodHandle$Holder.invokeStatic(java.lang.Object, int, java.lang.Object)'> (0x0000000711346648) 
thrown [./open/src/hotspot/share/interpreter/linkResolver.cpp, line 782]
Event: 0.271 Thread 0x000002991ca9eed0 Exception <a 'java/lang/ClassNotFoundException'{0x00000007110019d0}: com/sun/swing/internal/plaf/metal/resources/spi/metalProvider> (0x00000007110019d0) 
thrown [./open/src/hotspot/share/classfile/systemDictionary.cpp, line 295]
Event: 0.272 Thread 0x000002991ca9eed0 Exception <a 'java/lang/ClassNotFoundException'{0x0000000711005c08}: com/sun/swing/internal/plaf/basic/resources/spi/basicProvider> (0x0000000711005c08) 
thrown [./open/src/hotspot/share/classfile/systemDictionary.cpp, line 295]
Event: 0.311 Thread 0x000002991ca9eed0 Exception <a 'java/lang/NoSuchMethodError'{0x00000007110821f0}: 'void java.lang.invoke.DirectMethodHandle$Holder.invokeStatic(java.lang.Object, java.lang.Object)'> (0x00000007110821f0) 
thrown [./open/src/hotspot/share/interpreter/linkResolver.cpp, line 782]
Event: 0.311 Thread 0x000002991ca9eed0 Exception <a 'java/lang/NoSuchMethodError'{0x0000000711085bf8}: 'void java.lang.invoke.DirectMethodHandle$Holder.invokeStaticInit(java.lang.Object, java.lang.Object)'> (0x0000000711085bf8) 
thrown [./open/src/hotspot/share/interpreter/linkResolver.cpp, line 782]
Event: 0.315 Thread 0x000002991ca9eed0 Exception <a 'java/lang/NoSuchMethodError'{0x00000007110b2b80}: 'java.lang.Object java.lang.invoke.DirectMethodHandle$Holder.invokeStaticInit(java.lang.Object, int, int, int, int)'> (0x00000007110b2b80) 
thrown [./open/src/hotspot/share/interpreter/linkResolver.cpp, line 782]
Event: 0.352 Thread 0x000002991ca9eed0 Exception <a 'java/lang/NoSuchMethodError'{0x00000007110f6cb0}: 'java.lang.Object java.lang.invoke.DirectMethodHandle$Holder.invokeStaticInit(java.lang.Object, java.lang.Object, int, int, int, int)'> (0x00000007110f6cb0) 
thrown [./open/src/hotspot/share/interpreter/linkResolver.cpp, line 782]
Event: 0.505 Thread 0x000002991ca9eed0 Exception <a 'java/lang/NoSuchMethodError'{0x0000000711140da8}: 'void java.lang.invoke.DirectMethodHandle$Holder.invokeStaticInit(java.lang.Object)'> (0x0000000711140da8) 
thrown [./open/src/hotspot/share/interpreter/linkResolver.cpp, line 782]
Event: 0.567 Thread 0x000002991ca9eed0 Exception <a 'java/lang/NoSuchMethodError'{0x0000000710e3b6e0}: 'void java.lang.invoke.DirectMethodHandle$Holder.invokeStatic(java.lang.Object, java.lang.Object, java.lang.Object)'> (0x0000000710e3b6e0) 
thrown [./open/src/hotspot/share/interpreter/linkResolver.cpp, line 782]
Event: 0.579 Thread 0x0000029944bb1a70 Exception <a 'java/lang/NoSuchMethodError'{0x0000000710e80c18}: 'java.lang.Object java.lang.invoke.DirectMethodHandle$Holder.newInvokeSpecial(java.lang.Object, java.lang.Object, java.lang.Object, int, int, int, int, int)'> (0x0000000710e80c18) 
thrown [./open/src/hotspot/share/interpreter/linkResolver.cpp, line 782]
Event: 1.171 Thread 0x000002993d33d200 Implicit null exception at 0x0000029928003370 to 0x000002992800534c

Events (20 events):
Event: 0.800 Executing VM operation: ICBufferFull
Event: 0.800 Executing VM operation: ICBufferFull done
Event: 0.800 Executing VM operation: HandshakeAllThreads
Event: 0.800 Executing VM operation: HandshakeAllThreads done
Event: 0.988 loading class java/awt/LightweightDispatcher$2
Event: 0.988 loading class java/awt/LightweightDispatcher$2 done
Event: 1.155 loading class javax/swing/Timer$1
Event: 1.155 loading class javax/swing/Timer$1 done
Event: 1.166 Executing VM operation: G1CollectForAllocation
Event: 1.170 Executing VM operation: G1CollectForAllocation done
Event: 1.170 Executing VM operation: HandshakeAllThreads
Event: 1.170 Executing VM operation: HandshakeAllThreads done
Event: 1.171 loading class sun/awt/shell/Win32ShellFolder2$FolderDisposer$1
Event: 1.171 loading class sun/awt/shell/Win32ShellFolder2$FolderDisposer$1 done
Event: 1.184 Loaded shared library C:\Users\hmirz\.p2\pool\plugins\org.eclipse.justj.openjdk.hotspot.jre.full.win32.x86_64_15.0.2.v20210201-0955\jre\bin\awt.dll
Event: 1.209 Thread 0x00000299457dcfb0 Thread added: 0x00000299457dcfb0
Event: 1.664 Executing VM operation: ICBufferFull
Event: 1.664 Executing VM operation: ICBufferFull done
Event: 2.009 loading class sun/awt/windows/WComponentPeer$1
Event: 2.009 loading class sun/awt/windows/WComponentPeer$1 done


Dynamic libraries:
0x00007ff751060000 - 0x00007ff75106d000 	C:\Users\hmirz\.p2\pool\plugins\org.eclipse.justj.openjdk.hotspot.jre.full.win32.x86_64_15.0.2.v20210201-0955\jre\bin\javaw.exe
0x00007ff908490000 - 0x00007ff908685000 	C:\WINDOWS\SYSTEM32\ntdll.dll
0x00007ff906ec0000 - 0x00007ff906f7d000 	C:\WINDOWS\System32\KERNEL32.DLL
0x00007ff905bd0000 - 0x00007ff905e98000 	C:\WINDOWS\System32\KERNELBASE.dll
0x00007ff906080000 - 0x00007ff906180000 	C:\WINDOWS\System32\ucrtbase.dll
0x00007ff8f2f20000 - 0x00007ff8f2f38000 	C:\Users\hmirz\.p2\pool\plugins\org.eclipse.justj.openjdk.hotspot.jre.full.win32.x86_64_15.0.2.v20210201-0955\jre\bin\jli.dll
0x00007ff8f4f70000 - 0x00007ff8f4f89000 	C:\Users\hmirz\.p2\pool\plugins\org.eclipse.justj.openjdk.hotspot.jre.full.win32.x86_64_15.0.2.v20210201-0955\jre\bin\VCRUNTIME140.dll
0x00007ff907ff0000 - 0x00007ff908190000 	C:\WINDOWS\System32\USER32.dll
0x00007ff905ea0000 - 0x00007ff905ec2000 	C:\WINDOWS\System32\win32u.dll
0x00007ff906fa0000 - 0x00007ff906fca000 	C:\WINDOWS\System32\GDI32.dll
0x00007ff9062e0000 - 0x00007ff9063eb000 	C:\WINDOWS\System32\gdi32full.dll
0x00007ff8f3de0000 - 0x00007ff8f407a000 	C:\WINDOWS\WinSxS\amd64_microsoft.windows.common-controls_6595b64144ccf1df_6.0.19041.1052_none_60b8f8fd71f5e8cb\COMCTL32.dll
0x00007ff905ed0000 - 0x00007ff905f6d000 	C:\WINDOWS\System32\msvcp_win.dll
0x00007ff907a10000 - 0x00007ff907aae000 	C:\WINDOWS\System32\msvcrt.dll
0x00007ff906cb0000 - 0x00007ff906ce0000 	C:\WINDOWS\System32\IMM32.DLL
0x00007ff8f6070000 - 0x00007ff8f607c000 	C:\Users\hmirz\.p2\pool\plugins\org.eclipse.justj.openjdk.hotspot.jre.full.win32.x86_64_15.0.2.v20210201-0955\jre\bin\vcruntime140_1.dll
0x00007ff8f2e80000 - 0x00007ff8f2f11000 	C:\Users\hmirz\.p2\pool\plugins\org.eclipse.justj.openjdk.hotspot.jre.full.win32.x86_64_15.0.2.v20210201-0955\jre\bin\msvcp140.dll
0x00007ff8bf7a0000 - 0x00007ff8c02fe000 	C:\Users\hmirz\.p2\pool\plugins\org.eclipse.justj.openjdk.hotspot.jre.full.win32.x86_64_15.0.2.v20210201-0955\jre\bin\server\jvm.dll
0x00007ff906e10000 - 0x00007ff906ebc000 	C:\WINDOWS\System32\ADVAPI32.dll
0x00007ff9068c0000 - 0x00007ff90695b000 	C:\WINDOWS\System32\sechost.dll
0x00007ff908260000 - 0x00007ff90838b000 	C:\WINDOWS\System32\RPCRT4.dll
0x00007ff907ab0000 - 0x00007ff907ab8000 	C:\WINDOWS\System32\PSAPI.DLL
0x00007ff8ffbf0000 - 0x00007ff8ffbf9000 	C:\WINDOWS\SYSTEM32\WSOCK32.dll
0x00007ff8fcfe0000 - 0x00007ff8fd007000 	C:\WINDOWS\SYSTEM32\WINMM.dll
0x00007ff8fd680000 - 0x00007ff8fd68a000 	C:\WINDOWS\SYSTEM32\VERSION.dll
0x00007ff906fd0000 - 0x00007ff90703b000 	C:\WINDOWS\System32\WS2_32.dll
0x00007ff9044a0000 - 0x00007ff9044b2000 	C:\WINDOWS\SYSTEM32\kernel.appcore.dll
0x00007ff8f15a0000 - 0x00007ff8f15aa000 	C:\Users\hmirz\.p2\pool\plugins\org.eclipse.justj.openjdk.hotspot.jre.full.win32.x86_64_15.0.2.v20210201-0955\jre\bin\jimage.dll
0x00007ff903a20000 - 0x00007ff903c04000 	C:\WINDOWS\SYSTEM32\DBGHELP.DLL
0x00007ff8eb9a0000 - 0x00007ff8eb9cc000 	C:\WINDOWS\SYSTEM32\dbgcore.DLL
0x00007ff905f70000 - 0x00007ff905ff3000 	C:\WINDOWS\System32\bcryptPrimitives.dll
0x00007ff8e2250000 - 0x00007ff8e2275000 	C:\Users\hmirz\.p2\pool\plugins\org.eclipse.justj.openjdk.hotspot.jre.full.win32.x86_64_15.0.2.v20210201-0955\jre\bin\java.dll
0x00007ff8e6940000 - 0x00007ff8e6958000 	C:\Users\hmirz\.p2\pool\plugins\org.eclipse.justj.openjdk.hotspot.jre.full.win32.x86_64_15.0.2.v20210201-0955\jre\bin\zip.dll
0x00007ff9072d0000 - 0x00007ff907a0f000 	C:\WINDOWS\System32\SHELL32.dll
0x00007ff903c10000 - 0x00007ff9043a0000 	C:\WINDOWS\SYSTEM32\windows.storage.dll
0x00007ff906560000 - 0x00007ff9068b5000 	C:\WINDOWS\System32\combase.dll
0x00007ff905640000 - 0x00007ff90566c000 	C:\WINDOWS\SYSTEM32\Wldp.dll
0x00007ff907ac0000 - 0x00007ff907b6e000 	C:\WINDOWS\System32\SHCORE.dll
0x00007ff908390000 - 0x00007ff9083e5000 	C:\WINDOWS\System32\shlwapi.dll
0x00007ff905b10000 - 0x00007ff905b2f000 	C:\WINDOWS\SYSTEM32\profapi.dll
0x00007ff8e5510000 - 0x00007ff8e5529000 	C:\Users\hmirz\.p2\pool\plugins\org.eclipse.justj.openjdk.hotspot.jre.full.win32.x86_64_15.0.2.v20210201-0955\jre\bin\net.dll
0x00007ff8f51c0000 - 0x00007ff8f52cb000 	C:\WINDOWS\SYSTEM32\WINHTTP.dll
0x00007ff9053b0000 - 0x00007ff90541a000 	C:\WINDOWS\system32\mswsock.dll
0x00007ff8e2230000 - 0x00007ff8e2242000 	C:\Users\hmirz\.p2\pool\plugins\org.eclipse.justj.openjdk.hotspot.jre.full.win32.x86_64_15.0.2.v20210201-0955\jre\bin\nio.dll
0x00007ff8f2d00000 - 0x00007ff8f2e7f000 	C:\Users\hmirz\.p2\pool\plugins\org.eclipse.justj.openjdk.hotspot.jre.full.win32.x86_64_15.0.2.v20210201-0955\jre\bin\awt.dll
0x00007ff908190000 - 0x00007ff90825d000 	C:\WINDOWS\System32\OLEAUT32.dll
0x00007ff903050000 - 0x00007ff9030e0000 	C:\WINDOWS\SYSTEM32\apphelp.dll
0x00007ff903150000 - 0x00007ff9031ee000 	C:\WINDOWS\system32\uxtheme.dll
0x00007ff906ce0000 - 0x00007ff906df5000 	C:\WINDOWS\System32\MSCTF.dll
0x00007ff906a10000 - 0x00007ff906b3a000 	C:\WINDOWS\System32\ole32.dll
0x00007ff903490000 - 0x00007ff9034bf000 	C:\WINDOWS\system32\DWMAPI.DLL
0x00007ff905590000 - 0x00007ff9055a8000 	C:\WINDOWS\SYSTEM32\CRYPTSP.dll
0x00007ff904ce0000 - 0x00007ff904d14000 	C:\WINDOWS\system32\rsaenh.dll
0x00007ff906000000 - 0x00007ff906027000 	C:\WINDOWS\System32\bcrypt.dll
0x00007ff905ad0000 - 0x00007ff905afe000 	C:\WINDOWS\SYSTEM32\USERENV.dll
0x00007ff905580000 - 0x00007ff90558c000 	C:\WINDOWS\SYSTEM32\CRYPTBASE.dll
0x00007ff905050000 - 0x00007ff90508b000 	C:\WINDOWS\SYSTEM32\IPHLPAPI.DLL
0x00007ff906e00000 - 0x00007ff906e08000 	C:\WINDOWS\System32\NSI.dll
0x00007ff8fd1c0000 - 0x00007ff8fd1d7000 	C:\WINDOWS\SYSTEM32\dhcpcsvc6.DLL
0x00007ff8fd290000 - 0x00007ff8fd2ad000 	C:\WINDOWS\SYSTEM32\dhcpcsvc.DLL
0x00007ff905090000 - 0x00007ff90515c000 	C:\WINDOWS\SYSTEM32\DNSAPI.dll
0x00007ff8f2bd0000 - 0x00007ff8f2cf6000 	C:\WINDOWS\system32\opengl32.dll
0x00007ff8f2af0000 - 0x00007ff8f2b1c000 	C:\WINDOWS\SYSTEM32\GLU32.dll
0x00007ff8fc0b0000 - 0x00007ff8fc27e000 	C:\WINDOWS\system32\d3d9.dll
0x00007ff8f92d0000 - 0x00007ff8f93d2000 	C:\WINDOWS\System32\DriverStore\FileRepository\nvlt.inf_amd64_6fdb2f2a4eb90886\nvldumdx.dll
0x00007ff9057c0000 - 0x00007ff9057d2000 	C:\WINDOWS\SYSTEM32\msasn1.dll
0x00007ff8fd4b0000 - 0x00007ff8fd4e1000 	C:\WINDOWS\SYSTEM32\cryptnet.dll
0x00007ff906180000 - 0x00007ff9062df000 	C:\WINDOWS\System32\CRYPT32.dll
0x00007ff9064a0000 - 0x00007ff906500000 	C:\WINDOWS\System32\WINTRUST.DLL
0x00007ff906f80000 - 0x00007ff906f9d000 	C:\WINDOWS\System32\imagehlp.dll
0x00007ff8a7a10000 - 0x00007ff8a91b3000 	C:\WINDOWS\System32\DriverStore\FileRepository\nvlt.inf_amd64_6fdb2f2a4eb90886\nvd3dumx.dll
0x00007ff905170000 - 0x00007ff9051bb000 	C:\WINDOWS\SYSTEM32\powrprof.dll
0x00007ff905030000 - 0x00007ff905042000 	C:\WINDOWS\SYSTEM32\UMPDC.dll
0x00007ff8cd060000 - 0x00007ff8cd324000 	C:\WINDOWS\system32\nvspcap64.dll
0x00007ff904910000 - 0x00007ff904943000 	C:\WINDOWS\SYSTEM32\ntmarta.dll
0x00007ff9044c0000 - 0x00007ff9044e3000 	C:\WINDOWS\SYSTEM32\gpapi.dll
0x00007ff8fa7f0000 - 0x00007ff8fa82b000 	C:\WINDOWS\SYSTEM32\dxcore.dll
0x00007ff906030000 - 0x00007ff90607e000 	C:\WINDOWS\System32\cfgmgr32.dll
0x00007ff8e8440000 - 0x00007ff8e84c5000 	C:\Users\hmirz\.p2\pool\plugins\org.eclipse.justj.openjdk.hotspot.jre.full.win32.x86_64_15.0.2.v20210201-0955\jre\bin\freetype.dll
0x00007ff8daa10000 - 0x00007ff8daab9000 	C:\Users\hmirz\.p2\pool\plugins\org.eclipse.justj.openjdk.hotspot.jre.full.win32.x86_64_15.0.2.v20210201-0955\jre\bin\fontmanager.dll
0x00007ff906960000 - 0x00007ff906a09000 	C:\WINDOWS\System32\clbcatq.dll
0x00007ff8fd7f0000 - 0x00007ff8fd9a4000 	C:\WINDOWS\SYSTEM32\WindowsCodecs.dll
0x00007ff8fb5f0000 - 0x00007ff8fb62e000 	C:\WINDOWS\system32\dataexchange.dll
0x00007ff901e80000 - 0x00007ff9020e4000 	C:\WINDOWS\system32\d3d11.dll
0x00007ff902550000 - 0x00007ff902736000 	C:\WINDOWS\system32\dcomp.dll
0x00007ff904510000 - 0x00007ff904604000 	C:\WINDOWS\system32\dxgi.dll
0x00007ff8fe0e0000 - 0x00007ff8fe2e1000 	C:\WINDOWS\system32\twinapi.appcore.dll
0x00007ff8fa990000 - 0x00007ff8faa89000 	C:\WINDOWS\SYSTEM32\textinputframework.dll
0x00007ff902ac0000 - 0x00007ff902e1e000 	C:\WINDOWS\System32\CoreUIComponents.dll
0x00007ff902e20000 - 0x00007ff902f12000 	C:\WINDOWS\System32\CoreMessaging.dll
0x00007ff901760000 - 0x00007ff9018b4000 	C:\WINDOWS\SYSTEM32\wintypes.dll
0x00007ff8d6c70000 - 0x00007ff8d6cef000 	C:\Users\hmirz\.p2\pool\plugins\org.eclipse.justj.openjdk.hotspot.jre.full.win32.x86_64_15.0.2.v20210201-0955\jre\bin\mlib_image.dll
0x00007ff8f1830000 - 0x00007ff8f18e0000 	C:\WINDOWS\WinSxS\amd64_microsoft.windows.common-controls_6595b64144ccf1df_5.82.19041.844_none_423537bff6b9828c\comctl32.dll
0x00007ff901300000 - 0x00007ff9013f6000 	C:\WINDOWS\SYSTEM32\PROPSYS.dll
0x00007ff8f2ad0000 - 0x00007ff8f2ae7000 	C:\WINDOWS\system32\NetworkExplorer.dll
0x00007ff8ef7f0000 - 0x00007ff8ef80d000 	C:\WINDOWS\SYSTEM32\MPR.dll
0x00007ff8ff5a0000 - 0x00007ff8ff5ab000 	C:\WINDOWS\System32\drprov.dll
0x00007ff9049c0000 - 0x00007ff904a1a000 	C:\WINDOWS\System32\WINSTA.dll
0x00007ff8f5c00000 - 0x00007ff8f5c18000 	C:\WINDOWS\System32\ntlanman.dll
0x00007ff8f5be0000 - 0x00007ff8f5bfe000 	C:\WINDOWS\System32\davclnt.dll
0x00007ff8f5bd0000 - 0x00007ff8f5bdd000 	C:\WINDOWS\System32\DAVHLPR.dll
0x00007ff904e00000 - 0x00007ff904e17000 	C:\WINDOWS\System32\wkscli.dll
0x00007ff8e67e0000 - 0x00007ff8e67f2000 	C:\WINDOWS\SYSTEM32\cscapi.dll
0x00007ff905160000 - 0x00007ff90516c000 	C:\WINDOWS\System32\netutils.dll
0x00007ff8d9f00000 - 0x00007ff8d9f58000 	C:\Windows\System32\dlnashext.dll
0x00007ff8d6c00000 - 0x00007ff8d6c64000 	C:\Windows\System32\PlayToDevice.dll
0x00007ff8f0560000 - 0x00007ff8f0580000 	C:\Windows\System32\DevDispItemProvider.dll
0x00007ff8fea10000 - 0x00007ff8fea95000 	C:\WINDOWS\System32\MMDevApi.dll
0x00007ff905980000 - 0x00007ff9059ac000 	C:\WINDOWS\System32\DEVOBJ.dll
0x00007ff8d3100000 - 0x00007ff8d31a3000 	C:\WINDOWS\system32\wpdshext.dll
0x00007ff8f4080000 - 0x00007ff8f422b000 	C:\WINDOWS\WinSxS\amd64_microsoft.windows.gdiplus_6595b64144ccf1df_1.1.19041.1023_none_91a0d43ccc8b3035\gdiplus.dll
0x00007ff8d7ed0000 - 0x00007ff8d7f73000 	C:\Windows\System32\PortableDeviceApi.dll
0x00007ff907b70000 - 0x00007ff907fd9000 	C:\WINDOWS\System32\SETUPAPI.dll
0x00007ff8e6cb0000 - 0x00007ff8e6ce7000 	C:\Windows\System32\EhStorShell.dll
0x00007ff8f2aa0000 - 0x00007ff8f2ac6000 	C:\Windows\System32\EhStorAPI.dll
0x00007ff900660000 - 0x00007ff900674000 	C:\Windows\System32\WTSAPI32.dll
0x00007ff8fdbb0000 - 0x00007ff8fdbbd000 	C:\WINDOWS\SYSTEM32\LINKINFO.dll

dbghelp: loaded successfully - version: 4.0.5 - missing functions: none
symbol engine: initialized successfully - sym options: 0x614 - pdb path: .;C:\Users\hmirz\.p2\pool\plugins\org.eclipse.justj.openjdk.hotspot.jre.full.win32.x86_64_15.0.2.v20210201-0955\jre\bin;C:\WINDOWS\SYSTEM32;C:\WINDOWS\WinSxS\amd64_microsoft.windows.common-controls_6595b64144ccf1df_6.0.19041.1052_none_60b8f8fd71f5e8cb;C:\Users\hmirz\.p2\pool\plugins\org.eclipse.justj.openjdk.hotspot.jre.full.win32.x86_64_15.0.2.v20210201-0955\jre\bin\server;C:\WINDOWS\System32\DriverStore\FileRepository\nvlt.inf_amd64_6fdb2f2a4eb90886;C:\WINDOWS\WinSxS\amd64_microsoft.windows.common-controls_6595b64144ccf1df_5.82.19041.844_none_423537bff6b9828c;C:\WINDOWS\WinSxS\amd64_microsoft.windows.gdiplus_6595b64144ccf1df_1.1.19041.1023_none_91a0d43ccc8b3035

VM Arguments:
jvm_args: -Dfile.encoding=Cp1252 -XX:+ShowCodeDetailsInExceptionMessages 
java_command: MainClass
java_class_path (initial): C:\Users\hmirz\OneDrive\Desktop\JavaEclipse\TurtleGraphics\bin;C:\Users\hmirz\Downloads\TurtleGraphics.jar
Launcher Type: SUN_STANDARD

[Global flags]
     intx CICompilerCount                          = 4                                         {product} {ergonomic}
     uint ConcGCThreads                            = 3                                         {product} {ergonomic}
     uint G1ConcRefinementThreads                  = 10                                        {product} {ergonomic}
   size_t G1HeapRegionSize                         = 2097152                                   {product} {ergonomic}
    uintx GCDrainStackTargetSize                   = 64                                        {product} {ergonomic}
   size_t InitialHeapSize                          = 268435456                                 {product} {ergonomic}
   size_t MarkStackSize                            = 4194304                                   {product} {ergonomic}
   size_t MaxHeapSize                              = 4271898624                                {product} {ergonomic}
   size_t MaxNewSize                               = 2562719744                                {product} {ergonomic}
   size_t MinHeapDeltaBytes                        = 2097152                                   {product} {ergonomic}
   size_t MinHeapSize                              = 8388608                                   {product} {ergonomic}
    uintx NonNMethodCodeHeapSize                   = 5839372                                {pd product} {ergonomic}
    uintx NonProfiledCodeHeapSize                  = 122909434                              {pd product} {ergonomic}
    uintx ProfiledCodeHeapSize                     = 122909434                              {pd product} {ergonomic}
    uintx ReservedCodeCacheSize                    = 251658240                              {pd product} {ergonomic}
     bool SegmentedCodeCache                       = true                                      {product} {ergonomic}
     bool ShowCodeDetailsInExceptionMessages       = true                                   {manageable} {command line}
   size_t SoftMaxHeapSize                          = 4271898624                             {manageable} {ergonomic}
     bool UseCompressedClassPointers               = true                                 {lp64_product} {ergonomic}
     bool UseCompressedOops                        = true                                 {lp64_product} {ergonomic}
     bool UseG1GC                                  = true                                      {product} {ergonomic}
     bool UseLargePagesIndividualAllocation        = false                                  {pd product} {ergonomic}

Logging:
Log output configuration:
 #0: stdout all=warning uptime,level,tags
 #1: stderr all=off uptime,level,tags

Environment Variables:
PATH=C:/Users/hmirz/.p2/pool/plugins/org.eclipse.justj.openjdk.hotspot.jre.full.win32.x86_64_15.0.2.v20210201-0955/jre/bin/server;C:/Users/hmirz/.p2/pool/plugins/org.eclipse.justj.openjdk.hotspot.jre.full.win32.x86_64_15.0.2.v20210201-0955/jre/bin;C:\Windows\system32;C:\Windows;C:\Windows\System32\Wbem;C:\Windows\System32\WindowsPowerShell\v1.0\;C:\Windows\System32\OpenSSH\;C:\Program Files (x86)\NVIDIA Corporation\PhysX\Common;C:\Program Files\NVIDIA Corporation\NVIDIA NvDLISR;C:\Program Files\;C:\Users\hmirz\Downloads\php-7.4.15-nts-Win32-vc15-x64;C:\WINDOWS\system32;C:\WINDOWS;C:\WINDOWS\System32\Wbem;C:\WINDOWS\System32\WindowsPowerShell\v1.0\;C:\WINDOWS\System32\OpenSSH\;C:\Users\hmirz\AppData\Local\Microsoft\WindowsApps;;C:\Users\hmirz\AppData\Local\Programs\Microsoft VS Code\bin;C:\Users\hmirz\AppData\Roaming\npm;C:\Program Files (x86)\GitHub CLI\;C:\Users\hmirz\AppData\Roaming\Composer\vendor\bin;C:\Users\hmirz\OneDrive\Desktop;
USERNAME=hmirz
OS=Windows_NT
PROCESSOR_IDENTIFIER=Intel64 Family 6 Model 165 Stepping 2, GenuineIntel



---------------  S Y S T E M  ---------------

OS:
 Windows 10 , 64 bit Build 19041 (10.0.19041.1023)
OS uptime: 3 days 11:12 hours

CPU: total 12 (initial active 12) (6 cores per cpu, 2 threads per core) family 6 model 165 stepping 2 microcode 0xc8, cmov, cx8, fxsr, mmx, sse, sse2, sse3, ssse3, sse4.1, sse4.2, popcnt, vzeroupper, avx, avx2, aes, clmul, erms, 3dnowpref, lzcnt, ht, tsc, tscinvbit, bmi1, bmi2, adx, fma, clflush, clflushopt

Memory: 4k page, system-wide physical 16291M (479M free)
TotalPageFile size 46656M (AvailPageFile size 5M)
current process WorkingSet (physical memory assigned to process): 166M, peak: 172M
current process commit charge ("private bytes"): 502M, peak: 511M

vm_info: OpenJDK 64-Bit Server VM (15.0.2+7-27) for windows-amd64 JRE (15.0.2+7-27), built on Dec  7 2020 20:02:38 by "mach5one" with unknown MS VC++:1925

END.
