#
# There is insufficient memory for the Java Runtime Environment to continue.
# Native memory allocation (malloc) failed to allocate 2908096 bytes for Chunk::new
# Possible reasons:
#   The system is out of physical RAM or swap space
#   The process is running with CompressedOops enabled, and the Java Heap may be blocking the growth of the native heap
# Possible solutions:
#   Reduce memory load on the system
#   Increase physical memory or swap space
#   Check if swap backing store is full
#   Decrease Java heap size (-Xmx/-Xms)
#   Decrease number of Java threads
#   Decrease Java thread stack sizes (-Xss)
#   Set larger code cache with -XX:ReservedCodeCacheSize=
#   JVM is running with Zero Based Compressed Oops mode in which the Java heap is
#     placed in the first 32GB address space. The Java Heap base address is the
#     maximum limit for the native heap growth. Please use -XX:HeapBaseMinAddress
#     to set the Java Heap base and to place the Java Heap above 32GB virtual address.
# This output file may be truncated or incomplete.
#
#  Out of Memory Error (./open/src/hotspot/share/memory/arena.cpp:195), pid=13260, tid=13908
#
# JRE version: OpenJDK Runtime Environment (15.0.2+7) (build 15.0.2+7-27)
# Java VM: OpenJDK 64-Bit Server VM (15.0.2+7-27, mixed mode, tiered, compressed oops, g1 gc, windows-amd64)
# No core dump will be written. Minidumps are not enabled by default on client versions of Windows
#

---------------  S U M M A R Y ------------

Command Line: -Dfile.encoding=Cp1252 -XX:+ShowCodeDetailsInExceptionMessages MainClass

Host: Intel(R) Core(TM) i7-10750H CPU @ 2.60GHz, 12 cores, 15G,  Windows 10 , 64 bit Build 19041 (10.0.19041.928)
Time: Mon Jun  7 13:18:50 2021 GMT Daylight Time elapsed time: 18.897190 seconds (0d 0h 0m 18s)

---------------  T H R E A D  ---------------

Current thread (0x0000025d809082c0):  JavaThread "C2 CompilerThread1" daemon [_thread_in_native, id=13908, stack(0x00000094ba600000,0x00000094ba700000)]


Current CompileTask:
C2:  18897 2652   !   4       sun.java2d.SunGraphics2D::drawImage (150 bytes)

Stack: [0x00000094ba600000,0x00000094ba700000]
Native frames: (J=compiled Java code, j=interpreted, Vv=VM code, C=native code)
V  [jvm.dll+0x62ae9a]
V  [jvm.dll+0x7817a9]
V  [jvm.dll+0x782f03]
V  [jvm.dll+0x783563]
V  [jvm.dll+0x216325]
V  [jvm.dll+0x97f3a]
V  [jvm.dll+0x9861c]
V  [jvm.dll+0x32e305]
V  [jvm.dll+0x18e1ba]
V  [jvm.dll+0x1ea822]
V  [jvm.dll+0x1e996e]
V  [jvm.dll+0x178567]
V  [jvm.dll+0x1f9225]
V  [jvm.dll+0x1f72cc]
V  [jvm.dll+0x74495d]
V  [jvm.dll+0x73d75a]
V  [jvm.dll+0x629c56]
C  [ucrtbase.dll+0x21bb2]
C  [KERNEL32.DLL+0x17034]
C  [ntdll.dll+0x52651]


---------------  P R O C E S S  ---------------

Threads class SMR info:
_java_thread_list=0x0000025d80e55b40, length=20, elements={
0x0000025df6f3eaf0, 0x0000025df77bc500, 0x0000025df77dd0b0, 0x0000025df77df980,
0x0000025df77e0340, 0x0000025df77e10e0, 0x0000025df77e6fa0, 0x0000025df77f18c0,
0x0000025df7978680, 0x0000025df797a380, 0x0000025df7e9fa80, 0x0000025df7e9ff50,
0x0000025df7eb9040, 0x0000025df849eff0, 0x0000025d8003dc20, 0x0000025d801fff00,
0x0000025df830e6d0, 0x0000025df830dd30, 0x0000025d809082c0, 0x0000025d91d7a0b0
}

Java Threads: ( => current thread )
  0x0000025df6f3eaf0 JavaThread "Reference Handler" daemon [_thread_blocked, id=10176, stack(0x00000094b9100000,0x00000094b9200000)]
  0x0000025df77bc500 JavaThread "Finalizer" daemon [_thread_blocked, id=6740, stack(0x00000094b9200000,0x00000094b9300000)]
  0x0000025df77dd0b0 JavaThread "Signal Dispatcher" daemon [_thread_blocked, id=31408, stack(0x00000094b9300000,0x00000094b9400000)]
  0x0000025df77df980 JavaThread "Attach Listener" daemon [_thread_blocked, id=13252, stack(0x00000094b9400000,0x00000094b9500000)]
  0x0000025df77e0340 JavaThread "Service Thread" daemon [_thread_blocked, id=31772, stack(0x00000094b9500000,0x00000094b9600000)]
  0x0000025df77e10e0 JavaThread "C2 CompilerThread0" daemon [_thread_in_native, id=19592, stack(0x00000094b9600000,0x00000094b9700000)]
  0x0000025df77e6fa0 JavaThread "C1 CompilerThread0" daemon [_thread_blocked, id=12660, stack(0x00000094b9700000,0x00000094b9800000)]
  0x0000025df77f18c0 JavaThread "Sweeper thread" daemon [_thread_blocked, id=21480, stack(0x00000094b9800000,0x00000094b9900000)]
  0x0000025df7978680 JavaThread "Notification Thread" daemon [_thread_blocked, id=30240, stack(0x00000094b9900000,0x00000094b9a00000)]
  0x0000025df797a380 JavaThread "Common-Cleaner" daemon [_thread_blocked, id=29360, stack(0x00000094b9b00000,0x00000094b9c00000)]
  0x0000025df7e9fa80 JavaThread "Java2D Disposer" daemon [_thread_blocked, id=29928, stack(0x00000094b9c00000,0x00000094b9d00000)]
  0x0000025df7e9ff50 JavaThread "AWT-Shutdown" [_thread_blocked, id=11976, stack(0x00000094b9d00000,0x00000094b9e00000)]
  0x0000025df7eb9040 JavaThread "AWT-Windows" daemon [_thread_in_native, id=31100, stack(0x00000094b9e00000,0x00000094b9f00000)]
  0x0000025df849eff0 JavaThread "AWT-EventQueue-0" [_thread_in_Java, id=13972, stack(0x00000094ba100000,0x00000094ba200000)]
  0x0000025d8003dc20 JavaThread "D3D Screen Updater" daemon [_thread_in_vm, id=31660, stack(0x00000094ba500000,0x00000094ba600000)]
  0x0000025d801fff00 JavaThread "TimerQueue" daemon [_thread_blocked, id=5540, stack(0x00000094ba710000,0x00000094ba810000)]
  0x0000025df830e6d0 JavaThread "Swing-Shell" daemon [_thread_blocked, id=20448, stack(0x00000094ba880000,0x00000094ba980000)]
  0x0000025df830dd30 JavaThread "DestroyJavaVM" [_thread_blocked, id=28040, stack(0x00000094b8a00000,0x00000094b8b00000)]
=>0x0000025d809082c0 JavaThread "C2 CompilerThread1" daemon [_thread_in_native, id=13908, stack(0x00000094ba600000,0x00000094ba700000)]
  0x0000025d91d7a0b0 JavaThread "C2 CompilerThread2" daemon [_thread_in_native, id=3204, stack(0x00000094baf80000,0x00000094bb080000)]

Other Threads:
  0x0000025df6f3c7b0 VMThread "VM Thread" [stack: 0x00000094b9000000,0x00000094b9100000] [id=32480]
  0x0000025df7978b50 WatcherThread [stack: 0x00000094b9a00000,0x00000094b9b00000] [id=24840]
  0x0000025dd7bf1cb0 GCTaskThread "GC Thread#0" [stack: 0x00000094b8b00000,0x00000094b8c00000] [id=17956]
  0x0000025df821b300 GCTaskThread "GC Thread#1" [stack: 0x00000094baa80000,0x00000094bab80000] [id=30944]
  0x0000025df821b960 GCTaskThread "GC Thread#2" [stack: 0x00000094bab80000,0x00000094bac80000] [id=30864]
  0x0000025df821b630 GCTaskThread "GC Thread#3" [stack: 0x00000094bac80000,0x00000094bad80000] [id=31412]
  0x0000025df8219980 GCTaskThread "GC Thread#4" [stack: 0x00000094bad80000,0x00000094bae80000] [id=13256]
  0x0000025df8219cb0 GCTaskThread "GC Thread#5" [stack: 0x00000094bae80000,0x00000094baf80000] [id=32388]
  0x0000025dd7c04450 ConcurrentGCThread "G1 Main Marker" [stack: 0x00000094b8c00000,0x00000094b8d00000] [id=26392]
  0x0000025dd7c05f60 ConcurrentGCThread "G1 Conc#0" [stack: 0x00000094b8d00000,0x00000094b8e00000] [id=31896]
  0x0000025dd7c7d5a0 ConcurrentGCThread "G1 Refine#0" [stack: 0x00000094b8e00000,0x00000094b8f00000] [id=16552]
  0x0000025df6daa100 ConcurrentGCThread "G1 Young RemSet Sampling" [stack: 0x00000094b8f00000,0x00000094b9000000] [id=24212]

Threads with active compile tasks:
C2 CompilerThread0    18921 2713   !   4       sun.font.FontDesignMetrics::getMetrics (265 bytes)
C2 CompilerThread1    18921 2652   !   4       sun.java2d.SunGraphics2D::drawImage (150 bytes)
C2 CompilerThread2    18921 2656       4       sun.java2d.SunGraphics2D::drawImage (11 bytes)

VM state: not at safepoint (normal execution)

VM Mutex/Monitor currently owned by a thread: None

Heap address: 0x0000000701600000, size: 4074 MB, Compressed Oops mode: Zero based, Oop shift amount: 3
CDS disabled.
Compressed class space mapped at: 0x0000000800000000-0x0000000840000000, size: 1073741824
Narrow klass base: 0x0000000800000000, Narrow klass shift: 0, Narrow klass range: 0x40000000

GC Precious Log:
 CPUs: 12 total, 12 available
 Memory: 16291M
 Large Page Support: Disabled
 NUMA Support: Disabled
 Compressed Oops: Enabled (Zero based)
 Heap Region Size: 2M
 Heap Min Capacity: 8M
 Heap Initial Capacity: 256M
 Heap Max Capacity: 4074M
 Pre-touch: Disabled
 Parallel Workers: 10
 Concurrent Workers: 3
 Concurrent Refinement Workers: 10
 Periodic GC: Disabled

Heap:
 garbage-first heap   total 262144K, used 102656K [0x0000000701600000, 0x0000000800000000)
  region size 2048K, 51 young (104448K), 3 survivors (6144K)
 Metaspace       used 19990K, capacity 20181K, committed 20352K, reserved 1067008K
  class space    used 2063K, capacity 2150K, committed 2176K, reserved 1048576K

Heap Regions: E=young(eden), S=young(survivor), O=old, HS=humongous(starts), HC=humongous(continues), CS=collection set, F=free, OA=open archive, CA=closed archive, TAMS=top-at-mark-start (previous, next)
|   0|0x0000000701600000, 0x0000000701800000, 0x0000000701800000|100%|HS|  |TAMS 0x0000000701600000, 0x0000000701600000| Complete 
|   1|0x0000000701800000, 0x0000000701800000, 0x0000000701a00000|  0%| F|  |TAMS 0x0000000701800000, 0x0000000701800000| Untracked 
|   2|0x0000000701a00000, 0x0000000701a00000, 0x0000000701c00000|  0%| F|  |TAMS 0x0000000701a00000, 0x0000000701a00000| Untracked 
|   3|0x0000000701c00000, 0x0000000701c00000, 0x0000000701e00000|  0%| F|  |TAMS 0x0000000701c00000, 0x0000000701c00000| Untracked 
|   4|0x0000000701e00000, 0x0000000701e00000, 0x0000000702000000|  0%| F|  |TAMS 0x0000000701e00000, 0x0000000701e00000| Untracked 
|   5|0x0000000702000000, 0x0000000702000000, 0x0000000702200000|  0%| F|  |TAMS 0x0000000702000000, 0x0000000702000000| Untracked 
|   6|0x0000000702200000, 0x0000000702200000, 0x0000000702400000|  0%| F|  |TAMS 0x0000000702200000, 0x0000000702200000| Untracked 
|   7|0x0000000702400000, 0x0000000702400000, 0x0000000702600000|  0%| F|  |TAMS 0x0000000702400000, 0x0000000702400000| Untracked 
|   8|0x0000000702600000, 0x0000000702600000, 0x0000000702800000|  0%| F|  |TAMS 0x0000000702600000, 0x0000000702600000| Untracked 
|   9|0x0000000702800000, 0x0000000702800000, 0x0000000702a00000|  0%| F|  |TAMS 0x0000000702800000, 0x0000000702800000| Untracked 
|  10|0x0000000702a00000, 0x0000000702a00000, 0x0000000702c00000|  0%| F|  |TAMS 0x0000000702a00000, 0x0000000702a00000| Untracked 
|  11|0x0000000702c00000, 0x0000000702c00000, 0x0000000702e00000|  0%| F|  |TAMS 0x0000000702c00000, 0x0000000702c00000| Untracked 
|  12|0x0000000702e00000, 0x0000000702e00000, 0x0000000703000000|  0%| F|  |TAMS 0x0000000702e00000, 0x0000000702e00000| Untracked 
|  13|0x0000000703000000, 0x0000000703000000, 0x0000000703200000|  0%| F|  |TAMS 0x0000000703000000, 0x0000000703000000| Untracked 
|  14|0x0000000703200000, 0x0000000703200000, 0x0000000703400000|  0%| F|  |TAMS 0x0000000703200000, 0x0000000703200000| Untracked 
|  15|0x0000000703400000, 0x0000000703400000, 0x0000000703600000|  0%| F|  |TAMS 0x0000000703400000, 0x0000000703400000| Untracked 
|  16|0x0000000703600000, 0x0000000703600000, 0x0000000703800000|  0%| F|  |TAMS 0x0000000703600000, 0x0000000703600000| Untracked 
|  17|0x0000000703800000, 0x0000000703800000, 0x0000000703a00000|  0%| F|  |TAMS 0x0000000703800000, 0x0000000703800000| Untracked 
|  18|0x0000000703a00000, 0x0000000703a00000, 0x0000000703c00000|  0%| F|  |TAMS 0x0000000703a00000, 0x0000000703a00000| Untracked 
|  19|0x0000000703c00000, 0x0000000703c00000, 0x0000000703e00000|  0%| F|  |TAMS 0x0000000703c00000, 0x0000000703c00000| Untracked 
|  20|0x0000000703e00000, 0x0000000703e00000, 0x0000000704000000|  0%| F|  |TAMS 0x0000000703e00000, 0x0000000703e00000| Untracked 
|  21|0x0000000704000000, 0x0000000704000000, 0x0000000704200000|  0%| F|  |TAMS 0x0000000704000000, 0x0000000704000000| Untracked 
|  22|0x0000000704200000, 0x0000000704200000, 0x0000000704400000|  0%| F|  |TAMS 0x0000000704200000, 0x0000000704200000| Untracked 
|  23|0x0000000704400000, 0x0000000704400000, 0x0000000704600000|  0%| F|  |TAMS 0x0000000704400000, 0x0000000704400000| Untracked 
|  24|0x0000000704600000, 0x0000000704600000, 0x0000000704800000|  0%| F|  |TAMS 0x0000000704600000, 0x0000000704600000| Untracked 
|  25|0x0000000704800000, 0x0000000704800000, 0x0000000704a00000|  0%| F|  |TAMS 0x0000000704800000, 0x0000000704800000| Untracked 
|  26|0x0000000704a00000, 0x0000000704a00000, 0x0000000704c00000|  0%| F|  |TAMS 0x0000000704a00000, 0x0000000704a00000| Untracked 
|  27|0x0000000704c00000, 0x0000000704c00000, 0x0000000704e00000|  0%| F|  |TAMS 0x0000000704c00000, 0x0000000704c00000| Untracked 
|  28|0x0000000704e00000, 0x0000000704e00000, 0x0000000705000000|  0%| F|  |TAMS 0x0000000704e00000, 0x0000000704e00000| Untracked 
|  29|0x0000000705000000, 0x0000000705000000, 0x0000000705200000|  0%| F|  |TAMS 0x0000000705000000, 0x0000000705000000| Untracked 
|  30|0x0000000705200000, 0x0000000705200000, 0x0000000705400000|  0%| F|  |TAMS 0x0000000705200000, 0x0000000705200000| Untracked 
|  31|0x0000000705400000, 0x0000000705400000, 0x0000000705600000|  0%| F|  |TAMS 0x0000000705400000, 0x0000000705400000| Untracked 
|  32|0x0000000705600000, 0x0000000705600000, 0x0000000705800000|  0%| F|  |TAMS 0x0000000705600000, 0x0000000705600000| Untracked 
|  33|0x0000000705800000, 0x0000000705800000, 0x0000000705a00000|  0%| F|  |TAMS 0x0000000705800000, 0x0000000705800000| Untracked 
|  34|0x0000000705a00000, 0x0000000705a00000, 0x0000000705c00000|  0%| F|  |TAMS 0x0000000705a00000, 0x0000000705a00000| Untracked 
|  35|0x0000000705c00000, 0x0000000705c00000, 0x0000000705e00000|  0%| F|  |TAMS 0x0000000705c00000, 0x0000000705c00000| Untracked 
|  36|0x0000000705e00000, 0x0000000705e00000, 0x0000000706000000|  0%| F|  |TAMS 0x0000000705e00000, 0x0000000705e00000| Untracked 
|  37|0x0000000706000000, 0x0000000706000000, 0x0000000706200000|  0%| F|  |TAMS 0x0000000706000000, 0x0000000706000000| Untracked 
|  38|0x0000000706200000, 0x0000000706200000, 0x0000000706400000|  0%| F|  |TAMS 0x0000000706200000, 0x0000000706200000| Untracked 
|  39|0x0000000706400000, 0x0000000706400000, 0x0000000706600000|  0%| F|  |TAMS 0x0000000706400000, 0x0000000706400000| Untracked 
|  40|0x0000000706600000, 0x0000000706600000, 0x0000000706800000|  0%| F|  |TAMS 0x0000000706600000, 0x0000000706600000| Untracked 
|  41|0x0000000706800000, 0x0000000706800000, 0x0000000706a00000|  0%| F|  |TAMS 0x0000000706800000, 0x0000000706800000| Untracked 
|  42|0x0000000706a00000, 0x0000000706a00000, 0x0000000706c00000|  0%| F|  |TAMS 0x0000000706a00000, 0x0000000706a00000| Untracked 
|  43|0x0000000706c00000, 0x0000000706c00000, 0x0000000706e00000|  0%| F|  |TAMS 0x0000000706c00000, 0x0000000706c00000| Untracked 
|  44|0x0000000706e00000, 0x0000000706e00000, 0x0000000707000000|  0%| F|  |TAMS 0x0000000706e00000, 0x0000000706e00000| Untracked 
|  45|0x0000000707000000, 0x0000000707000000, 0x0000000707200000|  0%| F|  |TAMS 0x0000000707000000, 0x0000000707000000| Untracked 
|  46|0x0000000707200000, 0x0000000707200000, 0x0000000707400000|  0%| F|  |TAMS 0x0000000707200000, 0x0000000707200000| Untracked 
|  47|0x0000000707400000, 0x0000000707400000, 0x0000000707600000|  0%| F|  |TAMS 0x0000000707400000, 0x0000000707400000| Untracked 
|  48|0x0000000707600000, 0x0000000707600000, 0x0000000707800000|  0%| F|  |TAMS 0x0000000707600000, 0x0000000707600000| Untracked 
|  49|0x0000000707800000, 0x0000000707840020, 0x0000000707a00000| 12%| S|CS|TAMS 0x0000000707800000, 0x0000000707800000| Complete 
|  50|0x0000000707a00000, 0x0000000707c00000, 0x0000000707c00000|100%| S|CS|TAMS 0x0000000707a00000, 0x0000000707a00000| Complete 
|  51|0x0000000707c00000, 0x0000000707e00000, 0x0000000707e00000|100%| S|CS|TAMS 0x0000000707c00000, 0x0000000707c00000| Complete 
|  52|0x0000000707e00000, 0x0000000707e00000, 0x0000000708000000|  0%| F|  |TAMS 0x0000000707e00000, 0x0000000707e00000| Untracked 
|  53|0x0000000708000000, 0x0000000708000000, 0x0000000708200000|  0%| F|  |TAMS 0x0000000708000000, 0x0000000708000000| Untracked 
|  54|0x0000000708200000, 0x0000000708200000, 0x0000000708400000|  0%| F|  |TAMS 0x0000000708200000, 0x0000000708200000| Untracked 
|  55|0x0000000708400000, 0x0000000708400000, 0x0000000708600000|  0%| F|  |TAMS 0x0000000708400000, 0x0000000708400000| Untracked 
|  56|0x0000000708600000, 0x0000000708600000, 0x0000000708800000|  0%| F|  |TAMS 0x0000000708600000, 0x0000000708600000| Untracked 
|  57|0x0000000708800000, 0x0000000708800000, 0x0000000708a00000|  0%| F|  |TAMS 0x0000000708800000, 0x0000000708800000| Untracked 
|  58|0x0000000708a00000, 0x0000000708a00000, 0x0000000708c00000|  0%| F|  |TAMS 0x0000000708a00000, 0x0000000708a00000| Untracked 
|  59|0x0000000708c00000, 0x0000000708c00000, 0x0000000708e00000|  0%| F|  |TAMS 0x0000000708c00000, 0x0000000708c00000| Untracked 
|  60|0x0000000708e00000, 0x0000000708e00000, 0x0000000709000000|  0%| F|  |TAMS 0x0000000708e00000, 0x0000000708e00000| Untracked 
|  61|0x0000000709000000, 0x0000000709000000, 0x0000000709200000|  0%| F|  |TAMS 0x0000000709000000, 0x0000000709000000| Untracked 
|  62|0x0000000709200000, 0x0000000709200000, 0x0000000709400000|  0%| F|  |TAMS 0x0000000709200000, 0x0000000709200000| Untracked 
|  63|0x0000000709400000, 0x0000000709400000, 0x0000000709600000|  0%| F|  |TAMS 0x0000000709400000, 0x0000000709400000| Untracked 
|  64|0x0000000709600000, 0x0000000709600000, 0x0000000709800000|  0%| F|  |TAMS 0x0000000709600000, 0x0000000709600000| Untracked 
|  65|0x0000000709800000, 0x0000000709800000, 0x0000000709a00000|  0%| F|  |TAMS 0x0000000709800000, 0x0000000709800000| Untracked 
|  66|0x0000000709a00000, 0x0000000709a00000, 0x0000000709c00000|  0%| F|  |TAMS 0x0000000709a00000, 0x0000000709a00000| Untracked 
|  67|0x0000000709c00000, 0x0000000709c00000, 0x0000000709e00000|  0%| F|  |TAMS 0x0000000709c00000, 0x0000000709c00000| Untracked 
|  68|0x0000000709e00000, 0x0000000709e00000, 0x000000070a000000|  0%| F|  |TAMS 0x0000000709e00000, 0x0000000709e00000| Untracked 
|  69|0x000000070a000000, 0x000000070a000000, 0x000000070a200000|  0%| F|  |TAMS 0x000000070a000000, 0x000000070a000000| Untracked 
|  70|0x000000070a200000, 0x000000070a200000, 0x000000070a400000|  0%| F|  |TAMS 0x000000070a200000, 0x000000070a200000| Untracked 
|  71|0x000000070a400000, 0x000000070a400000, 0x000000070a600000|  0%| F|  |TAMS 0x000000070a400000, 0x000000070a400000| Untracked 
|  72|0x000000070a600000, 0x000000070a600000, 0x000000070a800000|  0%| F|  |TAMS 0x000000070a600000, 0x000000070a600000| Untracked 
|  73|0x000000070a800000, 0x000000070a800000, 0x000000070aa00000|  0%| F|  |TAMS 0x000000070a800000, 0x000000070a800000| Untracked 
|  74|0x000000070aa00000, 0x000000070aa00000, 0x000000070ac00000|  0%| F|  |TAMS 0x000000070aa00000, 0x000000070aa00000| Untracked 
|  75|0x000000070ac00000, 0x000000070ac00000, 0x000000070ae00000|  0%| F|  |TAMS 0x000000070ac00000, 0x000000070ac00000| Untracked 
|  76|0x000000070ae00000, 0x000000070ae00000, 0x000000070b000000|  0%| F|  |TAMS 0x000000070ae00000, 0x000000070ae00000| Untracked 
|  77|0x000000070b000000, 0x000000070b000000, 0x000000070b200000|  0%| F|  |TAMS 0x000000070b000000, 0x000000070b000000| Untracked 
|  78|0x000000070b200000, 0x000000070b200000, 0x000000070b400000|  0%| F|  |TAMS 0x000000070b200000, 0x000000070b200000| Untracked 
|  79|0x000000070b400000, 0x000000070b400000, 0x000000070b600000|  0%| F|  |TAMS 0x000000070b400000, 0x000000070b400000| Untracked 
|  80|0x000000070b600000, 0x000000070b704db0, 0x000000070b800000| 50%| E|  |TAMS 0x000000070b600000, 0x000000070b600000| Complete 
|  81|0x000000070b800000, 0x000000070ba00000, 0x000000070ba00000|100%| E|CS|TAMS 0x000000070b800000, 0x000000070b800000| Complete 
|  82|0x000000070ba00000, 0x000000070bc00000, 0x000000070bc00000|100%| E|CS|TAMS 0x000000070ba00000, 0x000000070ba00000| Complete 
|  83|0x000000070bc00000, 0x000000070be00000, 0x000000070be00000|100%| E|CS|TAMS 0x000000070bc00000, 0x000000070bc00000| Complete 
|  84|0x000000070be00000, 0x000000070c000000, 0x000000070c000000|100%| E|CS|TAMS 0x000000070be00000, 0x000000070be00000| Complete 
|  85|0x000000070c000000, 0x000000070c200000, 0x000000070c200000|100%| E|CS|TAMS 0x000000070c000000, 0x000000070c000000| Complete 
|  86|0x000000070c200000, 0x000000070c400000, 0x000000070c400000|100%| E|CS|TAMS 0x000000070c200000, 0x000000070c200000| Complete 
|  87|0x000000070c400000, 0x000000070c600000, 0x000000070c600000|100%| E|CS|TAMS 0x000000070c400000, 0x000000070c400000| Complete 
|  88|0x000000070c600000, 0x000000070c800000, 0x000000070c800000|100%| E|CS|TAMS 0x000000070c600000, 0x000000070c600000| Complete 
|  89|0x000000070c800000, 0x000000070ca00000, 0x000000070ca00000|100%| E|CS|TAMS 0x000000070c800000, 0x000000070c800000| Complete 
|  90|0x000000070ca00000, 0x000000070cc00000, 0x000000070cc00000|100%| E|CS|TAMS 0x000000070ca00000, 0x000000070ca00000| Complete 
|  91|0x000000070cc00000, 0x000000070ce00000, 0x000000070ce00000|100%| E|CS|TAMS 0x000000070cc00000, 0x000000070cc00000| Complete 
|  92|0x000000070ce00000, 0x000000070d000000, 0x000000070d000000|100%| E|CS|TAMS 0x000000070ce00000, 0x000000070ce00000| Complete 
|  93|0x000000070d000000, 0x000000070d200000, 0x000000070d200000|100%| E|CS|TAMS 0x000000070d000000, 0x000000070d000000| Complete 
|  94|0x000000070d200000, 0x000000070d400000, 0x000000070d400000|100%| E|CS|TAMS 0x000000070d200000, 0x000000070d200000| Complete 
|  95|0x000000070d400000, 0x000000070d600000, 0x000000070d600000|100%| E|CS|TAMS 0x000000070d400000, 0x000000070d400000| Complete 
|  96|0x000000070d600000, 0x000000070d800000, 0x000000070d800000|100%| E|CS|TAMS 0x000000070d600000, 0x000000070d600000| Complete 
|  97|0x000000070d800000, 0x000000070da00000, 0x000000070da00000|100%| E|CS|TAMS 0x000000070d800000, 0x000000070d800000| Complete 
|  98|0x000000070da00000, 0x000000070dc00000, 0x000000070dc00000|100%| E|CS|TAMS 0x000000070da00000, 0x000000070da00000| Complete 
|  99|0x000000070dc00000, 0x000000070de00000, 0x000000070de00000|100%| E|CS|TAMS 0x000000070dc00000, 0x000000070dc00000| Complete 
| 100|0x000000070de00000, 0x000000070e000000, 0x000000070e000000|100%| E|CS|TAMS 0x000000070de00000, 0x000000070de00000| Complete 
| 101|0x000000070e000000, 0x000000070e200000, 0x000000070e200000|100%| E|CS|TAMS 0x000000070e000000, 0x000000070e000000| Complete 
| 102|0x000000070e200000, 0x000000070e400000, 0x000000070e400000|100%| E|CS|TAMS 0x000000070e200000, 0x000000070e200000| Complete 
| 103|0x000000070e400000, 0x000000070e600000, 0x000000070e600000|100%| E|CS|TAMS 0x000000070e400000, 0x000000070e400000| Complete 
| 104|0x000000070e600000, 0x000000070e800000, 0x000000070e800000|100%| E|CS|TAMS 0x000000070e600000, 0x000000070e600000| Complete 
| 105|0x000000070e800000, 0x000000070ea00000, 0x000000070ea00000|100%| E|CS|TAMS 0x000000070e800000, 0x000000070e800000| Complete 
| 106|0x000000070ea00000, 0x000000070ec00000, 0x000000070ec00000|100%| E|CS|TAMS 0x000000070ea00000, 0x000000070ea00000| Complete 
| 107|0x000000070ec00000, 0x000000070ee00000, 0x000000070ee00000|100%| E|CS|TAMS 0x000000070ec00000, 0x000000070ec00000| Complete 
| 108|0x000000070ee00000, 0x000000070f000000, 0x000000070f000000|100%| E|CS|TAMS 0x000000070ee00000, 0x000000070ee00000| Complete 
| 109|0x000000070f000000, 0x000000070f200000, 0x000000070f200000|100%| E|CS|TAMS 0x000000070f000000, 0x000000070f000000| Complete 
| 110|0x000000070f200000, 0x000000070f400000, 0x000000070f400000|100%| E|CS|TAMS 0x000000070f200000, 0x000000070f200000| Complete 
| 111|0x000000070f400000, 0x000000070f600000, 0x000000070f600000|100%| E|CS|TAMS 0x000000070f400000, 0x000000070f400000| Complete 
| 112|0x000000070f600000, 0x000000070f800000, 0x000000070f800000|100%| E|CS|TAMS 0x000000070f600000, 0x000000070f600000| Complete 
| 113|0x000000070f800000, 0x000000070fa00000, 0x000000070fa00000|100%| E|CS|TAMS 0x000000070f800000, 0x000000070f800000| Complete 
| 114|0x000000070fa00000, 0x000000070fc00000, 0x000000070fc00000|100%| E|CS|TAMS 0x000000070fa00000, 0x000000070fa00000| Complete 
| 115|0x000000070fc00000, 0x000000070fe00000, 0x000000070fe00000|100%| E|CS|TAMS 0x000000070fc00000, 0x000000070fc00000| Complete 
| 116|0x000000070fe00000, 0x0000000710000000, 0x0000000710000000|100%| E|CS|TAMS 0x000000070fe00000, 0x000000070fe00000| Complete 
| 117|0x0000000710000000, 0x0000000710200000, 0x0000000710200000|100%| E|CS|TAMS 0x0000000710000000, 0x0000000710000000| Complete 
| 118|0x0000000710200000, 0x0000000710400000, 0x0000000710400000|100%| E|CS|TAMS 0x0000000710200000, 0x0000000710200000| Complete 
| 119|0x0000000710400000, 0x0000000710600000, 0x0000000710600000|100%| E|CS|TAMS 0x0000000710400000, 0x0000000710400000| Complete 
| 120|0x0000000710600000, 0x0000000710800000, 0x0000000710800000|100%| E|CS|TAMS 0x0000000710600000, 0x0000000710600000| Complete 
| 121|0x0000000710800000, 0x0000000710a00000, 0x0000000710a00000|100%| E|CS|TAMS 0x0000000710800000, 0x0000000710800000| Complete 
| 122|0x0000000710a00000, 0x0000000710c00000, 0x0000000710c00000|100%| E|CS|TAMS 0x0000000710a00000, 0x0000000710a00000| Complete 
| 123|0x0000000710c00000, 0x0000000710e00000, 0x0000000710e00000|100%| E|CS|TAMS 0x0000000710c00000, 0x0000000710c00000| Complete 
| 124|0x0000000710e00000, 0x0000000711000000, 0x0000000711000000|100%| E|CS|TAMS 0x0000000710e00000, 0x0000000710e00000| Complete 
| 125|0x0000000711000000, 0x0000000711200000, 0x0000000711200000|100%| E|CS|TAMS 0x0000000711000000, 0x0000000711000000| Complete 
| 126|0x0000000711200000, 0x0000000711400000, 0x0000000711400000|100%| E|CS|TAMS 0x0000000711200000, 0x0000000711200000| Complete 
| 127|0x0000000711400000, 0x0000000711600000, 0x0000000711600000|100%| E|CS|TAMS 0x0000000711400000, 0x0000000711400000| Complete 

Card table byte_map: [0x0000025deb320000,0x0000025debb20000] _byte_map_base: 0x0000025de7b15000

Marking Bits (Prev, Next): (CMBitMap*) 0x0000025dd7bf2430, (CMBitMap*) 0x0000025dd7bf2470
 Prev Bits: [0x0000025dec320000, 0x0000025df02c8000)
 Next Bits: [0x0000025df02d0000, 0x0000025df4278000)

Polling page: 0x0000025dd5b30000

Metaspace:

Usage:
  Non-class:     17.61 MB capacity,    17.51 MB (>99%) used,    80.97 KB ( <1%) free+waste,    22.94 KB ( <1%) overhead. 
      Class:      2.10 MB capacity,     2.01 MB ( 96%) used,    79.10 KB (  4%) free+waste,     7.62 KB ( <1%) overhead. 
       Both:     19.71 MB capacity,    19.52 MB (>99%) used,   160.07 KB ( <1%) free+waste,    30.56 KB ( <1%) overhead. 

Virtual space:
  Non-class space:       18.00 MB reserved,      17.75 MB ( 99%) committed 
      Class space:        1.00 GB reserved,       2.12 MB ( <1%) committed 
             Both:        1.02 GB reserved,      19.88 MB (  2%) committed 

Chunk freelists:
   Non-Class:  17.00 KB
       Class:  26.00 KB
        Both:  43.00 KB

MaxMetaspaceSize: 17179869184.00 GB
CompressedClassSpaceSize: 1.00 GB

CodeHeap 'non-profiled nmethods': size=120000Kb used=2198Kb max_used=2198Kb free=117801Kb
 bounds [0x0000025de3090000, 0x0000025de3300000, 0x0000025dea5c0000]
CodeHeap 'profiled nmethods': size=120000Kb used=4808Kb max_used=4808Kb free=115191Kb
 bounds [0x0000025ddbb60000, 0x0000025ddc020000, 0x0000025de3090000]
CodeHeap 'non-nmethods': size=5760Kb used=1321Kb max_used=1370Kb free=4438Kb
 bounds [0x0000025ddb5c0000, 0x0000025ddb830000, 0x0000025ddbb60000]
 total_blobs=3326 nmethods=2704 adapters=534
 compilation: enabled
              stopped_count=0, restarted_count=0
 full_count=0

Compilation events (20 events):
Event: 18.782 Thread 0x0000025df77e6fa0 2706       3       javax.swing.text.PlainView::paint (488 bytes)
Event: 18.784 Thread 0x0000025df77e6fa0 nmethod 2706 0x0000025ddc008410 code [0x0000025ddc008840, 0x0000025ddc00ba98]
Event: 18.784 Thread 0x0000025df77e6fa0 2709       3       sun.awt.image.BufImgSurfaceData::createDataBC (95 bytes)
Event: 18.784 Thread 0x0000025df77e6fa0 nmethod 2709 0x0000025ddc00c810 code [0x0000025ddc00ca60, 0x0000025ddc00d678]
Event: 18.784 Thread 0x0000025df77e6fa0 2707       2       javax.swing.text.JTextComponent::getSelectionStart (24 bytes)
Event: 18.784 Thread 0x0000025df77e6fa0 nmethod 2707 0x0000025ddc00da90 code [0x0000025ddc00dc20, 0x0000025ddc00ddb8]
Event: 18.784 Thread 0x0000025df77e6fa0 2708       2       javax.swing.text.JTextComponent::getSelectionEnd (24 bytes)
Event: 18.784 Thread 0x0000025df77e6fa0 nmethod 2708 0x0000025ddc00de90 code [0x0000025ddc00e020, 0x0000025ddc00e1b8]
Event: 18.787 Thread 0x0000025df77e6fa0 2710   !   3       javax.swing.JComponent::paintToOffscreen (108 bytes)
Event: 18.788 Thread 0x0000025df77e6fa0 nmethod 2710 0x0000025ddc00e290 code [0x0000025ddc00e4c0, 0x0000025ddc00ef08]
Event: 18.788 Thread 0x0000025df77e6fa0 2711       2       javax.swing.text.FieldView::adjustAllocation (358 bytes)
Event: 18.789 Thread 0x0000025df77e6fa0 nmethod 2711 0x0000025ddc00f210 code [0x0000025ddc00f420, 0x0000025ddc00fa28]
Event: 18.790 Thread 0x0000025df77e6fa0 2712       3       java.util.ArrayList::<init> (61 bytes)
Event: 18.790 Thread 0x0000025df77e6fa0 nmethod 2712 0x0000025ddc00fe10 code [0x0000025ddc010060, 0x0000025ddc0109d8]
Event: 18.834 Thread 0x0000025df77e10e0 nmethod 2609 0x0000025de32aaf10 code [0x0000025de32ab480, 0x0000025de32b2070]
Event: 18.834 Thread 0x0000025df77e10e0 2713   !   4       sun.font.FontDesignMetrics::getMetrics (265 bytes)
Event: 18.871 Thread 0x0000025df77e6fa0 2716       3       java.awt.WaitDispatchSupport$1::evaluate (133 bytes)
Event: 18.872 Thread 0x0000025df77e6fa0 nmethod 2716 0x0000025ddc010d10 code [0x0000025ddc010f80, 0x0000025ddc011a48]
Event: 18.872 Thread 0x0000025df77e6fa0 2717       3       java.awt.Dialog$$Lambda$140/0x0000000800216c60::evaluate (4 bytes)
Event: 18.872 Thread 0x0000025df77e6fa0 nmethod 2717 0x0000025ddc011e90 code [0x0000025ddc012020, 0x0000025ddc012178]

GC Heap History (10 events):
Event: 1.053 GC heap before
{Heap before GC invocations=0 (full 0):
 garbage-first heap   total 262144K, used 24576K [0x0000000701600000, 0x0000000800000000)
  region size 2048K, 11 young (22528K), 0 survivors (0K)
 Metaspace       used 19135K, capacity 19314K, committed 19584K, reserved 1067008K
  class space    used 1989K, capacity 2053K, committed 2176K, reserved 1048576K
}
Event: 1.058 GC heap after
{Heap after GC invocations=1 (full 0):
 garbage-first heap   total 262144K, used 4545K [0x0000000701600000, 0x0000000800000000)
  region size 2048K, 2 young (4096K), 2 survivors (4096K)
 Metaspace       used 19135K, capacity 19314K, committed 19584K, reserved 1067008K
  class space    used 1989K, capacity 2053K, committed 2176K, reserved 1048576K
}
Event: 1.788 GC heap before
{Heap before GC invocations=1 (full 0):
 garbage-first heap   total 262144K, used 37313K [0x0000000701600000, 0x0000000800000000)
  region size 2048K, 18 young (36864K), 2 survivors (4096K)
 Metaspace       used 19365K, capacity 19570K, committed 19840K, reserved 1067008K
  class space    used 1990K, capacity 2053K, committed 2176K, reserved 1048576K
}
Event: 1.790 GC heap after
{Heap after GC invocations=2 (full 0):
 garbage-first heap   total 262144K, used 4944K [0x0000000701600000, 0x0000000800000000)
  region size 2048K, 2 young (4096K), 2 survivors (4096K)
 Metaspace       used 19365K, capacity 19570K, committed 19840K, reserved 1067008K
  class space    used 1990K, capacity 2053K, committed 2176K, reserved 1048576K
}
Event: 8.575 GC heap before
{Heap before GC invocations=2 (full 0):
 garbage-first heap   total 262144K, used 154448K [0x0000000701600000, 0x0000000800000000)
  region size 2048K, 76 young (155648K), 2 survivors (4096K)
 Metaspace       used 19561K, capacity 19730K, committed 19840K, reserved 1067008K
  class space    used 2018K, capacity 2085K, committed 2176K, reserved 1048576K
}
Event: 8.579 GC heap after
{Heap after GC invocations=3 (full 0):
 garbage-first heap   total 262144K, used 6227K [0x0000000701600000, 0x0000000800000000)
  region size 2048K, 3 young (6144K), 3 survivors (6144K)
 Metaspace       used 19561K, capacity 19730K, committed 19840K, reserved 1067008K
  class space    used 2018K, capacity 2085K, committed 2176K, reserved 1048576K
}
Event: 12.980 GC heap before
{Heap before GC invocations=3 (full 0):
 garbage-first heap   total 262144K, used 155731K [0x0000000701600000, 0x0000000800000000)
  region size 2048K, 76 young (155648K), 3 survivors (6144K)
 Metaspace       used 19569K, capacity 19794K, committed 20096K, reserved 1067008K
  class space    used 2020K, capacity 2085K, committed 2176K, reserved 1048576K
}
Event: 12.984 GC heap after
{Heap after GC invocations=4 (full 0):
 garbage-first heap   total 262144K, used 6377K [0x0000000701600000, 0x0000000800000000)
  region size 2048K, 3 young (6144K), 3 survivors (6144K)
 Metaspace       used 19569K, capacity 19794K, committed 20096K, reserved 1067008K
  class space    used 2020K, capacity 2085K, committed 2176K, reserved 1048576K
}
Event: 17.095 GC heap before
{Heap before GC invocations=4 (full 0):
 garbage-first heap   total 262144K, used 155881K [0x0000000701600000, 0x0000000800000000)
  region size 2048K, 76 young (155648K), 3 survivors (6144K)
 Metaspace       used 19674K, capacity 19858K, committed 20096K, reserved 1067008K
  class space    used 2021K, capacity 2085K, committed 2176K, reserved 1048576K
}
Event: 17.098 GC heap after
{Heap after GC invocations=5 (full 0):
 garbage-first heap   total 262144K, used 6400K [0x0000000701600000, 0x0000000800000000)
  region size 2048K, 3 young (6144K), 3 survivors (6144K)
 Metaspace       used 19674K, capacity 19858K, committed 20096K, reserved 1067008K
  class space    used 2021K, capacity 2085K, committed 2176K, reserved 1048576K
}

Deoptimization events (20 events):
Event: 18.659 Thread 0x0000025df849eff0 Uncommon trap: trap_request=0xffffff45 fr.pc=0x0000025de3106224 relative=0x0000000000000064
Event: 18.659 Thread 0x0000025df849eff0 Uncommon trap: reason=unstable_if action=reinterpret pc=0x0000025de3106224 method=java.lang.Math.max(DD)D @ 17 c2
Event: 18.659 Thread 0x0000025df849eff0 DEOPT PACKING pc=0x0000025de3106224 sp=0x00000094ba1fc990
Event: 18.659 Thread 0x0000025df849eff0 DEOPT UNPACKING pc=0x0000025ddb60e42f sp=0x00000094ba1fc910 mode 2
Event: 18.660 Thread 0x0000025df849eff0 Uncommon trap: trap_request=0xffffff45 fr.pc=0x0000025de30fcd9c relative=0x000000000000023c
Event: 18.660 Thread 0x0000025df849eff0 Uncommon trap: reason=unstable_if action=reinterpret pc=0x0000025de30fcd9c method=java.awt.geom.AffineTransform.translate(DD)V @ 375 c2
Event: 18.660 Thread 0x0000025df849eff0 DEOPT PACKING pc=0x0000025de30fcd9c sp=0x00000094ba1fc970
Event: 18.660 Thread 0x0000025df849eff0 DEOPT UNPACKING pc=0x0000025ddb60e42f sp=0x00000094ba1fc8f8 mode 2
Event: 18.660 Thread 0x0000025df849eff0 Uncommon trap: trap_request=0xffffff45 fr.pc=0x0000025de32a691c relative=0x0000000000000c3c
Event: 18.660 Thread 0x0000025df849eff0 Uncommon trap: reason=unstable_if action=reinterpret pc=0x0000025de32a691c method=sun.java2d.pipe.Region.isInsideXYXY(IIII)Z @ 13 c2
Event: 18.660 Thread 0x0000025df849eff0 DEOPT PACKING pc=0x0000025de32a691c sp=0x00000094ba1fcae0
Event: 18.660 Thread 0x0000025df849eff0 DEOPT UNPACKING pc=0x0000025ddb60e42f sp=0x00000094ba1fc878 mode 2
Event: 18.660 Thread 0x0000025df849eff0 Uncommon trap: trap_request=0xffffffc6 fr.pc=0x0000025de3110370 relative=0x0000000000000430
Event: 18.660 Thread 0x0000025df849eff0 Uncommon trap: reason=bimorphic_or_optimized_type_check action=maybe_recompile pc=0x0000025de3110370 method=sun.java2d.SunGraphics2D.transformShape(Ljava/awt/geom/AffineTransform;Ljava/awt/Shape;)Ljava/awt/Shape; @ 35 c2
Event: 18.660 Thread 0x0000025df849eff0 DEOPT PACKING pc=0x0000025de3110370 sp=0x00000094ba1fcbd0
Event: 18.660 Thread 0x0000025df849eff0 DEOPT UNPACKING pc=0x0000025ddb60e42f sp=0x00000094ba1fcb60 mode 2
Event: 18.660 Thread 0x0000025df849eff0 Uncommon trap: trap_request=0xffffff45 fr.pc=0x0000025de318fbe4 relative=0x0000000000000064
Event: 18.660 Thread 0x0000025df849eff0 Uncommon trap: reason=unstable_if action=reinterpret pc=0x0000025de318fbe4 method=java.awt.geom.AffineTransform.concatenate(Ljava/awt/geom/AffineTransform;)V @ 19 c2
Event: 18.660 Thread 0x0000025df849eff0 DEOPT PACKING pc=0x0000025de318fbe4 sp=0x00000094ba1fcf30
Event: 18.660 Thread 0x0000025df849eff0 DEOPT UNPACKING pc=0x0000025ddb60e42f sp=0x00000094ba1fce60 mode 2

Classes unloaded (0 events):
No events

Classes redefined (0 events):
No events

Internal exceptions (20 events):
Event: 0.136 Thread 0x0000025dd7ba1b00 Exception <a 'java/lang/NoSuchMethodError'{0x00000007115e0fa0}: 'java.lang.Object java.lang.invoke.DirectMethodHandle$Holder.invokeStatic(java.lang.Object)'> (0x00000007115e0fa0) 
thrown [./open/src/hotspot/share/interpreter/linkResolver.cpp, line 782]
Event: 0.166 Thread 0x0000025dd7ba1b00 Exception <a 'java/lang/NoSuchMethodError'{0x0000000711250578}: 'java.lang.Object java.lang.invoke.DirectMethodHandle$Holder.invokeStaticInit(java.lang.Object)'> (0x0000000711250578) 
thrown [./open/src/hotspot/share/interpreter/linkResolver.cpp, line 782]
Event: 0.184 Thread 0x0000025dd7ba1b00 Exception <a 'java/lang/NoSuchMethodError'{0x0000000711313940}: 'java.lang.Object java.lang.invoke.DirectMethodHandle$Holder.newInvokeSpecial(java.lang.Object, java.lang.Object, java.lang.Object, java.lang.Object, java.lang.Object)'> (0x0000000711313940) 
thrown [./open/src/hotspot/share/interpreter/linkResolver.cpp, line 782]
Event: 0.185 Thread 0x0000025dd7ba1b00 Exception <a 'java/lang/NoSuchMethodError'{0x000000071131f3d0}: 'java.lang.Object java.lang.invoke.DirectMethodHandle$Holder.invokeStatic(java.lang.Object, int, java.lang.Object, java.lang.Object, java.lang.Object, java.lang.Object)'> (0x000000071131f3d0) 
thrown [./open/src/hotspot/share/interpreter/linkResolver.cpp, line 782]
Event: 0.187 Thread 0x0000025dd7ba1b00 Exception <a 'java/lang/NoSuchMethodError'{0x0000000711345678}: 'java.lang.Object java.lang.invoke.DirectMethodHandle$Holder.invokeStatic(java.lang.Object, int, java.lang.Object)'> (0x0000000711345678) 
thrown [./open/src/hotspot/share/interpreter/linkResolver.cpp, line 782]
Event: 0.204 Thread 0x0000025dd7ba1b00 Exception <a 'java/lang/ClassNotFoundException'{0x0000000711001008}: com/sun/swing/internal/plaf/metal/resources/spi/metalProvider> (0x0000000711001008) 
thrown [./open/src/hotspot/share/classfile/systemDictionary.cpp, line 295]
Event: 0.204 Thread 0x0000025dd7ba1b00 Exception <a 'java/lang/ClassNotFoundException'{0x0000000711005240}: com/sun/swing/internal/plaf/basic/resources/spi/basicProvider> (0x0000000711005240) 
thrown [./open/src/hotspot/share/classfile/systemDictionary.cpp, line 295]
Event: 0.241 Thread 0x0000025dd7ba1b00 Exception <a 'java/lang/NoSuchMethodError'{0x00000007110818f0}: 'void java.lang.invoke.DirectMethodHandle$Holder.invokeStatic(java.lang.Object, java.lang.Object)'> (0x00000007110818f0) 
thrown [./open/src/hotspot/share/interpreter/linkResolver.cpp, line 782]
Event: 0.241 Thread 0x0000025dd7ba1b00 Exception <a 'java/lang/NoSuchMethodError'{0x00000007110852f8}: 'void java.lang.invoke.DirectMethodHandle$Holder.invokeStaticInit(java.lang.Object, java.lang.Object)'> (0x00000007110852f8) 
thrown [./open/src/hotspot/share/interpreter/linkResolver.cpp, line 782]
Event: 0.245 Thread 0x0000025dd7ba1b00 Exception <a 'java/lang/NoSuchMethodError'{0x00000007110b2280}: 'java.lang.Object java.lang.invoke.DirectMethodHandle$Holder.invokeStaticInit(java.lang.Object, int, int, int, int)'> (0x00000007110b2280) 
thrown [./open/src/hotspot/share/interpreter/linkResolver.cpp, line 782]
Event: 0.278 Thread 0x0000025dd7ba1b00 Exception <a 'java/lang/NoSuchMethodError'{0x00000007110f6038}: 'java.lang.Object java.lang.invoke.DirectMethodHandle$Holder.invokeStaticInit(java.lang.Object, java.lang.Object, int, int, int, int)'> (0x00000007110f6038) 
thrown [./open/src/hotspot/share/interpreter/linkResolver.cpp, line 782]
Event: 0.432 Thread 0x0000025dd7ba1b00 Exception <a 'java/lang/NoSuchMethodError'{0x00000007111401c0}: 'void java.lang.invoke.DirectMethodHandle$Holder.invokeStaticInit(java.lang.Object)'> (0x00000007111401c0) 
thrown [./open/src/hotspot/share/interpreter/linkResolver.cpp, line 782]
Event: 0.496 Thread 0x0000025dd7ba1b00 Exception <a 'java/lang/NoSuchMethodError'{0x0000000710e3ad78}: 'void java.lang.invoke.DirectMethodHandle$Holder.invokeStatic(java.lang.Object, java.lang.Object, java.lang.Object)'> (0x0000000710e3ad78) 
thrown [./open/src/hotspot/share/interpreter/linkResolver.cpp, line 782]
Event: 0.506 Thread 0x0000025d8006cdd0 Exception <a 'java/lang/NoSuchMethodError'{0x0000000710e80c18}: 'java.lang.Object java.lang.invoke.DirectMethodHandle$Holder.newInvokeSpecial(java.lang.Object, java.lang.Object, java.lang.Object, int, int, int, int, int)'> (0x0000000710e80c18) 
thrown [./open/src/hotspot/share/interpreter/linkResolver.cpp, line 782]
Event: 10.107 Thread 0x0000025df849eff0 Implicit null exception at 0x0000025de30ff47a to 0x0000025de30ff510
Event: 18.588 Thread 0x0000025df849eff0 Implicit null exception at 0x0000025de30fa94c to 0x0000025de30faacc
Event: 18.606 Thread 0x0000025df849eff0 Exception <a 'java/lang/NoSuchMethodError'{0x000000070c25f660}: 'int java.lang.invoke.DirectMethodHandle$Holder.invokeStatic(java.lang.Object)'> (0x000000070c25f660) 
thrown [./open/src/hotspot/share/interpreter/linkResolver.cpp, line 782]
Event: 18.611 Thread 0x0000025df849eff0 Implicit null exception at 0x0000025de3248dbc to 0x0000025de3249a40
Event: 18.612 Thread 0x0000025df849eff0 Implicit null exception at 0x0000025de3111210 to 0x0000025de3111539
Event: 18.650 Thread 0x0000025df849eff0 Implicit null exception at 0x0000025de3211b31 to 0x0000025de3211ca0

Events (20 events):
Event: 18.607 loading class java/awt/WaitDispatchSupport$4
Event: 18.607 loading class java/awt/WaitDispatchSupport$4 done
Event: 18.612 loading class sun/java2d/pipe/ShapeSpanIterator
Event: 18.612 loading class sun/java2d/pipe/SpanIterator
Event: 18.612 loading class sun/java2d/pipe/SpanIterator done
Event: 18.612 loading class sun/awt/geom/PathConsumer2D
Event: 18.612 loading class sun/awt/geom/PathConsumer2D done
Event: 18.612 loading class sun/java2d/pipe/ShapeSpanIterator done
Event: 18.612 loading class java/awt/geom/Path2D$Float$TxIterator
Event: 18.612 loading class java/awt/geom/Path2D$Iterator
Event: 18.612 loading class java/awt/geom/PathIterator
Event: 18.612 loading class java/awt/geom/PathIterator done
Event: 18.612 loading class java/awt/geom/Path2D$Iterator done
Event: 18.612 loading class java/awt/geom/Path2D$Float$TxIterator done
Event: 18.647 loading class javax/swing/event/AncestorEvent
Event: 18.647 loading class javax/swing/event/AncestorEvent done
Event: 18.658 loading class javax/swing/plaf/basic/BasicRootPaneUI$Actions
Event: 18.658 loading class javax/swing/plaf/basic/BasicRootPaneUI$Actions done
Event: 18.666 Thread 0x0000025d809082c0 Thread added: 0x0000025d809082c0
Event: 18.711 Thread 0x0000025d91d7a0b0 Thread added: 0x0000025d91d7a0b0


Dynamic libraries:
0x00007ff7256d0000 - 0x00007ff7256dd000 	C:\Users\hmirz\.p2\pool\plugins\org.eclipse.justj.openjdk.hotspot.jre.full.win32.x86_64_15.0.2.v20210201-0955\jre\bin\javaw.exe
0x00007ff995530000 - 0x00007ff995725000 	C:\WINDOWS\SYSTEM32\ntdll.dll
0x00007ff995400000 - 0x00007ff9954bd000 	C:\WINDOWS\System32\KERNEL32.DLL
0x00007ff992ca0000 - 0x00007ff992f68000 	C:\WINDOWS\System32\KERNELBASE.dll
0x00007ff9930c0000 - 0x00007ff9931c0000 	C:\WINDOWS\System32\ucrtbase.dll
0x00007ff9697c0000 - 0x00007ff9697d8000 	C:\Users\hmirz\.p2\pool\plugins\org.eclipse.justj.openjdk.hotspot.jre.full.win32.x86_64_15.0.2.v20210201-0955\jre\bin\jli.dll
0x00007ff969610000 - 0x00007ff969629000 	C:\Users\hmirz\.p2\pool\plugins\org.eclipse.justj.openjdk.hotspot.jre.full.win32.x86_64_15.0.2.v20210201-0955\jre\bin\VCRUNTIME140.dll
0x00007ff994830000 - 0x00007ff9949d0000 	C:\WINDOWS\System32\USER32.dll
0x00007ff992f70000 - 0x00007ff992f92000 	C:\WINDOWS\System32\win32u.dll
0x00007ff995070000 - 0x00007ff99509a000 	C:\WINDOWS\System32\GDI32.dll
0x00007ff980d00000 - 0x00007ff980f9a000 	C:\WINDOWS\WinSxS\amd64_microsoft.windows.common-controls_6595b64144ccf1df_6.0.19041.844_none_ca00b6081b84eb1d\COMCTL32.dll
0x00007ff993420000 - 0x00007ff99352b000 	C:\WINDOWS\System32\gdi32full.dll
0x00007ff9936e0000 - 0x00007ff99377e000 	C:\WINDOWS\System32\msvcrt.dll
0x00007ff993020000 - 0x00007ff9930bd000 	C:\WINDOWS\System32\msvcp_win.dll
0x00007ff9954c0000 - 0x00007ff9954f0000 	C:\WINDOWS\System32\IMM32.DLL
0x00007ff98c2e0000 - 0x00007ff98c2ec000 	C:\Users\hmirz\.p2\pool\plugins\org.eclipse.justj.openjdk.hotspot.jre.full.win32.x86_64_15.0.2.v20210201-0955\jre\bin\vcruntime140_1.dll
0x00007ff959870000 - 0x00007ff959901000 	C:\Users\hmirz\.p2\pool\plugins\org.eclipse.justj.openjdk.hotspot.jre.full.win32.x86_64_15.0.2.v20210201-0955\jre\bin\msvcp140.dll
0x00007ff94c6f0000 - 0x00007ff94d24e000 	C:\Users\hmirz\.p2\pool\plugins\org.eclipse.justj.openjdk.hotspot.jre.full.win32.x86_64_15.0.2.v20210201-0955\jre\bin\server\jvm.dll
0x00007ff995190000 - 0x00007ff99523c000 	C:\WINDOWS\System32\ADVAPI32.dll
0x00007ff994fd0000 - 0x00007ff99506b000 	C:\WINDOWS\System32\sechost.dll
0x00007ff994ea0000 - 0x00007ff994fcb000 	C:\WINDOWS\System32\RPCRT4.dll
0x00007ff9950a0000 - 0x00007ff9950a8000 	C:\WINDOWS\System32\PSAPI.DLL
0x00007ff98a740000 - 0x00007ff98a74a000 	C:\WINDOWS\SYSTEM32\VERSION.dll
0x00007ff989000000 - 0x00007ff989027000 	C:\WINDOWS\SYSTEM32\WINMM.dll
0x00007ff97e910000 - 0x00007ff97e919000 	C:\WINDOWS\SYSTEM32\WSOCK32.dll
0x00007ff9949d0000 - 0x00007ff994a3b000 	C:\WINDOWS\System32\WS2_32.dll
0x00007ff991540000 - 0x00007ff991552000 	C:\WINDOWS\SYSTEM32\kernel.appcore.dll
0x00007ff97e780000 - 0x00007ff97e78a000 	C:\Users\hmirz\.p2\pool\plugins\org.eclipse.justj.openjdk.hotspot.jre.full.win32.x86_64_15.0.2.v20210201-0955\jre\bin\jimage.dll
0x00007ff990ac0000 - 0x00007ff990ca4000 	C:\WINDOWS\SYSTEM32\DBGHELP.DLL
0x00007ff978950000 - 0x00007ff97897c000 	C:\WINDOWS\SYSTEM32\dbgcore.DLL
0x00007ff992fa0000 - 0x00007ff993020000 	C:\WINDOWS\System32\bcryptPrimitives.dll
0x00007ff97e700000 - 0x00007ff97e725000 	C:\Users\hmirz\.p2\pool\plugins\org.eclipse.justj.openjdk.hotspot.jre.full.win32.x86_64_15.0.2.v20210201-0955\jre\bin\java.dll
0x00007ff97a490000 - 0x00007ff97a4a8000 	C:\Users\hmirz\.p2\pool\plugins\org.eclipse.justj.openjdk.hotspot.jre.full.win32.x86_64_15.0.2.v20210201-0955\jre\bin\zip.dll
0x00007ff993780000 - 0x00007ff993ec2000 	C:\WINDOWS\System32\SHELL32.dll
0x00007ff990da0000 - 0x00007ff991530000 	C:\WINDOWS\SYSTEM32\windows.storage.dll
0x00007ff994a40000 - 0x00007ff994d95000 	C:\WINDOWS\System32\combase.dll
0x00007ff9926e0000 - 0x00007ff99270c000 	C:\WINDOWS\SYSTEM32\Wldp.dll
0x00007ff994060000 - 0x00007ff99410e000 	C:\WINDOWS\System32\SHCORE.dll
0x00007ff994000000 - 0x00007ff994055000 	C:\WINDOWS\System32\shlwapi.dll
0x00007ff992bb0000 - 0x00007ff992bcf000 	C:\WINDOWS\SYSTEM32\profapi.dll
0x00007ff97a470000 - 0x00007ff97a489000 	C:\Users\hmirz\.p2\pool\plugins\org.eclipse.justj.openjdk.hotspot.jre.full.win32.x86_64_15.0.2.v20210201-0955\jre\bin\net.dll
0x00007ff982330000 - 0x00007ff98243b000 	C:\WINDOWS\SYSTEM32\WINHTTP.dll
0x00007ff992450000 - 0x00007ff9924ba000 	C:\WINDOWS\system32\mswsock.dll
0x00007ff97a450000 - 0x00007ff97a462000 	C:\Users\hmirz\.p2\pool\plugins\org.eclipse.justj.openjdk.hotspot.jre.full.win32.x86_64_15.0.2.v20210201-0955\jre\bin\nio.dll
0x00007ff94c2f0000 - 0x00007ff94c46f000 	C:\Users\hmirz\.p2\pool\plugins\org.eclipse.justj.openjdk.hotspot.jre.full.win32.x86_64_15.0.2.v20210201-0955\jre\bin\awt.dll
0x00007ff9942f0000 - 0x00007ff9943bd000 	C:\WINDOWS\System32\OLEAUT32.dll
0x00007ff9900f0000 - 0x00007ff990180000 	C:\WINDOWS\SYSTEM32\apphelp.dll
0x00007ff990230000 - 0x00007ff9902ce000 	C:\WINDOWS\system32\uxtheme.dll
0x00007ff993ed0000 - 0x00007ff993fe5000 	C:\WINDOWS\System32\MSCTF.dll
0x00007ff994110000 - 0x00007ff99423a000 	C:\WINDOWS\System32\ole32.dll
0x00007ff990530000 - 0x00007ff99055f000 	C:\WINDOWS\system32\DWMAPI.DLL
0x00007ff992630000 - 0x00007ff992648000 	C:\WINDOWS\SYSTEM32\CRYPTSP.dll
0x00007ff991d80000 - 0x00007ff991db4000 	C:\WINDOWS\system32\rsaenh.dll
0x00007ff992c70000 - 0x00007ff992c97000 	C:\WINDOWS\System32\bcrypt.dll
0x00007ff992b70000 - 0x00007ff992b9e000 	C:\WINDOWS\SYSTEM32\USERENV.dll
0x00007ff992620000 - 0x00007ff99262c000 	C:\WINDOWS\SYSTEM32\CRYPTBASE.dll
0x00007ff9920f0000 - 0x00007ff99212b000 	C:\WINDOWS\SYSTEM32\IPHLPAPI.DLL
0x00007ff993ff0000 - 0x00007ff993ff8000 	C:\WINDOWS\System32\NSI.dll
0x00007ff98a420000 - 0x00007ff98a437000 	C:\WINDOWS\SYSTEM32\dhcpcsvc6.DLL
0x00007ff98a7a0000 - 0x00007ff98a7bd000 	C:\WINDOWS\SYSTEM32\dhcpcsvc.DLL
0x00007ff992130000 - 0x00007ff9921fc000 	C:\WINDOWS\SYSTEM32\DNSAPI.dll
0x00007ff948430000 - 0x00007ff948556000 	C:\WINDOWS\system32\opengl32.dll
0x00007ff9671a0000 - 0x00007ff9671cc000 	C:\WINDOWS\SYSTEM32\GLU32.dll
0x00007ff98ada0000 - 0x00007ff98af6e000 	C:\WINDOWS\system32\d3d9.dll
0x00007ff9876f0000 - 0x00007ff9877f2000 	C:\WINDOWS\System32\DriverStore\FileRepository\nvlt.inf_amd64_6fdb2f2a4eb90886\nvldumdx.dll
0x00007ff992860000 - 0x00007ff992872000 	C:\WINDOWS\SYSTEM32\msasn1.dll
0x00007ff98a480000 - 0x00007ff98a4b1000 	C:\WINDOWS\SYSTEM32\cryptnet.dll
0x00007ff993210000 - 0x00007ff99336f000 	C:\WINDOWS\System32\CRYPT32.dll
0x00007ff993530000 - 0x00007ff993590000 	C:\WINDOWS\System32\WINTRUST.DLL
0x00007ff994e00000 - 0x00007ff994e1d000 	C:\WINDOWS\System32\imagehlp.dll
0x00007ff93a590000 - 0x00007ff93bd33000 	C:\WINDOWS\System32\DriverStore\FileRepository\nvlt.inf_amd64_6fdb2f2a4eb90886\nvd3dumx.dll
0x00007ff992260000 - 0x00007ff9922ab000 	C:\WINDOWS\SYSTEM32\powrprof.dll
0x00007ff9920d0000 - 0x00007ff9920e2000 	C:\WINDOWS\SYSTEM32\UMPDC.dll
0x00007ff95e900000 - 0x00007ff95ebc4000 	C:\WINDOWS\system32\nvspcap64.dll
0x00007ff9919b0000 - 0x00007ff9919e3000 	C:\WINDOWS\SYSTEM32\ntmarta.dll
0x00007ff991560000 - 0x00007ff991583000 	C:\WINDOWS\SYSTEM32\gpapi.dll
0x00007ff987a20000 - 0x00007ff987a5b000 	C:\WINDOWS\SYSTEM32\dxcore.dll
0x00007ff9931c0000 - 0x00007ff99320e000 	C:\WINDOWS\System32\cfgmgr32.dll
0x00007ff9597e0000 - 0x00007ff959865000 	C:\Users\hmirz\.p2\pool\plugins\org.eclipse.justj.openjdk.hotspot.jre.full.win32.x86_64_15.0.2.v20210201-0955\jre\bin\freetype.dll
0x00007ff94c240000 - 0x00007ff94c2e9000 	C:\Users\hmirz\.p2\pool\plugins\org.eclipse.justj.openjdk.hotspot.jre.full.win32.x86_64_15.0.2.v20210201-0955\jre\bin\fontmanager.dll
0x00007ff994240000 - 0x00007ff9942e9000 	C:\WINDOWS\System32\clbcatq.dll
0x00007ff98a550000 - 0x00007ff98a704000 	C:\WINDOWS\SYSTEM32\WindowsCodecs.dll
0x00007ff981c90000 - 0x00007ff981cce000 	C:\WINDOWS\system32\dataexchange.dll
0x00007ff98e800000 - 0x00007ff98ea64000 	C:\WINDOWS\system32\d3d11.dll
0x00007ff98f5f0000 - 0x00007ff98f7d5000 	C:\WINDOWS\system32\dcomp.dll
0x00007ff9915b0000 - 0x00007ff9916a4000 	C:\WINDOWS\system32\dxgi.dll
0x00007ff98b5c0000 - 0x00007ff98b7c1000 	C:\WINDOWS\system32\twinapi.appcore.dll
0x00007ff987bc0000 - 0x00007ff987cb9000 	C:\WINDOWS\SYSTEM32\textinputframework.dll
0x00007ff98fb60000 - 0x00007ff98febe000 	C:\WINDOWS\System32\CoreUIComponents.dll
0x00007ff98fec0000 - 0x00007ff98ffb2000 	C:\WINDOWS\System32\CoreMessaging.dll
0x00007ff98eed0000 - 0x00007ff98f024000 	C:\WINDOWS\SYSTEM32\wintypes.dll
0x00007ff94dd10000 - 0x00007ff94dd8f000 	C:\Users\hmirz\.p2\pool\plugins\org.eclipse.justj.openjdk.hotspot.jre.full.win32.x86_64_15.0.2.v20210201-0955\jre\bin\mlib_image.dll
0x00007ff980980000 - 0x00007ff980a30000 	C:\WINDOWS\WinSxS\amd64_microsoft.windows.common-controls_6595b64144ccf1df_5.82.19041.844_none_423537bff6b9828c\comctl32.dll
0x00007ff98e330000 - 0x00007ff98e427000 	C:\WINDOWS\SYSTEM32\PROPSYS.dll
0x00007ff969280000 - 0x00007ff969297000 	C:\WINDOWS\system32\NetworkExplorer.dll
0x00007ff98d3a0000 - 0x00007ff98d3bd000 	C:\WINDOWS\SYSTEM32\MPR.dll
0x00007ff982c00000 - 0x00007ff982c0b000 	C:\WINDOWS\System32\drprov.dll
0x00007ff991a60000 - 0x00007ff991aba000 	C:\WINDOWS\System32\WINSTA.dll
0x00007ff96a960000 - 0x00007ff96a978000 	C:\WINDOWS\System32\ntlanman.dll
0x00007ff96a880000 - 0x00007ff96a89e000 	C:\WINDOWS\System32\davclnt.dll
0x00007ff97a3c0000 - 0x00007ff97a3cd000 	C:\WINDOWS\System32\DAVHLPR.dll
0x00007ff991ea0000 - 0x00007ff991eb7000 	C:\WINDOWS\System32\wkscli.dll
0x00007ff974940000 - 0x00007ff974952000 	C:\WINDOWS\SYSTEM32\cscapi.dll
0x00007ff992200000 - 0x00007ff99220c000 	C:\WINDOWS\System32\netutils.dll
0x00007ff95cc40000 - 0x00007ff95cc98000 	C:\Windows\System32\dlnashext.dll
0x00007ff94d2b0000 - 0x00007ff94d314000 	C:\Windows\System32\PlayToDevice.dll
0x00007ff97db60000 - 0x00007ff97db80000 	C:\Windows\System32\DevDispItemProvider.dll
0x00007ff98bc20000 - 0x00007ff98bca5000 	C:\WINDOWS\System32\MMDevApi.dll
0x00007ff992a20000 - 0x00007ff992a4c000 	C:\WINDOWS\System32\DEVOBJ.dll
0x00007ff95fee0000 - 0x00007ff95ff83000 	C:\WINDOWS\system32\wpdshext.dll
0x00007ff980fa0000 - 0x00007ff98114b000 	C:\WINDOWS\WinSxS\amd64_microsoft.windows.gdiplus_6595b64144ccf1df_1.1.19041.928_none_faefac437613c6cc\gdiplus.dll
0x00007ff964810000 - 0x00007ff9648b3000 	C:\Windows\System32\PortableDeviceApi.dll
0x00007ff9943c0000 - 0x00007ff994829000 	C:\WINDOWS\System32\SETUPAPI.dll
0x00007ff9760f0000 - 0x00007ff976127000 	C:\Windows\System32\EhStorShell.dll
0x00007ff9597b0000 - 0x00007ff9597d6000 	C:\Windows\System32\EhStorAPI.dll
0x00007ff98d820000 - 0x00007ff98d834000 	C:\Windows\System32\WTSAPI32.dll
0x00007ff98c640000 - 0x00007ff98c64d000 	C:\WINDOWS\SYSTEM32\LINKINFO.dll

dbghelp: loaded successfully - version: 4.0.5 - missing functions: none
symbol engine: initialized successfully - sym options: 0x614 - pdb path: .;C:\Users\hmirz\.p2\pool\plugins\org.eclipse.justj.openjdk.hotspot.jre.full.win32.x86_64_15.0.2.v20210201-0955\jre\bin;C:\WINDOWS\SYSTEM32;C:\WINDOWS\WinSxS\amd64_microsoft.windows.common-controls_6595b64144ccf1df_6.0.19041.844_none_ca00b6081b84eb1d;C:\Users\hmirz\.p2\pool\plugins\org.eclipse.justj.openjdk.hotspot.jre.full.win32.x86_64_15.0.2.v20210201-0955\jre\bin\server;C:\WINDOWS\System32\DriverStore\FileRepository\nvlt.inf_amd64_6fdb2f2a4eb90886;C:\WINDOWS\WinSxS\amd64_microsoft.windows.common-controls_6595b64144ccf1df_5.82.19041.844_none_423537bff6b9828c;C:\WINDOWS\WinSxS\amd64_microsoft.windows.gdiplus_6595b64144ccf1df_1.1.19041.928_none_faefac437613c6cc

VM Arguments:
jvm_args: -Dfile.encoding=Cp1252 -XX:+ShowCodeDetailsInExceptionMessages 
java_command: MainClass
java_class_path (initial): C:\Users\hmirz\OneDrive\Desktop\JavaEclipse\TurtleGraphics\bin;C:\Users\hmirz\Downloads\TurtleGraphics.jar
Launcher Type: SUN_STANDARD

[Global flags]
     intx CICompilerCount                          = 4                                         {product} {ergonomic}
     uint ConcGCThreads                            = 3                                         {product} {ergonomic}
     uint G1ConcRefinementThreads                  = 10                                        {product} {ergonomic}
   size_t G1HeapRegionSize                         = 2097152                                   {product} {ergonomic}
    uintx GCDrainStackTargetSize                   = 64                                        {product} {ergonomic}
   size_t InitialHeapSize                          = 268435456                                 {product} {ergonomic}
   size_t MarkStackSize                            = 4194304                                   {product} {ergonomic}
   size_t MaxHeapSize                              = 4271898624                                {product} {ergonomic}
   size_t MaxNewSize                               = 2562719744                                {product} {ergonomic}
   size_t MinHeapDeltaBytes                        = 2097152                                   {product} {ergonomic}
   size_t MinHeapSize                              = 8388608                                   {product} {ergonomic}
    uintx NonNMethodCodeHeapSize                   = 5839372                                {pd product} {ergonomic}
    uintx NonProfiledCodeHeapSize                  = 122909434                              {pd product} {ergonomic}
    uintx ProfiledCodeHeapSize                     = 122909434                              {pd product} {ergonomic}
    uintx ReservedCodeCacheSize                    = 251658240                              {pd product} {ergonomic}
     bool SegmentedCodeCache                       = true                                      {product} {ergonomic}
     bool ShowCodeDetailsInExceptionMessages       = true                                   {manageable} {command line}
   size_t SoftMaxHeapSize                          = 4271898624                             {manageable} {ergonomic}
     bool UseCompressedClassPointers               = true                                 {lp64_product} {ergonomic}
     bool UseCompressedOops                        = true                                 {lp64_product} {ergonomic}
     bool UseG1GC                                  = true                                      {product} {ergonomic}
     bool UseLargePagesIndividualAllocation        = false                                  {pd product} {ergonomic}

Logging:
Log output configuration:
 #0: stdout all=warning uptime,level,tags
 #1: stderr all=off uptime,level,tags

Environment Variables:
PATH=C:/Users/hmirz/.p2/pool/plugins/org.eclipse.justj.openjdk.hotspot.jre.full.win32.x86_64_15.0.2.v20210201-0955/jre/bin/server;C:/Users/hmirz/.p2/pool/plugins/org.eclipse.justj.openjdk.hotspot.jre.full.win32.x86_64_15.0.2.v20210201-0955/jre/bin;C:\Windows\system32;C:\Windows;C:\Windows\System32\Wbem;C:\Windows\System32\WindowsPowerShell\v1.0\;C:\Windows\System32\OpenSSH\;C:\Program Files (x86)\NVIDIA Corporation\PhysX\Common;C:\Program Files\NVIDIA Corporation\NVIDIA NvDLISR;C:\Program Files\;C:\Users\hmirz\Downloads\php-7.4.15-nts-Win32-vc15-x64;C:\WINDOWS\system32;C:\WINDOWS;C:\WINDOWS\System32\Wbem;C:\WINDOWS\System32\WindowsPowerShell\v1.0\;C:\WINDOWS\System32\OpenSSH\;C:\Users\hmirz\AppData\Local\Microsoft\WindowsApps;;C:\Users\hmirz\AppData\Local\Programs\Microsoft VS Code\bin;C:\Users\hmirz\AppData\Roaming\npm;C:\Program Files (x86)\GitHub CLI\;C:\Users\hmirz\AppData\Roaming\Composer\vendor\bin;C:\Users\hmirz\OneDrive\Desktop;
USERNAME=hmirz
OS=Windows_NT
PROCESSOR_IDENTIFIER=Intel64 Family 6 Model 165 Stepping 2, GenuineIntel



---------------  S Y S T E M  ---------------

OS:
 Windows 10 , 64 bit Build 19041 (10.0.19041.928)
OS uptime: 7 days 4:24 hours

CPU: total 12 (initial active 12) (6 cores per cpu, 2 threads per core) family 6 model 165 stepping 2 microcode 0xc8, cmov, cx8, fxsr, mmx, sse, sse2, sse3, ssse3, sse4.1, sse4.2, popcnt, vzeroupper, avx, avx2, aes, clmul, erms, 3dnowpref, lzcnt, ht, tsc, tscinvbit, bmi1, bmi2, adx, fma, clflush, clflushopt

Memory: 4k page, system-wide physical 16291M (6953M free)
TotalPageFile size 46656M (AvailPageFile size 8M)
current process WorkingSet (physical memory assigned to process): 440M, peak: 443M
current process commit charge ("private bytes"): 970M, peak: 974M

vm_info: OpenJDK 64-Bit Server VM (15.0.2+7-27) for windows-amd64 JRE (15.0.2+7-27), built on Dec  7 2020 20:02:38 by "mach5one" with unknown MS VC++:1925

END.
