#
# There is insufficient memory for the Java Runtime Environment to continue.
# Native memory allocation (malloc) failed to allocate 359040 bytes for Chunk::new
# Possible reasons:
#   The system is out of physical RAM or swap space
#   The process is running with CompressedOops enabled, and the Java Heap may be blocking the growth of the native heap
# Possible solutions:
#   Reduce memory load on the system
#   Increase physical memory or swap space
#   Check if swap backing store is full
#   Decrease Java heap size (-Xmx/-Xms)
#   Decrease number of Java threads
#   Decrease Java thread stack sizes (-Xss)
#   Set larger code cache with -XX:ReservedCodeCacheSize=
#   JVM is running with Zero Based Compressed Oops mode in which the Java heap is
#     placed in the first 32GB address space. The Java Heap base address is the
#     maximum limit for the native heap growth. Please use -XX:HeapBaseMinAddress
#     to set the Java Heap base and to place the Java Heap above 32GB virtual address.
# This output file may be truncated or incomplete.
#
#  Out of Memory Error (./open/src/hotspot/share/memory/arena.cpp:195), pid=17200, tid=30428
#
# JRE version: OpenJDK Runtime Environment (15.0.2+7) (build 15.0.2+7-27)
# Java VM: OpenJDK 64-Bit Server VM (15.0.2+7-27, mixed mode, tiered, compressed oops, g1 gc, windows-amd64)
# No core dump will be written. Minidumps are not enabled by default on client versions of Windows
#

---------------  S U M M A R Y ------------

Command Line: -Dfile.encoding=Cp1252 -XX:+ShowCodeDetailsInExceptionMessages MainClass

Host: Intel(R) Core(TM) i7-10750H CPU @ 2.60GHz, 12 cores, 15G,  Windows 10 , 64 bit Build 19041 (10.0.19041.928)
Time: Mon Jun  7 14:07:17 2021 GMT Daylight Time elapsed time: 3.075848 seconds (0d 0h 0m 3s)

---------------  T H R E A D  ---------------

Current thread (0x0000028b9d55f440):  JavaThread "C2 CompilerThread0" daemon [_thread_in_native, id=30428, stack(0x000000ff98900000,0x000000ff98a00000)]


Current CompileTask:
C2:   3075 2203       4       sun.java2d.SunGraphics2D::checkFontInfo (760 bytes)

Stack: [0x000000ff98900000,0x000000ff98a00000]
Native frames: (J=compiled Java code, j=interpreted, Vv=VM code, C=native code)
V  [jvm.dll+0x62ae9a]
V  [jvm.dll+0x7817a9]
V  [jvm.dll+0x782f03]
V  [jvm.dll+0x783563]
V  [jvm.dll+0x216325]
V  [jvm.dll+0x97f3a]
V  [jvm.dll+0x9861c]
V  [jvm.dll+0x32e305]
V  [jvm.dll+0x2f768a]
V  [jvm.dll+0x2f6a4a]
V  [jvm.dll+0x1ea705]
V  [jvm.dll+0x1e996e]
V  [jvm.dll+0x178567]
V  [jvm.dll+0x1f9225]
V  [jvm.dll+0x1f72cc]
V  [jvm.dll+0x74495d]
V  [jvm.dll+0x73d75a]
V  [jvm.dll+0x629c56]
C  [ucrtbase.dll+0x21bb2]
C  [KERNEL32.DLL+0x17034]
C  [ntdll.dll+0x52651]


---------------  P R O C E S S  ---------------

Threads class SMR info:
_java_thread_list=0x0000028ba667e290, length=20, elements={
0x0000028b9d53b010, 0x0000028b9d53c260, 0x0000028b9d553790, 0x0000028b9d554240,
0x0000028b9d55e0b0, 0x0000028b9d55f440, 0x0000028b9d56adb0, 0x0000028b9d56ff60,
0x0000028b9d6e89a0, 0x0000028b9d703640, 0x0000028b9dc60630, 0x0000028b9d8be380,
0x0000028b9d8bea40, 0x0000028b9e1a16e0, 0x0000028b9e2ac840, 0x0000028ba5a15c30,
0x0000028b9e2dcdf0, 0x0000028ba5ab19e0, 0x0000028b9e012640, 0x0000028ba63284b0
}

Java Threads: ( => current thread )
  0x0000028b9d53b010 JavaThread "Reference Handler" daemon [_thread_blocked, id=31540, stack(0x000000ff98400000,0x000000ff98500000)]
  0x0000028b9d53c260 JavaThread "Finalizer" daemon [_thread_blocked, id=14868, stack(0x000000ff98500000,0x000000ff98600000)]
  0x0000028b9d553790 JavaThread "Signal Dispatcher" daemon [_thread_blocked, id=16984, stack(0x000000ff98600000,0x000000ff98700000)]
  0x0000028b9d554240 JavaThread "Attach Listener" daemon [_thread_blocked, id=12296, stack(0x000000ff98700000,0x000000ff98800000)]
  0x0000028b9d55e0b0 JavaThread "Service Thread" daemon [_thread_blocked, id=28884, stack(0x000000ff98800000,0x000000ff98900000)]
=>0x0000028b9d55f440 JavaThread "C2 CompilerThread0" daemon [_thread_in_native, id=30428, stack(0x000000ff98900000,0x000000ff98a00000)]
  0x0000028b9d56adb0 JavaThread "C1 CompilerThread0" daemon [_thread_blocked, id=3808, stack(0x000000ff98a00000,0x000000ff98b00000)]
  0x0000028b9d56ff60 JavaThread "Sweeper thread" daemon [_thread_blocked, id=5680, stack(0x000000ff98b00000,0x000000ff98c00000)]
  0x0000028b9d6e89a0 JavaThread "Notification Thread" daemon [_thread_blocked, id=16036, stack(0x000000ff98c00000,0x000000ff98d00000)]
  0x0000028b9d703640 JavaThread "Common-Cleaner" daemon [_thread_blocked, id=26944, stack(0x000000ff98e00000,0x000000ff98f00000)]
  0x0000028b9dc60630 JavaThread "Java2D Disposer" daemon [_thread_blocked, id=27204, stack(0x000000ff98f00000,0x000000ff99000000)]
  0x0000028b9d8be380 JavaThread "AWT-Shutdown" [_thread_blocked, id=15508, stack(0x000000ff99000000,0x000000ff99100000)]
  0x0000028b9d8bea40 JavaThread "AWT-Windows" daemon [_thread_in_native, id=27004, stack(0x000000ff99100000,0x000000ff99200000)]
  0x0000028b9e1a16e0 JavaThread "AWT-EventQueue-0" [_thread_in_native, id=3360, stack(0x000000ff99400000,0x000000ff99500000)]
  0x0000028b9e2ac840 JavaThread "D3D Screen Updater" daemon [_thread_blocked, id=16700, stack(0x000000ff99800000,0x000000ff99900000)]
  0x0000028ba5a15c30 JavaThread "Image Fetcher 0" daemon [_thread_blocked, id=28800, stack(0x000000ff99900000,0x000000ff99a00000)]
  0x0000028b9e2dcdf0 JavaThread "TimerQueue" daemon [_thread_blocked, id=25972, stack(0x000000ff99a00000,0x000000ff99b00000)]
  0x0000028ba5ab19e0 JavaThread "Swing-Shell" daemon [_thread_blocked, id=26984, stack(0x000000ff99b50000,0x000000ff99c50000)]
  0x0000028b9e012640 JavaThread "DestroyJavaVM" [_thread_blocked, id=22180, stack(0x000000ff97d00000,0x000000ff97e00000)]
  0x0000028ba63284b0 JavaThread "C2 CompilerThread1" daemon [_thread_blocked, id=32612, stack(0x000000ff9a250000,0x000000ff9a350000)]

Other Threads:
  0x0000028b9d5047d0 VMThread "VM Thread" [stack: 0x000000ff98300000,0x000000ff98400000] [id=32540]
  0x0000028b9d6e8e70 WatcherThread [stack: 0x000000ff98d00000,0x000000ff98e00000] [id=28128]
  0x0000028bfd8e1f80 GCTaskThread "GC Thread#0" [stack: 0x000000ff97e00000,0x000000ff97f00000] [id=31600]
  0x0000028b9df2fe20 GCTaskThread "GC Thread#1" [stack: 0x000000ff99d50000,0x000000ff99e50000] [id=30012]
  0x0000028b9df2ee30 GCTaskThread "GC Thread#2" [stack: 0x000000ff99e50000,0x000000ff99f50000] [id=23288]
  0x0000028b9df2f7c0 GCTaskThread "GC Thread#3" [stack: 0x000000ff99f50000,0x000000ff9a050000] [id=21368]
  0x0000028b9df2f490 GCTaskThread "GC Thread#4" [stack: 0x000000ff9a050000,0x000000ff9a150000] [id=25580]
  0x0000028b9df2faf0 GCTaskThread "GC Thread#5" [stack: 0x000000ff9a150000,0x000000ff9a250000] [id=4068]
  0x0000028bfd8f4810 ConcurrentGCThread "G1 Main Marker" [stack: 0x000000ff97f00000,0x000000ff98000000] [id=32016]
  0x0000028bfd8f5400 ConcurrentGCThread "G1 Conc#0" [stack: 0x000000ff98000000,0x000000ff98100000] [id=30948]
  0x0000028bfd96da20 ConcurrentGCThread "G1 Refine#0" [stack: 0x000000ff98100000,0x000000ff98200000] [id=13668]
  0x0000028bfd96e4c0 ConcurrentGCThread "G1 Young RemSet Sampling" [stack: 0x000000ff98200000,0x000000ff98300000] [id=28648]

Threads with active compile tasks:
C2 CompilerThread0     3101 2203       4       sun.java2d.SunGraphics2D::checkFontInfo (760 bytes)

VM state: not at safepoint (normal execution)

VM Mutex/Monitor currently owned by a thread: None

Heap address: 0x0000000701600000, size: 4074 MB, Compressed Oops mode: Zero based, Oop shift amount: 3
CDS disabled.
Compressed class space mapped at: 0x0000000800000000-0x0000000840000000, size: 1073741824
Narrow klass base: 0x0000000800000000, Narrow klass shift: 0, Narrow klass range: 0x40000000

GC Precious Log:
 CPUs: 12 total, 12 available
 Memory: 16291M
 Large Page Support: Disabled
 NUMA Support: Disabled
 Compressed Oops: Enabled (Zero based)
 Heap Region Size: 2M
 Heap Min Capacity: 8M
 Heap Initial Capacity: 256M
 Heap Max Capacity: 4074M
 Pre-touch: Disabled
 Parallel Workers: 10
 Concurrent Workers: 3
 Concurrent Refinement Workers: 10
 Periodic GC: Disabled

Heap:
 garbage-first heap   total 262144K, used 37708K [0x0000000701600000, 0x0000000800000000)
  region size 2048K, 19 young (38912K), 2 survivors (4096K)
 Metaspace       used 19503K, capacity 19730K, committed 19840K, reserved 1067008K
  class space    used 2012K, capacity 2085K, committed 2176K, reserved 1048576K

Heap Regions: E=young(eden), S=young(survivor), O=old, HS=humongous(starts), HC=humongous(continues), CS=collection set, F=free, OA=open archive, CA=closed archive, TAMS=top-at-mark-start (previous, next)
|   0|0x0000000701600000, 0x0000000701800000, 0x0000000701800000|100%|HS|  |TAMS 0x0000000701600000, 0x0000000701600000| Complete 
|   1|0x0000000701800000, 0x0000000701800000, 0x0000000701a00000|  0%| F|  |TAMS 0x0000000701800000, 0x0000000701800000| Untracked 
|   2|0x0000000701a00000, 0x0000000701a00000, 0x0000000701c00000|  0%| F|  |TAMS 0x0000000701a00000, 0x0000000701a00000| Untracked 
|   3|0x0000000701c00000, 0x0000000701c00000, 0x0000000701e00000|  0%| F|  |TAMS 0x0000000701c00000, 0x0000000701c00000| Untracked 
|   4|0x0000000701e00000, 0x0000000701e00000, 0x0000000702000000|  0%| F|  |TAMS 0x0000000701e00000, 0x0000000701e00000| Untracked 
|   5|0x0000000702000000, 0x0000000702000000, 0x0000000702200000|  0%| F|  |TAMS 0x0000000702000000, 0x0000000702000000| Untracked 
|   6|0x0000000702200000, 0x0000000702200000, 0x0000000702400000|  0%| F|  |TAMS 0x0000000702200000, 0x0000000702200000| Untracked 
|   7|0x0000000702400000, 0x0000000702400000, 0x0000000702600000|  0%| F|  |TAMS 0x0000000702400000, 0x0000000702400000| Untracked 
|   8|0x0000000702600000, 0x0000000702600000, 0x0000000702800000|  0%| F|  |TAMS 0x0000000702600000, 0x0000000702600000| Untracked 
|   9|0x0000000702800000, 0x0000000702800000, 0x0000000702a00000|  0%| F|  |TAMS 0x0000000702800000, 0x0000000702800000| Untracked 
|  10|0x0000000702a00000, 0x0000000702a00000, 0x0000000702c00000|  0%| F|  |TAMS 0x0000000702a00000, 0x0000000702a00000| Untracked 
|  11|0x0000000702c00000, 0x0000000702c00000, 0x0000000702e00000|  0%| F|  |TAMS 0x0000000702c00000, 0x0000000702c00000| Untracked 
|  12|0x0000000702e00000, 0x0000000702e00000, 0x0000000703000000|  0%| F|  |TAMS 0x0000000702e00000, 0x0000000702e00000| Untracked 
|  13|0x0000000703000000, 0x0000000703000000, 0x0000000703200000|  0%| F|  |TAMS 0x0000000703000000, 0x0000000703000000| Untracked 
|  14|0x0000000703200000, 0x0000000703200000, 0x0000000703400000|  0%| F|  |TAMS 0x0000000703200000, 0x0000000703200000| Untracked 
|  15|0x0000000703400000, 0x0000000703400000, 0x0000000703600000|  0%| F|  |TAMS 0x0000000703400000, 0x0000000703400000| Untracked 
|  16|0x0000000703600000, 0x0000000703600000, 0x0000000703800000|  0%| F|  |TAMS 0x0000000703600000, 0x0000000703600000| Untracked 
|  17|0x0000000703800000, 0x0000000703800000, 0x0000000703a00000|  0%| F|  |TAMS 0x0000000703800000, 0x0000000703800000| Untracked 
|  18|0x0000000703a00000, 0x0000000703a00000, 0x0000000703c00000|  0%| F|  |TAMS 0x0000000703a00000, 0x0000000703a00000| Untracked 
|  19|0x0000000703c00000, 0x0000000703c00000, 0x0000000703e00000|  0%| F|  |TAMS 0x0000000703c00000, 0x0000000703c00000| Untracked 
|  20|0x0000000703e00000, 0x0000000703e00000, 0x0000000704000000|  0%| F|  |TAMS 0x0000000703e00000, 0x0000000703e00000| Untracked 
|  21|0x0000000704000000, 0x0000000704000000, 0x0000000704200000|  0%| F|  |TAMS 0x0000000704000000, 0x0000000704000000| Untracked 
|  22|0x0000000704200000, 0x0000000704200000, 0x0000000704400000|  0%| F|  |TAMS 0x0000000704200000, 0x0000000704200000| Untracked 
|  23|0x0000000704400000, 0x0000000704400000, 0x0000000704600000|  0%| F|  |TAMS 0x0000000704400000, 0x0000000704400000| Untracked 
|  24|0x0000000704600000, 0x0000000704600000, 0x0000000704800000|  0%| F|  |TAMS 0x0000000704600000, 0x0000000704600000| Untracked 
|  25|0x0000000704800000, 0x0000000704800000, 0x0000000704a00000|  0%| F|  |TAMS 0x0000000704800000, 0x0000000704800000| Untracked 
|  26|0x0000000704a00000, 0x0000000704a00000, 0x0000000704c00000|  0%| F|  |TAMS 0x0000000704a00000, 0x0000000704a00000| Untracked 
|  27|0x0000000704c00000, 0x0000000704c00000, 0x0000000704e00000|  0%| F|  |TAMS 0x0000000704c00000, 0x0000000704c00000| Untracked 
|  28|0x0000000704e00000, 0x0000000704e00000, 0x0000000705000000|  0%| F|  |TAMS 0x0000000704e00000, 0x0000000704e00000| Untracked 
|  29|0x0000000705000000, 0x0000000705000000, 0x0000000705200000|  0%| F|  |TAMS 0x0000000705000000, 0x0000000705000000| Untracked 
|  30|0x0000000705200000, 0x0000000705200000, 0x0000000705400000|  0%| F|  |TAMS 0x0000000705200000, 0x0000000705200000| Untracked 
|  31|0x0000000705400000, 0x0000000705400000, 0x0000000705600000|  0%| F|  |TAMS 0x0000000705400000, 0x0000000705400000| Untracked 
|  32|0x0000000705600000, 0x0000000705600000, 0x0000000705800000|  0%| F|  |TAMS 0x0000000705600000, 0x0000000705600000| Untracked 
|  33|0x0000000705800000, 0x0000000705800000, 0x0000000705a00000|  0%| F|  |TAMS 0x0000000705800000, 0x0000000705800000| Untracked 
|  34|0x0000000705a00000, 0x0000000705a00000, 0x0000000705c00000|  0%| F|  |TAMS 0x0000000705a00000, 0x0000000705a00000| Untracked 
|  35|0x0000000705c00000, 0x0000000705c00000, 0x0000000705e00000|  0%| F|  |TAMS 0x0000000705c00000, 0x0000000705c00000| Untracked 
|  36|0x0000000705e00000, 0x0000000705e00000, 0x0000000706000000|  0%| F|  |TAMS 0x0000000705e00000, 0x0000000705e00000| Untracked 
|  37|0x0000000706000000, 0x0000000706000000, 0x0000000706200000|  0%| F|  |TAMS 0x0000000706000000, 0x0000000706000000| Untracked 
|  38|0x0000000706200000, 0x0000000706200000, 0x0000000706400000|  0%| F|  |TAMS 0x0000000706200000, 0x0000000706200000| Untracked 
|  39|0x0000000706400000, 0x0000000706400000, 0x0000000706600000|  0%| F|  |TAMS 0x0000000706400000, 0x0000000706400000| Untracked 
|  40|0x0000000706600000, 0x0000000706600000, 0x0000000706800000|  0%| F|  |TAMS 0x0000000706600000, 0x0000000706600000| Untracked 
|  41|0x0000000706800000, 0x0000000706800000, 0x0000000706a00000|  0%| F|  |TAMS 0x0000000706800000, 0x0000000706800000| Untracked 
|  42|0x0000000706a00000, 0x0000000706a00000, 0x0000000706c00000|  0%| F|  |TAMS 0x0000000706a00000, 0x0000000706a00000| Untracked 
|  43|0x0000000706c00000, 0x0000000706c00000, 0x0000000706e00000|  0%| F|  |TAMS 0x0000000706c00000, 0x0000000706c00000| Untracked 
|  44|0x0000000706e00000, 0x0000000706e00000, 0x0000000707000000|  0%| F|  |TAMS 0x0000000706e00000, 0x0000000706e00000| Untracked 
|  45|0x0000000707000000, 0x0000000707000000, 0x0000000707200000|  0%| F|  |TAMS 0x0000000707000000, 0x0000000707000000| Untracked 
|  46|0x0000000707200000, 0x0000000707200000, 0x0000000707400000|  0%| F|  |TAMS 0x0000000707200000, 0x0000000707200000| Untracked 
|  47|0x0000000707400000, 0x0000000707400000, 0x0000000707600000|  0%| F|  |TAMS 0x0000000707400000, 0x0000000707400000| Untracked 
|  48|0x0000000707600000, 0x0000000707600000, 0x0000000707800000|  0%| F|  |TAMS 0x0000000707600000, 0x0000000707600000| Untracked 
|  49|0x0000000707800000, 0x0000000707800000, 0x0000000707a00000|  0%| F|  |TAMS 0x0000000707800000, 0x0000000707800000| Untracked 
|  50|0x0000000707a00000, 0x0000000707a00000, 0x0000000707c00000|  0%| F|  |TAMS 0x0000000707a00000, 0x0000000707a00000| Untracked 
|  51|0x0000000707c00000, 0x0000000707c00000, 0x0000000707e00000|  0%| F|  |TAMS 0x0000000707c00000, 0x0000000707c00000| Untracked 
|  52|0x0000000707e00000, 0x0000000707e00000, 0x0000000708000000|  0%| F|  |TAMS 0x0000000707e00000, 0x0000000707e00000| Untracked 
|  53|0x0000000708000000, 0x0000000708000000, 0x0000000708200000|  0%| F|  |TAMS 0x0000000708000000, 0x0000000708000000| Untracked 
|  54|0x0000000708200000, 0x0000000708200000, 0x0000000708400000|  0%| F|  |TAMS 0x0000000708200000, 0x0000000708200000| Untracked 
|  55|0x0000000708400000, 0x0000000708400000, 0x0000000708600000|  0%| F|  |TAMS 0x0000000708400000, 0x0000000708400000| Untracked 
|  56|0x0000000708600000, 0x0000000708600000, 0x0000000708800000|  0%| F|  |TAMS 0x0000000708600000, 0x0000000708600000| Untracked 
|  57|0x0000000708800000, 0x0000000708800000, 0x0000000708a00000|  0%| F|  |TAMS 0x0000000708800000, 0x0000000708800000| Untracked 
|  58|0x0000000708a00000, 0x0000000708a00000, 0x0000000708c00000|  0%| F|  |TAMS 0x0000000708a00000, 0x0000000708a00000| Untracked 
|  59|0x0000000708c00000, 0x0000000708c00000, 0x0000000708e00000|  0%| F|  |TAMS 0x0000000708c00000, 0x0000000708c00000| Untracked 
|  60|0x0000000708e00000, 0x0000000708e00000, 0x0000000709000000|  0%| F|  |TAMS 0x0000000708e00000, 0x0000000708e00000| Untracked 
|  61|0x0000000709000000, 0x0000000709000000, 0x0000000709200000|  0%| F|  |TAMS 0x0000000709000000, 0x0000000709000000| Untracked 
|  62|0x0000000709200000, 0x0000000709200000, 0x0000000709400000|  0%| F|  |TAMS 0x0000000709200000, 0x0000000709200000| Untracked 
|  63|0x0000000709400000, 0x0000000709400000, 0x0000000709600000|  0%| F|  |TAMS 0x0000000709400000, 0x0000000709400000| Untracked 
|  64|0x0000000709600000, 0x0000000709600000, 0x0000000709800000|  0%| F|  |TAMS 0x0000000709600000, 0x0000000709600000| Untracked 
|  65|0x0000000709800000, 0x0000000709800000, 0x0000000709a00000|  0%| F|  |TAMS 0x0000000709800000, 0x0000000709800000| Untracked 
|  66|0x0000000709a00000, 0x0000000709a00000, 0x0000000709c00000|  0%| F|  |TAMS 0x0000000709a00000, 0x0000000709a00000| Untracked 
|  67|0x0000000709c00000, 0x0000000709c00000, 0x0000000709e00000|  0%| F|  |TAMS 0x0000000709c00000, 0x0000000709c00000| Untracked 
|  68|0x0000000709e00000, 0x0000000709e00000, 0x000000070a000000|  0%| F|  |TAMS 0x0000000709e00000, 0x0000000709e00000| Untracked 
|  69|0x000000070a000000, 0x000000070a000000, 0x000000070a200000|  0%| F|  |TAMS 0x000000070a000000, 0x000000070a000000| Untracked 
|  70|0x000000070a200000, 0x000000070a200000, 0x000000070a400000|  0%| F|  |TAMS 0x000000070a200000, 0x000000070a200000| Untracked 
|  71|0x000000070a400000, 0x000000070a400000, 0x000000070a600000|  0%| F|  |TAMS 0x000000070a400000, 0x000000070a400000| Untracked 
|  72|0x000000070a600000, 0x000000070a600000, 0x000000070a800000|  0%| F|  |TAMS 0x000000070a600000, 0x000000070a600000| Untracked 
|  73|0x000000070a800000, 0x000000070a800000, 0x000000070aa00000|  0%| F|  |TAMS 0x000000070a800000, 0x000000070a800000| Untracked 
|  74|0x000000070aa00000, 0x000000070aa00000, 0x000000070ac00000|  0%| F|  |TAMS 0x000000070aa00000, 0x000000070aa00000| Untracked 
|  75|0x000000070ac00000, 0x000000070ac00000, 0x000000070ae00000|  0%| F|  |TAMS 0x000000070ac00000, 0x000000070ac00000| Untracked 
|  76|0x000000070ae00000, 0x000000070ae00000, 0x000000070b000000|  0%| F|  |TAMS 0x000000070ae00000, 0x000000070ae00000| Untracked 
|  77|0x000000070b000000, 0x000000070b000000, 0x000000070b200000|  0%| F|  |TAMS 0x000000070b000000, 0x000000070b000000| Untracked 
|  78|0x000000070b200000, 0x000000070b200000, 0x000000070b400000|  0%| F|  |TAMS 0x000000070b200000, 0x000000070b200000| Untracked 
|  79|0x000000070b400000, 0x000000070b400000, 0x000000070b600000|  0%| F|  |TAMS 0x000000070b400000, 0x000000070b400000| Untracked 
|  80|0x000000070b600000, 0x000000070b600000, 0x000000070b800000|  0%| F|  |TAMS 0x000000070b600000, 0x000000070b600000| Untracked 
|  81|0x000000070b800000, 0x000000070b800000, 0x000000070ba00000|  0%| F|  |TAMS 0x000000070b800000, 0x000000070b800000| Untracked 
|  82|0x000000070ba00000, 0x000000070ba00000, 0x000000070bc00000|  0%| F|  |TAMS 0x000000070ba00000, 0x000000070ba00000| Untracked 
|  83|0x000000070bc00000, 0x000000070bc00000, 0x000000070be00000|  0%| F|  |TAMS 0x000000070bc00000, 0x000000070bc00000| Untracked 
|  84|0x000000070be00000, 0x000000070be00000, 0x000000070c000000|  0%| F|  |TAMS 0x000000070be00000, 0x000000070be00000| Untracked 
|  85|0x000000070c000000, 0x000000070c000000, 0x000000070c200000|  0%| F|  |TAMS 0x000000070c000000, 0x000000070c000000| Untracked 
|  86|0x000000070c200000, 0x000000070c200000, 0x000000070c400000|  0%| F|  |TAMS 0x000000070c200000, 0x000000070c200000| Untracked 
|  87|0x000000070c400000, 0x000000070c400000, 0x000000070c600000|  0%| F|  |TAMS 0x000000070c400000, 0x000000070c400000| Untracked 
|  88|0x000000070c600000, 0x000000070c600000, 0x000000070c800000|  0%| F|  |TAMS 0x000000070c600000, 0x000000070c600000| Untracked 
|  89|0x000000070c800000, 0x000000070c800000, 0x000000070ca00000|  0%| F|  |TAMS 0x000000070c800000, 0x000000070c800000| Untracked 
|  90|0x000000070ca00000, 0x000000070ca00000, 0x000000070cc00000|  0%| F|  |TAMS 0x000000070ca00000, 0x000000070ca00000| Untracked 
|  91|0x000000070cc00000, 0x000000070cc00000, 0x000000070ce00000|  0%| F|  |TAMS 0x000000070cc00000, 0x000000070cc00000| Untracked 
|  92|0x000000070ce00000, 0x000000070ce00000, 0x000000070d000000|  0%| F|  |TAMS 0x000000070ce00000, 0x000000070ce00000| Untracked 
|  93|0x000000070d000000, 0x000000070d000000, 0x000000070d200000|  0%| F|  |TAMS 0x000000070d000000, 0x000000070d000000| Untracked 
|  94|0x000000070d200000, 0x000000070d200000, 0x000000070d400000|  0%| F|  |TAMS 0x000000070d200000, 0x000000070d200000| Untracked 
|  95|0x000000070d400000, 0x000000070d400000, 0x000000070d600000|  0%| F|  |TAMS 0x000000070d400000, 0x000000070d400000| Untracked 
|  96|0x000000070d600000, 0x000000070d600000, 0x000000070d800000|  0%| F|  |TAMS 0x000000070d600000, 0x000000070d600000| Untracked 
|  97|0x000000070d800000, 0x000000070d800000, 0x000000070da00000|  0%| F|  |TAMS 0x000000070d800000, 0x000000070d800000| Untracked 
|  98|0x000000070da00000, 0x000000070da00000, 0x000000070dc00000|  0%| F|  |TAMS 0x000000070da00000, 0x000000070da00000| Untracked 
|  99|0x000000070dc00000, 0x000000070dc00000, 0x000000070de00000|  0%| F|  |TAMS 0x000000070dc00000, 0x000000070dc00000| Untracked 
| 100|0x000000070de00000, 0x000000070de00000, 0x000000070e000000|  0%| F|  |TAMS 0x000000070de00000, 0x000000070de00000| Untracked 
| 101|0x000000070e000000, 0x000000070e000000, 0x000000070e200000|  0%| F|  |TAMS 0x000000070e000000, 0x000000070e000000| Untracked 
| 102|0x000000070e200000, 0x000000070e200000, 0x000000070e400000|  0%| F|  |TAMS 0x000000070e200000, 0x000000070e200000| Untracked 
| 103|0x000000070e400000, 0x000000070e400000, 0x000000070e600000|  0%| F|  |TAMS 0x000000070e400000, 0x000000070e400000| Untracked 
| 104|0x000000070e600000, 0x000000070e600000, 0x000000070e800000|  0%| F|  |TAMS 0x000000070e600000, 0x000000070e600000| Untracked 
| 105|0x000000070e800000, 0x000000070e800000, 0x000000070ea00000|  0%| F|  |TAMS 0x000000070e800000, 0x000000070e800000| Untracked 
| 106|0x000000070ea00000, 0x000000070ea00000, 0x000000070ec00000|  0%| F|  |TAMS 0x000000070ea00000, 0x000000070ea00000| Untracked 
| 107|0x000000070ec00000, 0x000000070ec00000, 0x000000070ee00000|  0%| F|  |TAMS 0x000000070ec00000, 0x000000070ec00000| Untracked 
| 108|0x000000070ee00000, 0x000000070eed3368, 0x000000070f000000| 41%| S|CS|TAMS 0x000000070ee00000, 0x000000070ee00000| Complete 
| 109|0x000000070f000000, 0x000000070f200000, 0x000000070f200000|100%| S|CS|TAMS 0x000000070f000000, 0x000000070f000000| Complete 
| 110|0x000000070f200000, 0x000000070f200000, 0x000000070f400000|  0%| F|  |TAMS 0x000000070f200000, 0x000000070f200000| Untracked 
| 111|0x000000070f400000, 0x000000070f600000, 0x000000070f600000|100%| E|  |TAMS 0x000000070f400000, 0x000000070f400000| Complete 
| 112|0x000000070f600000, 0x000000070f800000, 0x000000070f800000|100%| E|CS|TAMS 0x000000070f600000, 0x000000070f600000| Complete 
| 113|0x000000070f800000, 0x000000070fa00000, 0x000000070fa00000|100%| E|CS|TAMS 0x000000070f800000, 0x000000070f800000| Complete 
| 114|0x000000070fa00000, 0x000000070fc00000, 0x000000070fc00000|100%| E|CS|TAMS 0x000000070fa00000, 0x000000070fa00000| Complete 
| 115|0x000000070fc00000, 0x000000070fe00000, 0x000000070fe00000|100%| E|CS|TAMS 0x000000070fc00000, 0x000000070fc00000| Complete 
| 116|0x000000070fe00000, 0x0000000710000000, 0x0000000710000000|100%| E|CS|TAMS 0x000000070fe00000, 0x000000070fe00000| Complete 
| 117|0x0000000710000000, 0x0000000710200000, 0x0000000710200000|100%| E|CS|TAMS 0x0000000710000000, 0x0000000710000000| Complete 
| 118|0x0000000710200000, 0x0000000710400000, 0x0000000710400000|100%| E|CS|TAMS 0x0000000710200000, 0x0000000710200000| Complete 
| 119|0x0000000710400000, 0x0000000710600000, 0x0000000710600000|100%| E|CS|TAMS 0x0000000710400000, 0x0000000710400000| Complete 
| 120|0x0000000710600000, 0x0000000710800000, 0x0000000710800000|100%| E|CS|TAMS 0x0000000710600000, 0x0000000710600000| Complete 
| 121|0x0000000710800000, 0x0000000710a00000, 0x0000000710a00000|100%| E|CS|TAMS 0x0000000710800000, 0x0000000710800000| Complete 
| 122|0x0000000710a00000, 0x0000000710c00000, 0x0000000710c00000|100%| E|CS|TAMS 0x0000000710a00000, 0x0000000710a00000| Complete 
| 123|0x0000000710c00000, 0x0000000710e00000, 0x0000000710e00000|100%| E|CS|TAMS 0x0000000710c00000, 0x0000000710c00000| Complete 
| 124|0x0000000710e00000, 0x0000000711000000, 0x0000000711000000|100%| E|CS|TAMS 0x0000000710e00000, 0x0000000710e00000| Complete 
| 125|0x0000000711000000, 0x0000000711200000, 0x0000000711200000|100%| E|CS|TAMS 0x0000000711000000, 0x0000000711000000| Complete 
| 126|0x0000000711200000, 0x0000000711400000, 0x0000000711400000|100%| E|CS|TAMS 0x0000000711200000, 0x0000000711200000| Complete 
| 127|0x0000000711400000, 0x0000000711600000, 0x0000000711600000|100%| E|CS|TAMS 0x0000000711400000, 0x0000000711400000| Complete 

Card table byte_map: [0x0000028bfe6c0000,0x0000028bfeec0000] _byte_map_base: 0x0000028bfaeb5000

Marking Bits (Prev, Next): (CMBitMap*) 0x0000028bfd8e27f0, (CMBitMap*) 0x0000028bfd8e2830
 Prev Bits: [0x0000028b92940000, 0x0000028b968e8000)
 Next Bits: [0x0000028b968f0000, 0x0000028b9a898000)

Polling page: 0x0000028bfd070000

Metaspace:

Usage:
  Non-class:     17.23 MB capacity,    17.08 MB (>99%) used,   131.48 KB ( <1%) free+waste,    22.44 KB ( <1%) overhead. 
      Class:      2.04 MB capacity,     1.97 MB ( 97%) used,    64.91 KB (  3%) free+waste,     7.44 KB ( <1%) overhead. 
       Both:     19.27 MB capacity,    19.05 MB ( 99%) used,   196.40 KB ( <1%) free+waste,    29.88 KB ( <1%) overhead. 

Virtual space:
  Non-class space:       18.00 MB reserved,      17.25 MB ( 96%) committed 
      Class space:        1.00 GB reserved,       2.12 MB ( <1%) committed 
             Both:        1.02 GB reserved,      19.38 MB (  2%) committed 

Chunk freelists:
   Non-Class:  19.00 KB
       Class:  27.00 KB
        Both:  46.00 KB

MaxMetaspaceSize: 17179869184.00 GB
CompressedClassSpaceSize: 1.00 GB

CodeHeap 'non-profiled nmethods': size=120000Kb used=942Kb max_used=942Kb free=119057Kb
 bounds [0x0000028b8b410000, 0x0000028b8b680000, 0x0000028b92940000]
CodeHeap 'profiled nmethods': size=120000Kb used=3840Kb max_used=3840Kb free=116159Kb
 bounds [0x0000028b83ee0000, 0x0000028b842b0000, 0x0000028b8b410000]
CodeHeap 'non-nmethods': size=5760Kb used=1316Kb max_used=1345Kb free=4443Kb
 bounds [0x0000028b83940000, 0x0000028b83bb0000, 0x0000028b83ee0000]
 total_blobs=2822 nmethods=2206 adapters=529
 compilation: enabled
              stopped_count=0, restarted_count=0
 full_count=0

Compilation events (20 events):
Event: 2.929 Thread 0x0000028ba63284b0 2193       4       sun.java2d.SunGraphics2D::<init> (154 bytes)
Event: 2.955 Thread 0x0000028b9d55f440 nmethod 2191 0x0000028b8b4eed10 code [0x0000028b8b4ef0c0, 0x0000028b8b4f2648]
Event: 2.955 Thread 0x0000028b9d55f440 2194       4       sun.java2d.SunGraphics2D::setDevClip (21 bytes)
Event: 2.958 Thread 0x0000028ba63284b0 nmethod 2193 0x0000028b8b4f4910 code [0x0000028b8b4f4c20, 0x0000028b8b4f68e8]
Event: 2.958 Thread 0x0000028b9d55f440 nmethod 2194 0x0000028b8b4f7510 code [0x0000028b8b4f76a0, 0x0000028b8b4f7988]
Event: 2.958 Thread 0x0000028b9d55f440 2195       4       java.awt.image.BufferedImage::getWidth (8 bytes)
Event: 2.958 Thread 0x0000028ba63284b0 2197       4       java.security.AccessController::getContext (23 bytes)
Event: 2.958 Thread 0x0000028b9d55f440 nmethod 2195 0x0000028b8b4f7c10 code [0x0000028b8b4f7d80, 0x0000028b8b4f7df8]
Event: 2.958 Thread 0x0000028ba63284b0 nmethod 2197 0x0000028b8b4f7f10 code [0x0000028b8b4f80a0, 0x0000028b8b4f8138]
Event: 2.970 Thread 0x0000028ba63284b0 2198   !   4       java.util.concurrent.ConcurrentHashMap::putVal (432 bytes)
Event: 2.980 Thread 0x0000028b9d55f440 2199       4       java.awt.geom.AffineTransform::getMatrix (49 bytes)
Event: 2.980 Thread 0x0000028b9d55f440 nmethod 2199 0x0000028b8b4f8210 code [0x0000028b8b4f8380, 0x0000028b8b4f8458]
Event: 2.980 Thread 0x0000028b9d55f440 2200       4       java.util.concurrent.locks.AbstractQueuedSynchronizer::signalNext (34 bytes)
Event: 2.981 Thread 0x0000028b9d55f440 nmethod 2200 0x0000028b8b4f8510 code [0x0000028b8b4f86a0, 0x0000028b8b4f8768]
Event: 2.987 Thread 0x0000028ba63284b0 nmethod 2198 0x0000028b8b4f8890 code [0x0000028b8b4f8aa0, 0x0000028b8b4f9de0]
Event: 3.008 Thread 0x0000028ba63284b0 2201       4       java.awt.geom.AffineTransform::getMatrix (49 bytes)
Event: 3.009 Thread 0x0000028ba63284b0 nmethod 2201 0x0000028b8b4fa710 code [0x0000028b8b4fa8a0, 0x0000028b8b4fa9f8]
Event: 3.025 Thread 0x0000028ba63284b0 2202       4       javax.swing.text.GapContent::getChars (206 bytes)
Event: 3.033 Thread 0x0000028ba63284b0 nmethod 2202 0x0000028b8b4fab90 code [0x0000028b8b4fad40, 0x0000028b8b4fb638]
Event: 3.039 Thread 0x0000028b9d55f440 2203       4       sun.java2d.SunGraphics2D::checkFontInfo (760 bytes)

GC Heap History (4 events):
Event: 1.489 GC heap before
{Heap before GC invocations=0 (full 0):
 garbage-first heap   total 262144K, used 24576K [0x0000000701600000, 0x0000000800000000)
  region size 2048K, 11 young (22528K), 0 survivors (0K)
 Metaspace       used 19141K, capacity 19314K, committed 19584K, reserved 1067008K
  class space    used 1987K, capacity 2053K, committed 2176K, reserved 1048576K
}
Event: 1.492 GC heap after
{Heap after GC invocations=1 (full 0):
 garbage-first heap   total 262144K, used 4541K [0x0000000701600000, 0x0000000800000000)
  region size 2048K, 2 young (4096K), 2 survivors (4096K)
 Metaspace       used 19141K, capacity 19314K, committed 19584K, reserved 1067008K
  class space    used 1987K, capacity 2053K, committed 2176K, reserved 1048576K
}
Event: 2.372 GC heap before
{Heap before GC invocations=1 (full 0):
 garbage-first heap   total 262144K, used 37309K [0x0000000701600000, 0x0000000800000000)
  region size 2048K, 18 young (36864K), 2 survivors (4096K)
 Metaspace       used 19370K, capacity 19570K, committed 19840K, reserved 1067008K
  class space    used 1988K, capacity 2053K, committed 2176K, reserved 1048576K
}
Event: 2.375 GC heap after
{Heap after GC invocations=2 (full 0):
 garbage-first heap   total 262144K, used 4940K [0x0000000701600000, 0x0000000800000000)
  region size 2048K, 2 young (4096K), 2 survivors (4096K)
 Metaspace       used 19370K, capacity 19570K, committed 19840K, reserved 1067008K
  class space    used 1988K, capacity 2053K, committed 2176K, reserved 1048576K
}

Deoptimization events (20 events):
Event: 2.603 Thread 0x0000028b9e1a16e0 Uncommon trap: trap_request=0xffffffde fr.pc=0x0000028b8b42e7bc relative=0x000000000000019c
Event: 2.603 Thread 0x0000028b9e1a16e0 Uncommon trap: reason=class_check action=maybe_recompile pc=0x0000028b8b42e7bc method=java.lang.String.equals(Ljava/lang/Object;)Z @ 8 c2
Event: 2.603 Thread 0x0000028b9e1a16e0 DEOPT PACKING pc=0x0000028b8b42e7bc sp=0x000000ff994fe2f0
Event: 2.603 Thread 0x0000028b9e1a16e0 DEOPT UNPACKING pc=0x0000028b8398e42f sp=0x000000ff994fe298 mode 2
Event: 2.603 Thread 0x0000028b9e1a16e0 Uncommon trap: trap_request=0xffffffde fr.pc=0x0000028b8b42e7bc relative=0x000000000000019c
Event: 2.603 Thread 0x0000028b9e1a16e0 Uncommon trap: reason=class_check action=maybe_recompile pc=0x0000028b8b42e7bc method=java.lang.String.equals(Ljava/lang/Object;)Z @ 8 c2
Event: 2.603 Thread 0x0000028b9e1a16e0 DEOPT PACKING pc=0x0000028b8b42e7bc sp=0x000000ff994fe2f0
Event: 2.603 Thread 0x0000028b9e1a16e0 DEOPT UNPACKING pc=0x0000028b8398e42f sp=0x000000ff994fe298 mode 2
Event: 2.729 Thread 0x0000028b9e1a16e0 Uncommon trap: trap_request=0xffffffde fr.pc=0x0000028b8b42e7bc relative=0x000000000000019c
Event: 2.729 Thread 0x0000028b9e1a16e0 Uncommon trap: reason=class_check action=maybe_recompile pc=0x0000028b8b42e7bc method=java.lang.String.equals(Ljava/lang/Object;)Z @ 8 c2
Event: 2.729 Thread 0x0000028b9e1a16e0 DEOPT PACKING pc=0x0000028b8b42e7bc sp=0x000000ff994fe2f0
Event: 2.729 Thread 0x0000028b9e1a16e0 DEOPT UNPACKING pc=0x0000028b8398e42f sp=0x000000ff994fe298 mode 2
Event: 2.729 Thread 0x0000028b9e1a16e0 Uncommon trap: trap_request=0xffffffde fr.pc=0x0000028b8b42e7bc relative=0x000000000000019c
Event: 2.729 Thread 0x0000028b9e1a16e0 Uncommon trap: reason=class_check action=maybe_recompile pc=0x0000028b8b42e7bc method=java.lang.String.equals(Ljava/lang/Object;)Z @ 8 c2
Event: 2.729 Thread 0x0000028b9e1a16e0 DEOPT PACKING pc=0x0000028b8b42e7bc sp=0x000000ff994fe2f0
Event: 2.729 Thread 0x0000028b9e1a16e0 DEOPT UNPACKING pc=0x0000028b8398e42f sp=0x000000ff994fe298 mode 2
Event: 2.980 Thread 0x0000028b9e1a16e0 Uncommon trap: trap_request=0xffffffe4 fr.pc=0x0000028b8b4f8428 relative=0x00000000000000a8
Event: 2.980 Thread 0x0000028b9e1a16e0 Uncommon trap: reason=range_check action=make_not_entrant pc=0x0000028b8b4f8428 method=java.awt.geom.AffineTransform.getMatrix([D)V @ 6 c2
Event: 2.980 Thread 0x0000028b9e1a16e0 DEOPT PACKING pc=0x0000028b8b4f8428 sp=0x000000ff994fd820
Event: 2.981 Thread 0x0000028b9e1a16e0 DEOPT UNPACKING pc=0x0000028b8398e42f sp=0x000000ff994fd7a8 mode 2

Classes unloaded (0 events):
No events

Classes redefined (0 events):
No events

Internal exceptions (18 events):
Event: 0.138 Thread 0x0000028bfd890eb0 Exception <a 'java/lang/NoSuchMethodError'{0x00000007115381f0}: 'void java.lang.invoke.DirectMethodHandle$Holder.invokeSpecial(java.lang.Object, java.lang.Object, java.lang.Object)'> (0x00000007115381f0) 
thrown [./open/src/hotspot/share/interpreter/linkResolver.cpp, line 782]
Event: 0.164 Thread 0x0000028bfd890eb0 Exception <a 'java/lang/ClassNotFoundException'{0x00000007115553c8}: sun/awt/resources/spi/awtProvider> (0x00000007115553c8) 
thrown [./open/src/hotspot/share/classfile/systemDictionary.cpp, line 295]
Event: 0.193 Thread 0x0000028bfd890eb0 Exception <a 'java/io/FileNotFoundException'{0x00000007115b1220}> (0x00000007115b1220) 
thrown [./open/src/hotspot/share/prims/jni.cpp, line 578]
Event: 0.199 Thread 0x0000028bfd890eb0 Exception <a 'java/io/FileNotFoundException'{0x00000007115dfda8}> (0x00000007115dfda8) 
thrown [./open/src/hotspot/share/prims/jni.cpp, line 578]
Event: 0.200 Thread 0x0000028bfd890eb0 Exception <a 'java/lang/NoSuchMethodError'{0x00000007115e10e0}: 'java.lang.Object java.lang.invoke.DirectMethodHandle$Holder.invokeStatic(java.lang.Object)'> (0x00000007115e10e0) 
thrown [./open/src/hotspot/share/interpreter/linkResolver.cpp, line 782]
Event: 0.239 Thread 0x0000028bfd890eb0 Exception <a 'java/lang/NoSuchMethodError'{0x00000007112506d0}: 'java.lang.Object java.lang.invoke.DirectMethodHandle$Holder.invokeStaticInit(java.lang.Object)'> (0x00000007112506d0) 
thrown [./open/src/hotspot/share/interpreter/linkResolver.cpp, line 782]
Event: 0.262 Thread 0x0000028bfd890eb0 Exception <a 'java/lang/NoSuchMethodError'{0x0000000711313b00}: 'java.lang.Object java.lang.invoke.DirectMethodHandle$Holder.newInvokeSpecial(java.lang.Object, java.lang.Object, java.lang.Object, java.lang.Object, java.lang.Object)'> (0x0000000711313b00) 
thrown [./open/src/hotspot/share/interpreter/linkResolver.cpp, line 782]
Event: 0.263 Thread 0x0000028bfd890eb0 Exception <a 'java/lang/NoSuchMethodError'{0x000000071131f590}: 'java.lang.Object java.lang.invoke.DirectMethodHandle$Holder.invokeStatic(java.lang.Object, int, java.lang.Object, java.lang.Object, java.lang.Object, java.lang.Object)'> (0x000000071131f590) 
thrown [./open/src/hotspot/share/interpreter/linkResolver.cpp, line 782]
Event: 0.266 Thread 0x0000028bfd890eb0 Exception <a 'java/lang/NoSuchMethodError'{0x0000000711345838}: 'java.lang.Object java.lang.invoke.DirectMethodHandle$Holder.invokeStatic(java.lang.Object, int, java.lang.Object)'> (0x0000000711345838) 
thrown [./open/src/hotspot/share/interpreter/linkResolver.cpp, line 782]
Event: 0.285 Thread 0x0000028bfd890eb0 Exception <a 'java/lang/ClassNotFoundException'{0x0000000711001078}: com/sun/swing/internal/plaf/metal/resources/spi/metalProvider> (0x0000000711001078) 
thrown [./open/src/hotspot/share/classfile/systemDictionary.cpp, line 295]
Event: 0.286 Thread 0x0000028bfd890eb0 Exception <a 'java/lang/ClassNotFoundException'{0x00000007110052b0}: com/sun/swing/internal/plaf/basic/resources/spi/basicProvider> (0x00000007110052b0) 
thrown [./open/src/hotspot/share/classfile/systemDictionary.cpp, line 295]
Event: 0.331 Thread 0x0000028bfd890eb0 Exception <a 'java/lang/NoSuchMethodError'{0x0000000711081a50}: 'void java.lang.invoke.DirectMethodHandle$Holder.invokeStatic(java.lang.Object, java.lang.Object)'> (0x0000000711081a50) 
thrown [./open/src/hotspot/share/interpreter/linkResolver.cpp, line 782]
Event: 0.331 Thread 0x0000028bfd890eb0 Exception <a 'java/lang/NoSuchMethodError'{0x0000000711085458}: 'void java.lang.invoke.DirectMethodHandle$Holder.invokeStaticInit(java.lang.Object, java.lang.Object)'> (0x0000000711085458) 
thrown [./open/src/hotspot/share/interpreter/linkResolver.cpp, line 782]
Event: 0.336 Thread 0x0000028bfd890eb0 Exception <a 'java/lang/NoSuchMethodError'{0x00000007110b23e0}: 'java.lang.Object java.lang.invoke.DirectMethodHandle$Holder.invokeStaticInit(java.lang.Object, int, int, int, int)'> (0x00000007110b23e0) 
thrown [./open/src/hotspot/share/interpreter/linkResolver.cpp, line 782]
Event: 0.380 Thread 0x0000028bfd890eb0 Exception <a 'java/lang/NoSuchMethodError'{0x00000007110f3858}: 'java.lang.Object java.lang.invoke.DirectMethodHandle$Holder.invokeStaticInit(java.lang.Object, java.lang.Object, int, int, int, int)'> (0x00000007110f3858) 
thrown [./open/src/hotspot/share/interpreter/linkResolver.cpp, line 782]
Event: 0.626 Thread 0x0000028bfd890eb0 Exception <a 'java/lang/NoSuchMethodError'{0x000000071113d9e0}: 'void java.lang.invoke.DirectMethodHandle$Holder.invokeStaticInit(java.lang.Object)'> (0x000000071113d9e0) 
thrown [./open/src/hotspot/share/interpreter/linkResolver.cpp, line 782]
Event: 0.760 Thread 0x0000028bfd890eb0 Exception <a 'java/lang/NoSuchMethodError'{0x0000000710e38408}: 'void java.lang.invoke.DirectMethodHandle$Holder.invokeStatic(java.lang.Object, java.lang.Object, java.lang.Object)'> (0x0000000710e38408) 
thrown [./open/src/hotspot/share/interpreter/linkResolver.cpp, line 782]
Event: 0.771 Thread 0x0000028ba5a15c30 Exception <a 'java/lang/NoSuchMethodError'{0x0000000710e80ff0}: 'java.lang.Object java.lang.invoke.DirectMethodHandle$Holder.newInvokeSpecial(java.lang.Object, java.lang.Object, java.lang.Object, int, int, int, int, int)'> (0x0000000710e80ff0) 
thrown [./open/src/hotspot/share/interpreter/linkResolver.cpp, line 782]

Events (20 events):
Event: 2.604 loading class javax/swing/event/DocumentEvent$ElementChange done
Event: 2.604 loading class javax/swing/JLayer
Event: 2.604 loading class javax/swing/JLayer done
Event: 2.604 Executing VM operation: HandshakeAllThreads
Event: 2.604 Executing VM operation: HandshakeAllThreads done
Event: 2.604 loading class javax/swing/text/AbstractDocument$UndoRedoDocumentEvent
Event: 2.604 loading class javax/swing/text/AbstractDocument$UndoRedoDocumentEvent done
Event: 2.604 loading class javax/swing/text/DefaultCaret$1
Event: 2.604 loading class javax/swing/text/DefaultCaret$1 done
Event: 2.605 loading class javax/swing/event/UndoableEditEvent
Event: 2.605 loading class javax/swing/event/UndoableEditEvent done
Event: 2.605 loading class javax/swing/text/AbstractDocument$DefaultDocumentEventUndoableWrapper
Event: 2.605 loading class sun/swing/text/UndoableEditLockSupport
Event: 2.605 loading class sun/swing/text/UndoableEditLockSupport done
Event: 2.605 loading class javax/swing/text/AbstractDocument$DefaultDocumentEventUndoableWrapper done
Event: 2.605 loading class javax/swing/event/UndoableEditListener
Event: 2.605 loading class javax/swing/event/UndoableEditListener done
Event: 2.605 loading class javax/swing/RepaintManager$3
Event: 2.605 loading class javax/swing/RepaintManager$3 done
Event: 2.928 Thread 0x0000028ba63284b0 Thread added: 0x0000028ba63284b0


Dynamic libraries:
0x00007ff7256d0000 - 0x00007ff7256dd000 	C:\Users\hmirz\.p2\pool\plugins\org.eclipse.justj.openjdk.hotspot.jre.full.win32.x86_64_15.0.2.v20210201-0955\jre\bin\javaw.exe
0x00007ff995530000 - 0x00007ff995725000 	C:\WINDOWS\SYSTEM32\ntdll.dll
0x00007ff995400000 - 0x00007ff9954bd000 	C:\WINDOWS\System32\KERNEL32.DLL
0x00007ff992ca0000 - 0x00007ff992f68000 	C:\WINDOWS\System32\KERNELBASE.dll
0x00007ff9930c0000 - 0x00007ff9931c0000 	C:\WINDOWS\System32\ucrtbase.dll
0x00007ff9697c0000 - 0x00007ff9697d8000 	C:\Users\hmirz\.p2\pool\plugins\org.eclipse.justj.openjdk.hotspot.jre.full.win32.x86_64_15.0.2.v20210201-0955\jre\bin\jli.dll
0x00007ff969610000 - 0x00007ff969629000 	C:\Users\hmirz\.p2\pool\plugins\org.eclipse.justj.openjdk.hotspot.jre.full.win32.x86_64_15.0.2.v20210201-0955\jre\bin\VCRUNTIME140.dll
0x00007ff994830000 - 0x00007ff9949d0000 	C:\WINDOWS\System32\USER32.dll
0x00007ff992f70000 - 0x00007ff992f92000 	C:\WINDOWS\System32\win32u.dll
0x00007ff995070000 - 0x00007ff99509a000 	C:\WINDOWS\System32\GDI32.dll
0x00007ff993420000 - 0x00007ff99352b000 	C:\WINDOWS\System32\gdi32full.dll
0x00007ff980d00000 - 0x00007ff980f9a000 	C:\WINDOWS\WinSxS\amd64_microsoft.windows.common-controls_6595b64144ccf1df_6.0.19041.844_none_ca00b6081b84eb1d\COMCTL32.dll
0x00007ff993020000 - 0x00007ff9930bd000 	C:\WINDOWS\System32\msvcp_win.dll
0x00007ff9936e0000 - 0x00007ff99377e000 	C:\WINDOWS\System32\msvcrt.dll
0x00007ff9954c0000 - 0x00007ff9954f0000 	C:\WINDOWS\System32\IMM32.DLL
0x00007ff98c2e0000 - 0x00007ff98c2ec000 	C:\Users\hmirz\.p2\pool\plugins\org.eclipse.justj.openjdk.hotspot.jre.full.win32.x86_64_15.0.2.v20210201-0955\jre\bin\vcruntime140_1.dll
0x00007ff959870000 - 0x00007ff959901000 	C:\Users\hmirz\.p2\pool\plugins\org.eclipse.justj.openjdk.hotspot.jre.full.win32.x86_64_15.0.2.v20210201-0955\jre\bin\msvcp140.dll
0x00007ff94c6f0000 - 0x00007ff94d24e000 	C:\Users\hmirz\.p2\pool\plugins\org.eclipse.justj.openjdk.hotspot.jre.full.win32.x86_64_15.0.2.v20210201-0955\jre\bin\server\jvm.dll
0x00007ff995190000 - 0x00007ff99523c000 	C:\WINDOWS\System32\ADVAPI32.dll
0x00007ff994fd0000 - 0x00007ff99506b000 	C:\WINDOWS\System32\sechost.dll
0x00007ff994ea0000 - 0x00007ff994fcb000 	C:\WINDOWS\System32\RPCRT4.dll
0x00007ff9950a0000 - 0x00007ff9950a8000 	C:\WINDOWS\System32\PSAPI.DLL
0x00007ff98a740000 - 0x00007ff98a74a000 	C:\WINDOWS\SYSTEM32\VERSION.dll
0x00007ff989000000 - 0x00007ff989027000 	C:\WINDOWS\SYSTEM32\WINMM.dll
0x00007ff97e910000 - 0x00007ff97e919000 	C:\WINDOWS\SYSTEM32\WSOCK32.dll
0x00007ff9949d0000 - 0x00007ff994a3b000 	C:\WINDOWS\System32\WS2_32.dll
0x00007ff991540000 - 0x00007ff991552000 	C:\WINDOWS\SYSTEM32\kernel.appcore.dll
0x00007ff97e780000 - 0x00007ff97e78a000 	C:\Users\hmirz\.p2\pool\plugins\org.eclipse.justj.openjdk.hotspot.jre.full.win32.x86_64_15.0.2.v20210201-0955\jre\bin\jimage.dll
0x00007ff990ac0000 - 0x00007ff990ca4000 	C:\WINDOWS\SYSTEM32\DBGHELP.DLL
0x00007ff978950000 - 0x00007ff97897c000 	C:\WINDOWS\SYSTEM32\dbgcore.DLL
0x00007ff992fa0000 - 0x00007ff993020000 	C:\WINDOWS\System32\bcryptPrimitives.dll
0x00007ff97e700000 - 0x00007ff97e725000 	C:\Users\hmirz\.p2\pool\plugins\org.eclipse.justj.openjdk.hotspot.jre.full.win32.x86_64_15.0.2.v20210201-0955\jre\bin\java.dll
0x00007ff97a490000 - 0x00007ff97a4a8000 	C:\Users\hmirz\.p2\pool\plugins\org.eclipse.justj.openjdk.hotspot.jre.full.win32.x86_64_15.0.2.v20210201-0955\jre\bin\zip.dll
0x00007ff993780000 - 0x00007ff993ec2000 	C:\WINDOWS\System32\SHELL32.dll
0x00007ff990da0000 - 0x00007ff991530000 	C:\WINDOWS\SYSTEM32\windows.storage.dll
0x00007ff994a40000 - 0x00007ff994d95000 	C:\WINDOWS\System32\combase.dll
0x00007ff9926e0000 - 0x00007ff99270c000 	C:\WINDOWS\SYSTEM32\Wldp.dll
0x00007ff994060000 - 0x00007ff99410e000 	C:\WINDOWS\System32\SHCORE.dll
0x00007ff994000000 - 0x00007ff994055000 	C:\WINDOWS\System32\shlwapi.dll
0x00007ff992bb0000 - 0x00007ff992bcf000 	C:\WINDOWS\SYSTEM32\profapi.dll
0x00007ff97a470000 - 0x00007ff97a489000 	C:\Users\hmirz\.p2\pool\plugins\org.eclipse.justj.openjdk.hotspot.jre.full.win32.x86_64_15.0.2.v20210201-0955\jre\bin\net.dll
0x00007ff982330000 - 0x00007ff98243b000 	C:\WINDOWS\SYSTEM32\WINHTTP.dll
0x00007ff992450000 - 0x00007ff9924ba000 	C:\WINDOWS\system32\mswsock.dll
0x00007ff97a450000 - 0x00007ff97a462000 	C:\Users\hmirz\.p2\pool\plugins\org.eclipse.justj.openjdk.hotspot.jre.full.win32.x86_64_15.0.2.v20210201-0955\jre\bin\nio.dll
0x00007ff94c2f0000 - 0x00007ff94c46f000 	C:\Users\hmirz\.p2\pool\plugins\org.eclipse.justj.openjdk.hotspot.jre.full.win32.x86_64_15.0.2.v20210201-0955\jre\bin\awt.dll
0x00007ff9942f0000 - 0x00007ff9943bd000 	C:\WINDOWS\System32\OLEAUT32.dll
0x00007ff9900f0000 - 0x00007ff990180000 	C:\WINDOWS\SYSTEM32\apphelp.dll
0x00007ff990230000 - 0x00007ff9902ce000 	C:\WINDOWS\system32\uxtheme.dll
0x00007ff993ed0000 - 0x00007ff993fe5000 	C:\WINDOWS\System32\MSCTF.dll
0x00007ff994110000 - 0x00007ff99423a000 	C:\WINDOWS\System32\ole32.dll
0x00007ff990530000 - 0x00007ff99055f000 	C:\WINDOWS\system32\DWMAPI.DLL
0x00007ff992630000 - 0x00007ff992648000 	C:\WINDOWS\SYSTEM32\CRYPTSP.dll
0x00007ff991d80000 - 0x00007ff991db4000 	C:\WINDOWS\system32\rsaenh.dll
0x00007ff992c70000 - 0x00007ff992c97000 	C:\WINDOWS\System32\bcrypt.dll
0x00007ff992b70000 - 0x00007ff992b9e000 	C:\WINDOWS\SYSTEM32\USERENV.dll
0x00007ff992620000 - 0x00007ff99262c000 	C:\WINDOWS\SYSTEM32\CRYPTBASE.dll
0x00007ff9920f0000 - 0x00007ff99212b000 	C:\WINDOWS\SYSTEM32\IPHLPAPI.DLL
0x00007ff993ff0000 - 0x00007ff993ff8000 	C:\WINDOWS\System32\NSI.dll
0x00007ff98a420000 - 0x00007ff98a437000 	C:\WINDOWS\SYSTEM32\dhcpcsvc6.DLL
0x00007ff98a7a0000 - 0x00007ff98a7bd000 	C:\WINDOWS\SYSTEM32\dhcpcsvc.DLL
0x00007ff992130000 - 0x00007ff9921fc000 	C:\WINDOWS\SYSTEM32\DNSAPI.dll
0x00007ff948430000 - 0x00007ff948556000 	C:\WINDOWS\system32\opengl32.dll
0x00007ff9671a0000 - 0x00007ff9671cc000 	C:\WINDOWS\SYSTEM32\GLU32.dll
0x00007ff98ada0000 - 0x00007ff98af6e000 	C:\WINDOWS\system32\d3d9.dll
0x00007ff9876f0000 - 0x00007ff9877f2000 	C:\WINDOWS\System32\DriverStore\FileRepository\nvlt.inf_amd64_6fdb2f2a4eb90886\nvldumdx.dll
0x00007ff992860000 - 0x00007ff992872000 	C:\WINDOWS\SYSTEM32\msasn1.dll
0x00007ff98a480000 - 0x00007ff98a4b1000 	C:\WINDOWS\SYSTEM32\cryptnet.dll
0x00007ff993210000 - 0x00007ff99336f000 	C:\WINDOWS\System32\CRYPT32.dll
0x00007ff993530000 - 0x00007ff993590000 	C:\WINDOWS\System32\WINTRUST.DLL
0x00007ff994e00000 - 0x00007ff994e1d000 	C:\WINDOWS\System32\imagehlp.dll
0x00007ff93a590000 - 0x00007ff93bd33000 	C:\WINDOWS\System32\DriverStore\FileRepository\nvlt.inf_amd64_6fdb2f2a4eb90886\nvd3dumx.dll
0x00007ff992260000 - 0x00007ff9922ab000 	C:\WINDOWS\SYSTEM32\powrprof.dll
0x00007ff9920d0000 - 0x00007ff9920e2000 	C:\WINDOWS\SYSTEM32\UMPDC.dll
0x00007ff95e900000 - 0x00007ff95ebc4000 	C:\WINDOWS\system32\nvspcap64.dll
0x00007ff9919b0000 - 0x00007ff9919e3000 	C:\WINDOWS\SYSTEM32\ntmarta.dll
0x00007ff991560000 - 0x00007ff991583000 	C:\WINDOWS\SYSTEM32\gpapi.dll
0x00007ff987a20000 - 0x00007ff987a5b000 	C:\WINDOWS\SYSTEM32\dxcore.dll
0x00007ff9931c0000 - 0x00007ff99320e000 	C:\WINDOWS\System32\cfgmgr32.dll
0x00007ff9597e0000 - 0x00007ff959865000 	C:\Users\hmirz\.p2\pool\plugins\org.eclipse.justj.openjdk.hotspot.jre.full.win32.x86_64_15.0.2.v20210201-0955\jre\bin\freetype.dll
0x00007ff94c240000 - 0x00007ff94c2e9000 	C:\Users\hmirz\.p2\pool\plugins\org.eclipse.justj.openjdk.hotspot.jre.full.win32.x86_64_15.0.2.v20210201-0955\jre\bin\fontmanager.dll
0x00007ff994240000 - 0x00007ff9942e9000 	C:\WINDOWS\System32\clbcatq.dll
0x00007ff98a550000 - 0x00007ff98a704000 	C:\WINDOWS\SYSTEM32\WindowsCodecs.dll
0x00007ff981c90000 - 0x00007ff981cce000 	C:\WINDOWS\system32\dataexchange.dll
0x00007ff98e800000 - 0x00007ff98ea64000 	C:\WINDOWS\system32\d3d11.dll
0x00007ff9915b0000 - 0x00007ff9916a4000 	C:\WINDOWS\system32\dxgi.dll
0x00007ff98f5f0000 - 0x00007ff98f7d5000 	C:\WINDOWS\system32\dcomp.dll
0x00007ff98b5c0000 - 0x00007ff98b7c1000 	C:\WINDOWS\system32\twinapi.appcore.dll
0x00007ff987bc0000 - 0x00007ff987cb9000 	C:\WINDOWS\SYSTEM32\textinputframework.dll
0x00007ff98fb60000 - 0x00007ff98febe000 	C:\WINDOWS\System32\CoreUIComponents.dll
0x00007ff98fec0000 - 0x00007ff98ffb2000 	C:\WINDOWS\System32\CoreMessaging.dll
0x00007ff98eed0000 - 0x00007ff98f024000 	C:\WINDOWS\SYSTEM32\wintypes.dll
0x00007ff94dd10000 - 0x00007ff94dd8f000 	C:\Users\hmirz\.p2\pool\plugins\org.eclipse.justj.openjdk.hotspot.jre.full.win32.x86_64_15.0.2.v20210201-0955\jre\bin\mlib_image.dll
0x00007ff980980000 - 0x00007ff980a30000 	C:\WINDOWS\WinSxS\amd64_microsoft.windows.common-controls_6595b64144ccf1df_5.82.19041.844_none_423537bff6b9828c\comctl32.dll
0x00007ff98e330000 - 0x00007ff98e427000 	C:\WINDOWS\SYSTEM32\PROPSYS.dll
0x00007ff969280000 - 0x00007ff969297000 	C:\WINDOWS\system32\NetworkExplorer.dll
0x00007ff98d3a0000 - 0x00007ff98d3bd000 	C:\WINDOWS\SYSTEM32\MPR.dll
0x00007ff982c00000 - 0x00007ff982c0b000 	C:\WINDOWS\System32\drprov.dll
0x00007ff991a60000 - 0x00007ff991aba000 	C:\WINDOWS\System32\WINSTA.dll
0x00007ff96a960000 - 0x00007ff96a978000 	C:\WINDOWS\System32\ntlanman.dll
0x00007ff96a880000 - 0x00007ff96a89e000 	C:\WINDOWS\System32\davclnt.dll
0x00007ff97a3c0000 - 0x00007ff97a3cd000 	C:\WINDOWS\System32\DAVHLPR.dll
0x00007ff991ea0000 - 0x00007ff991eb7000 	C:\WINDOWS\System32\wkscli.dll
0x00007ff974940000 - 0x00007ff974952000 	C:\WINDOWS\SYSTEM32\cscapi.dll
0x00007ff992200000 - 0x00007ff99220c000 	C:\WINDOWS\System32\netutils.dll
0x00007ff95cc40000 - 0x00007ff95cc98000 	C:\Windows\System32\dlnashext.dll
0x00007ff94d2b0000 - 0x00007ff94d314000 	C:\Windows\System32\PlayToDevice.dll
0x00007ff97db60000 - 0x00007ff97db80000 	C:\Windows\System32\DevDispItemProvider.dll
0x00007ff98bc20000 - 0x00007ff98bca5000 	C:\WINDOWS\System32\MMDevApi.dll
0x00007ff992a20000 - 0x00007ff992a4c000 	C:\WINDOWS\System32\DEVOBJ.dll
0x00007ff95fee0000 - 0x00007ff95ff83000 	C:\WINDOWS\system32\wpdshext.dll
0x00007ff980fa0000 - 0x00007ff98114b000 	C:\WINDOWS\WinSxS\amd64_microsoft.windows.gdiplus_6595b64144ccf1df_1.1.19041.928_none_faefac437613c6cc\gdiplus.dll
0x00007ff964810000 - 0x00007ff9648b3000 	C:\Windows\System32\PortableDeviceApi.dll
0x00007ff9943c0000 - 0x00007ff994829000 	C:\WINDOWS\System32\SETUPAPI.dll
0x00007ff9760f0000 - 0x00007ff976127000 	C:\Windows\System32\EhStorShell.dll
0x00007ff9597b0000 - 0x00007ff9597d6000 	C:\Windows\System32\EhStorAPI.dll
0x00007ff98d820000 - 0x00007ff98d834000 	C:\Windows\System32\WTSAPI32.dll
0x00007ff98c640000 - 0x00007ff98c64d000 	C:\WINDOWS\SYSTEM32\LINKINFO.dll

dbghelp: loaded successfully - version: 4.0.5 - missing functions: none
symbol engine: initialized successfully - sym options: 0x614 - pdb path: .;C:\Users\hmirz\.p2\pool\plugins\org.eclipse.justj.openjdk.hotspot.jre.full.win32.x86_64_15.0.2.v20210201-0955\jre\bin;C:\WINDOWS\SYSTEM32;C:\WINDOWS\WinSxS\amd64_microsoft.windows.common-controls_6595b64144ccf1df_6.0.19041.844_none_ca00b6081b84eb1d;C:\Users\hmirz\.p2\pool\plugins\org.eclipse.justj.openjdk.hotspot.jre.full.win32.x86_64_15.0.2.v20210201-0955\jre\bin\server;C:\WINDOWS\System32\DriverStore\FileRepository\nvlt.inf_amd64_6fdb2f2a4eb90886;C:\WINDOWS\WinSxS\amd64_microsoft.windows.common-controls_6595b64144ccf1df_5.82.19041.844_none_423537bff6b9828c;C:\WINDOWS\WinSxS\amd64_microsoft.windows.gdiplus_6595b64144ccf1df_1.1.19041.928_none_faefac437613c6cc

VM Arguments:
jvm_args: -Dfile.encoding=Cp1252 -XX:+ShowCodeDetailsInExceptionMessages 
java_command: MainClass
java_class_path (initial): C:\Users\hmirz\OneDrive\Desktop\JavaEclipse\TurtleGraphics\bin;C:\Users\hmirz\Downloads\TurtleGraphics.jar
Launcher Type: SUN_STANDARD

[Global flags]
     intx CICompilerCount                          = 4                                         {product} {ergonomic}
     uint ConcGCThreads                            = 3                                         {product} {ergonomic}
     uint G1ConcRefinementThreads                  = 10                                        {product} {ergonomic}
   size_t G1HeapRegionSize                         = 2097152                                   {product} {ergonomic}
    uintx GCDrainStackTargetSize                   = 64                                        {product} {ergonomic}
   size_t InitialHeapSize                          = 268435456                                 {product} {ergonomic}
   size_t MarkStackSize                            = 4194304                                   {product} {ergonomic}
   size_t MaxHeapSize                              = 4271898624                                {product} {ergonomic}
   size_t MaxNewSize                               = 2562719744                                {product} {ergonomic}
   size_t MinHeapDeltaBytes                        = 2097152                                   {product} {ergonomic}
   size_t MinHeapSize                              = 8388608                                   {product} {ergonomic}
    uintx NonNMethodCodeHeapSize                   = 5839372                                {pd product} {ergonomic}
    uintx NonProfiledCodeHeapSize                  = 122909434                              {pd product} {ergonomic}
    uintx ProfiledCodeHeapSize                     = 122909434                              {pd product} {ergonomic}
    uintx ReservedCodeCacheSize                    = 251658240                              {pd product} {ergonomic}
     bool SegmentedCodeCache                       = true                                      {product} {ergonomic}
     bool ShowCodeDetailsInExceptionMessages       = true                                   {manageable} {command line}
   size_t SoftMaxHeapSize                          = 4271898624                             {manageable} {ergonomic}
     bool UseCompressedClassPointers               = true                                 {lp64_product} {ergonomic}
     bool UseCompressedOops                        = true                                 {lp64_product} {ergonomic}
     bool UseG1GC                                  = true                                      {product} {ergonomic}
     bool UseLargePagesIndividualAllocation        = false                                  {pd product} {ergonomic}

Logging:
Log output configuration:
 #0: stdout all=warning uptime,level,tags
 #1: stderr all=off uptime,level,tags

Environment Variables:
PATH=C:/Users/hmirz/.p2/pool/plugins/org.eclipse.justj.openjdk.hotspot.jre.full.win32.x86_64_15.0.2.v20210201-0955/jre/bin/server;C:/Users/hmirz/.p2/pool/plugins/org.eclipse.justj.openjdk.hotspot.jre.full.win32.x86_64_15.0.2.v20210201-0955/jre/bin;C:\Windows\system32;C:\Windows;C:\Windows\System32\Wbem;C:\Windows\System32\WindowsPowerShell\v1.0\;C:\Windows\System32\OpenSSH\;C:\Program Files (x86)\NVIDIA Corporation\PhysX\Common;C:\Program Files\NVIDIA Corporation\NVIDIA NvDLISR;C:\Program Files\;C:\Users\hmirz\Downloads\php-7.4.15-nts-Win32-vc15-x64;C:\WINDOWS\system32;C:\WINDOWS;C:\WINDOWS\System32\Wbem;C:\WINDOWS\System32\WindowsPowerShell\v1.0\;C:\WINDOWS\System32\OpenSSH\;C:\Users\hmirz\AppData\Local\Microsoft\WindowsApps;;C:\Users\hmirz\AppData\Local\Programs\Microsoft VS Code\bin;C:\Users\hmirz\AppData\Roaming\npm;C:\Program Files (x86)\GitHub CLI\;C:\Users\hmirz\AppData\Roaming\Composer\vendor\bin;C:\Users\hmirz\OneDrive\Desktop;
USERNAME=hmirz
OS=Windows_NT
PROCESSOR_IDENTIFIER=Intel64 Family 6 Model 165 Stepping 2, GenuineIntel



---------------  S Y S T E M  ---------------

OS:
 Windows 10 , 64 bit Build 19041 (10.0.19041.928)
OS uptime: 7 days 5:12 hours

CPU: total 12 (initial active 12) (6 cores per cpu, 2 threads per core) family 6 model 165 stepping 2 microcode 0xc8, cmov, cx8, fxsr, mmx, sse, sse2, sse3, ssse3, sse4.1, sse4.2, popcnt, vzeroupper, avx, avx2, aes, clmul, erms, 3dnowpref, lzcnt, ht, tsc, tscinvbit, bmi1, bmi2, adx, fma, clflush, clflushopt

Memory: 4k page, system-wide physical 16291M (2230M free)
TotalPageFile size 46656M (AvailPageFile size 5M)
current process WorkingSet (physical memory assigned to process): 190M, peak: 190M
current process commit charge ("private bytes"): 516M, peak: 516M

vm_info: OpenJDK 64-Bit Server VM (15.0.2+7-27) for windows-amd64 JRE (15.0.2+7-27), built on Dec  7 2020 20:02:38 by "mach5one" with unknown MS VC++:1925

END.
